CRITICAL - 2025-05-09 08:18:36 --> Undefined property: App\Controllers\Mentoring::$db
#0 C:\xampp7\htdocs\perawat\app\Controllers\Mentoring.php(174): CodeIgniter\Debug\Exceptions->errorHandler(8, 'Undefined prope...', 'C:\\xampp7\\htdoc...', 174, Array)
#1 C:\xampp7\htdocs\perawat\vendor\codeigniter4\framework\system\CodeIgniter.php(802): App\Controllers\Mentoring->tambah_kompetensi()
#2 C:\xampp7\htdocs\perawat\vendor\codeigniter4\framework\system\CodeIgniter.php(399): CodeIgniter\CodeIgniter->runController(Object(App\Controllers\Mentoring))
#3 C:\xampp7\htdocs\perawat\vendor\codeigniter4\framework\system\CodeIgniter.php(317): CodeIgniter\CodeIgniter->handleRequest(NULL, Object(Config\Cache), false)
#4 C:\xampp7\htdocs\perawat\public\index.php(40): CodeIgniter\CodeIgniter->run()
#5 C:\xampp7\htdocs\perawat\vendor\codeigniter4\framework\system\Commands\Server\rewrite.php(43): require_once('C:\\xampp7\\htdoc...')
#6 {main}
CRITICAL - 2025-05-09 08:21:25 --> Undefined variable: kategori
#0 C:\xampp7\htdocs\perawat\app\Views\layout\form_prapk.php(43): CodeIgniter\Debug\Exceptions->errorHandler(8, 'Undefined varia...', 'C:\\xampp7\\htdoc...', 43, Array)
#1 C:\xampp7\htdocs\perawat\vendor\codeigniter4\framework\system\View\View.php(214): include('C:\\xampp7\\htdoc...')
#2 C:\xampp7\htdocs\perawat\vendor\codeigniter4\framework\system\View\View.php(217): CodeIgniter\View\View->CodeIgniter\View\{closure}()
#3 C:\xampp7\htdocs\perawat\vendor\codeigniter4\framework\system\Common.php(1092): CodeIgniter\View\View->render('layout/form_pra...', Array, true)
#4 C:\xampp7\htdocs\perawat\app\Controllers\Mentoring.php(114): view('layout/form_pra...', Array)
#5 C:\xampp7\htdocs\perawat\vendor\codeigniter4\framework\system\CodeIgniter.php(802): App\Controllers\Mentoring->form('59')
#6 C:\xampp7\htdocs\perawat\vendor\codeigniter4\framework\system\CodeIgniter.php(399): CodeIgniter\CodeIgniter->runController(Object(App\Controllers\Mentoring))
#7 C:\xampp7\htdocs\perawat\vendor\codeigniter4\framework\system\CodeIgniter.php(317): CodeIgniter\CodeIgniter->handleRequest(NULL, Object(Config\Cache), false)
#8 C:\xampp7\htdocs\perawat\public\index.php(40): CodeIgniter\CodeIgniter->run()
#9 C:\xampp7\htdocs\perawat\vendor\codeigniter4\framework\system\Commands\Server\rewrite.php(43): require_once('C:\\xampp7\\htdoc...')
#10 {main}
ERROR - 2025-05-09 08:24:59 --> Column 'kompetensi' cannot be null
CRITICAL - 2025-05-09 08:24:59 --> Column 'kompetensi' cannot be null
#0 C:\xampp7\htdocs\perawat\vendor\codeigniter4\framework\system\Database\MySQLi\Connection.php(280): mysqli->query('INSERT INTO `ta...')
#1 C:\xampp7\htdocs\perawat\vendor\codeigniter4\framework\system\Database\BaseConnection.php(663): CodeIgniter\Database\MySQLi\Connection->execute('INSERT INTO `ta...')
#2 C:\xampp7\htdocs\perawat\vendor\codeigniter4\framework\system\Database\BaseConnection.php(591): CodeIgniter\Database\BaseConnection->simpleQuery('INSERT INTO `ta...')
#3 C:\xampp7\htdocs\perawat\vendor\codeigniter4\framework\system\Database\BaseBuilder.php(1733): CodeIgniter\Database\BaseConnection->query('INSERT INTO `ta...', Array, false)
#4 C:\xampp7\htdocs\perawat\vendor\codeigniter4\framework\system\Model.php(239): CodeIgniter\Database\BaseBuilder->insert()
#5 C:\xampp7\htdocs\perawat\vendor\codeigniter4\framework\system\BaseModel.php(738): CodeIgniter\Model->doInsert(Array)
#6 C:\xampp7\htdocs\perawat\vendor\codeigniter4\framework\system\Model.php(620): CodeIgniter\BaseModel->insert(Array, true)
#7 C:\xampp7\htdocs\perawat\app\Controllers\Mentoring.php(212): CodeIgniter\Model->insert(Array)
#8 C:\xampp7\htdocs\perawat\vendor\codeigniter4\framework\system\CodeIgniter.php(802): App\Controllers\Mentoring->tambah_kategori()
#9 C:\xampp7\htdocs\perawat\vendor\codeigniter4\framework\system\CodeIgniter.php(399): CodeIgniter\CodeIgniter->runController(Object(App\Controllers\Mentoring))
#10 C:\xampp7\htdocs\perawat\vendor\codeigniter4\framework\system\CodeIgniter.php(317): CodeIgniter\CodeIgniter->handleRequest(NULL, Object(Config\Cache), false)
#11 C:\xampp7\htdocs\perawat\public\index.php(40): CodeIgniter\CodeIgniter->run()
#12 C:\xampp7\htdocs\perawat\vendor\codeigniter4\framework\system\Commands\Server\rewrite.php(43): require_once('C:\\xampp7\\htdoc...')
#13 {main}
CRITICAL - 2025-05-09 09:01:04 --> Undefined variable: session
#0 C:\xampp7\htdocs\perawat\app\Views\layout\form_prapk.php(14): CodeIgniter\Debug\Exceptions->errorHandler(8, 'Undefined varia...', 'C:\\xampp7\\htdoc...', 14, Array)
#1 C:\xampp7\htdocs\perawat\vendor\codeigniter4\framework\system\View\View.php(214): include('C:\\xampp7\\htdoc...')
#2 C:\xampp7\htdocs\perawat\vendor\codeigniter4\framework\system\View\View.php(217): CodeIgniter\View\View->CodeIgniter\View\{closure}()
#3 C:\xampp7\htdocs\perawat\vendor\codeigniter4\framework\system\Common.php(1092): CodeIgniter\View\View->render('layout/form_pra...', Array, true)
#4 C:\xampp7\htdocs\perawat\app\Controllers\Mentoring.php(114): view('layout/form_pra...', Array)
#5 C:\xampp7\htdocs\perawat\vendor\codeigniter4\framework\system\CodeIgniter.php(802): App\Controllers\Mentoring->form('59')
#6 C:\xampp7\htdocs\perawat\vendor\codeigniter4\framework\system\CodeIgniter.php(399): CodeIgniter\CodeIgniter->runController(Object(App\Controllers\Mentoring))
#7 C:\xampp7\htdocs\perawat\vendor\codeigniter4\framework\system\CodeIgniter.php(317): CodeIgniter\CodeIgniter->handleRequest(NULL, Object(Config\Cache), false)
#8 C:\xampp7\htdocs\perawat\public\index.php(40): CodeIgniter\CodeIgniter->run()
#9 C:\xampp7\htdocs\perawat\vendor\codeigniter4\framework\system\Commands\Server\rewrite.php(43): require_once('C:\\xampp7\\htdoc...')
#10 {main}
CRITICAL - 2025-05-09 09:01:11 --> Undefined variable: session
#0 C:\xampp7\htdocs\perawat\app\Views\layout\form_prapk.php(14): CodeIgniter\Debug\Exceptions->errorHandler(8, 'Undefined varia...', 'C:\\xampp7\\htdoc...', 14, Array)
#1 C:\xampp7\htdocs\perawat\vendor\codeigniter4\framework\system\View\View.php(214): include('C:\\xampp7\\htdoc...')
#2 C:\xampp7\htdocs\perawat\vendor\codeigniter4\framework\system\View\View.php(217): CodeIgniter\View\View->CodeIgniter\View\{closure}()
#3 C:\xampp7\htdocs\perawat\vendor\codeigniter4\framework\system\Common.php(1092): CodeIgniter\View\View->render('layout/form_pra...', Array, true)
#4 C:\xampp7\htdocs\perawat\app\Controllers\Mentoring.php(114): view('layout/form_pra...', Array)
#5 C:\xampp7\htdocs\perawat\vendor\codeigniter4\framework\system\CodeIgniter.php(802): App\Controllers\Mentoring->form('59')
#6 C:\xampp7\htdocs\perawat\vendor\codeigniter4\framework\system\CodeIgniter.php(399): CodeIgniter\CodeIgniter->runController(Object(App\Controllers\Mentoring))
#7 C:\xampp7\htdocs\perawat\vendor\codeigniter4\framework\system\CodeIgniter.php(317): CodeIgniter\CodeIgniter->handleRequest(NULL, Object(Config\Cache), false)
#8 C:\xampp7\htdocs\perawat\public\index.php(40): CodeIgniter\CodeIgniter->run()
#9 C:\xampp7\htdocs\perawat\vendor\codeigniter4\framework\system\Commands\Server\rewrite.php(43): require_once('C:\\xampp7\\htdoc...')
#10 {main}
