CRITICAL - 2025-05-20 10:36:14 --> Undefined variable: mentorOptions
#0 C:\xampp7\htdocs\perawat\app\Views\layout\dashboardkaru.php(73): CodeIgniter\Debug\Exceptions->errorHandler(8, 'Undefined varia...', 'C:\\xampp7\\htdoc...', 73, Array)
#1 C:\xampp7\htdocs\perawat\vendor\codeigniter4\framework\system\View\View.php(214): include('C:\\xampp7\\htdoc...')
#2 C:\xampp7\htdocs\perawat\vendor\codeigniter4\framework\system\View\View.php(217): CodeIgniter\View\View->CodeIgniter\View\{closure}()
#3 C:\xampp7\htdocs\perawat\vendor\codeigniter4\framework\system\Common.php(1092): CodeIgniter\View\View->render('layout/dashboar...', Array, true)
#4 C:\xampp7\htdocs\perawat\app\Controllers\Dashboardkaru.php(29): view('layout/dashboar...', Array)
#5 C:\xampp7\htdocs\perawat\vendor\codeigniter4\framework\system\CodeIgniter.php(802): App\Controllers\Dashboardkaru->index()
#6 C:\xampp7\htdocs\perawat\vendor\codeigniter4\framework\system\CodeIgniter.php(399): CodeIgniter\CodeIgniter->runController(Object(App\Controllers\Dashboardkaru))
#7 C:\xampp7\htdocs\perawat\vendor\codeigniter4\framework\system\CodeIgniter.php(317): CodeIgniter\CodeIgniter->handleRequest(NULL, Object(Config\Cache), false)
#8 C:\xampp7\htdocs\perawat\public\index.php(40): CodeIgniter\CodeIgniter->run()
#9 C:\xampp7\htdocs\perawat\vendor\codeigniter4\framework\system\Commands\Server\rewrite.php(43): require_once('C:\\xampp7\\htdoc...')
#10 {main}
CRITICAL - 2025-05-20 10:53:33 --> Undefined variable: userData
#0 C:\xampp7\htdocs\perawat\app\Views\layout\dashboardkaru.php(44): CodeIgniter\Debug\Exceptions->errorHandler(8, 'Undefined varia...', 'C:\\xampp7\\htdoc...', 44, Array)
#1 C:\xampp7\htdocs\perawat\vendor\codeigniter4\framework\system\View\View.php(214): include('C:\\xampp7\\htdoc...')
#2 C:\xampp7\htdocs\perawat\vendor\codeigniter4\framework\system\View\View.php(217): CodeIgniter\View\View->CodeIgniter\View\{closure}()
#3 C:\xampp7\htdocs\perawat\vendor\codeigniter4\framework\system\Common.php(1092): CodeIgniter\View\View->render('layout/dashboar...', Array, true)
#4 C:\xampp7\htdocs\perawat\app\Controllers\Dashboardkaru.php(29): view('layout/dashboar...', Array)
#5 C:\xampp7\htdocs\perawat\vendor\codeigniter4\framework\system\CodeIgniter.php(802): App\Controllers\Dashboardkaru->index()
#6 C:\xampp7\htdocs\perawat\vendor\codeigniter4\framework\system\CodeIgniter.php(399): CodeIgniter\CodeIgniter->runController(Object(App\Controllers\Dashboardkaru))
#7 C:\xampp7\htdocs\perawat\vendor\codeigniter4\framework\system\CodeIgniter.php(317): CodeIgniter\CodeIgniter->handleRequest(NULL, Object(Config\Cache), false)
#8 C:\xampp7\htdocs\perawat\public\index.php(40): CodeIgniter\CodeIgniter->run()
#9 C:\xampp7\htdocs\perawat\vendor\codeigniter4\framework\system\Commands\Server\rewrite.php(43): require_once('C:\\xampp7\\htdoc...')
#10 {main}
CRITICAL - 2025-05-20 10:53:45 --> Undefined variable: form
#0 C:\xampp7\htdocs\perawat\app\Views\layout\dashboardkaru.php(44): CodeIgniter\Debug\Exceptions->errorHandler(8, 'Undefined varia...', 'C:\\xampp7\\htdoc...', 44, Array)
#1 C:\xampp7\htdocs\perawat\vendor\codeigniter4\framework\system\View\View.php(214): include('C:\\xampp7\\htdoc...')
#2 C:\xampp7\htdocs\perawat\vendor\codeigniter4\framework\system\View\View.php(217): CodeIgniter\View\View->CodeIgniter\View\{closure}()
#3 C:\xampp7\htdocs\perawat\vendor\codeigniter4\framework\system\Common.php(1092): CodeIgniter\View\View->render('layout/dashboar...', Array, true)
#4 C:\xampp7\htdocs\perawat\app\Controllers\Dashboardkaru.php(29): view('layout/dashboar...', Array)
#5 C:\xampp7\htdocs\perawat\vendor\codeigniter4\framework\system\CodeIgniter.php(802): App\Controllers\Dashboardkaru->index()
#6 C:\xampp7\htdocs\perawat\vendor\codeigniter4\framework\system\CodeIgniter.php(399): CodeIgniter\CodeIgniter->runController(Object(App\Controllers\Dashboardkaru))
#7 C:\xampp7\htdocs\perawat\vendor\codeigniter4\framework\system\CodeIgniter.php(317): CodeIgniter\CodeIgniter->handleRequest(NULL, Object(Config\Cache), false)
#8 C:\xampp7\htdocs\perawat\public\index.php(40): CodeIgniter\CodeIgniter->run()
#9 C:\xampp7\htdocs\perawat\vendor\codeigniter4\framework\system\Commands\Server\rewrite.php(43): require_once('C:\\xampp7\\htdoc...')
#10 {main}
CRITICAL - 2025-05-20 10:53:53 --> Cannot use object of type App\Entities\Output as array
#0 C:\xampp7\htdocs\perawat\vendor\codeigniter4\framework\system\View\View.php(214): include()
#1 C:\xampp7\htdocs\perawat\vendor\codeigniter4\framework\system\View\View.php(217): CodeIgniter\View\View->CodeIgniter\View\{closure}()
#2 C:\xampp7\htdocs\perawat\vendor\codeigniter4\framework\system\Common.php(1092): CodeIgniter\View\View->render('layout/dashboar...', Array, true)
#3 C:\xampp7\htdocs\perawat\app\Controllers\Dashboardkaru.php(29): view('layout/dashboar...', Array)
#4 C:\xampp7\htdocs\perawat\vendor\codeigniter4\framework\system\CodeIgniter.php(802): App\Controllers\Dashboardkaru->index()
#5 C:\xampp7\htdocs\perawat\vendor\codeigniter4\framework\system\CodeIgniter.php(399): CodeIgniter\CodeIgniter->runController(Object(App\Controllers\Dashboardkaru))
#6 C:\xampp7\htdocs\perawat\vendor\codeigniter4\framework\system\CodeIgniter.php(317): CodeIgniter\CodeIgniter->handleRequest(NULL, Object(Config\Cache), false)
#7 C:\xampp7\htdocs\perawat\public\index.php(40): CodeIgniter\CodeIgniter->run()
#8 C:\xampp7\htdocs\perawat\vendor\codeigniter4\framework\system\Commands\Server\rewrite.php(43): require_once('C:\\xampp7\\htdoc...')
#9 {main}
CRITICAL - 2025-05-20 11:10:48 --> Undefined property: App\Controllers\Dashboardkaru::$userMentorAksesModel
#0 C:\xampp7\htdocs\perawat\app\Controllers\Dashboardkaru.php(49): CodeIgniter\Debug\Exceptions->errorHandler(8, 'Undefined prope...', 'C:\\xampp7\\htdoc...', 49, Array)
#1 C:\xampp7\htdocs\perawat\vendor\codeigniter4\framework\system\CodeIgniter.php(802): App\Controllers\Dashboardkaru->resume_mentoring('61')
#2 C:\xampp7\htdocs\perawat\vendor\codeigniter4\framework\system\CodeIgniter.php(399): CodeIgniter\CodeIgniter->runController(Object(App\Controllers\Dashboardkaru))
#3 C:\xampp7\htdocs\perawat\vendor\codeigniter4\framework\system\CodeIgniter.php(317): CodeIgniter\CodeIgniter->handleRequest(NULL, Object(Config\Cache), false)
#4 C:\xampp7\htdocs\perawat\public\index.php(40): CodeIgniter\CodeIgniter->run()
#5 C:\xampp7\htdocs\perawat\vendor\codeigniter4\framework\system\Commands\Server\rewrite.php(43): require_once('C:\\xampp7\\htdoc...')
#6 {main}
CRITICAL - 2025-05-20 13:27:21 --> Cannot use object of type App\Entities\Output as array
#0 C:\xampp7\htdocs\perawat\vendor\codeigniter4\framework\system\CodeIgniter.php(802): App\Controllers\Mentoring->buat_form('58')
#1 C:\xampp7\htdocs\perawat\vendor\codeigniter4\framework\system\CodeIgniter.php(399): CodeIgniter\CodeIgniter->runController(Object(App\Controllers\Mentoring))
#2 C:\xampp7\htdocs\perawat\vendor\codeigniter4\framework\system\CodeIgniter.php(317): CodeIgniter\CodeIgniter->handleRequest(NULL, Object(Config\Cache), false)
#3 C:\xampp7\htdocs\perawat\public\index.php(40): CodeIgniter\CodeIgniter->run()
#4 C:\xampp7\htdocs\perawat\vendor\codeigniter4\framework\system\Commands\Server\rewrite.php(43): require_once('C:\\xampp7\\htdoc...')
#5 {main}
CRITICAL - 2025-05-20 15:35:28 --> Undefined index: hasil_aktual
#0 C:\xampp7\htdocs\perawat\app\Views\admin\kelolakinerja.php(76): CodeIgniter\Debug\Exceptions->errorHandler(8, 'Undefined index...', 'C:\\xampp7\\htdoc...', 76, Array)
#1 C:\xampp7\htdocs\perawat\vendor\codeigniter4\framework\system\View\View.php(214): include('C:\\xampp7\\htdoc...')
#2 C:\xampp7\htdocs\perawat\vendor\codeigniter4\framework\system\View\View.php(217): CodeIgniter\View\View->CodeIgniter\View\{closure}()
#3 C:\xampp7\htdocs\perawat\vendor\codeigniter4\framework\system\Common.php(1092): CodeIgniter\View\View->render('admin/kelolaeki...', Array, true)
#4 C:\xampp7\htdocs\perawat\app\Controllers\Admin\Mankinerja.php(55): view('admin/kelolaeki...', Array)
#5 C:\xampp7\htdocs\perawat\vendor\codeigniter4\framework\system\CodeIgniter.php(802): App\Controllers\Admin\Mankinerja->index()
#6 C:\xampp7\htdocs\perawat\vendor\codeigniter4\framework\system\CodeIgniter.php(399): CodeIgniter\CodeIgniter->runController(Object(App\Controllers\Admin\Mankinerja))
#7 C:\xampp7\htdocs\perawat\vendor\codeigniter4\framework\system\CodeIgniter.php(317): CodeIgniter\CodeIgniter->handleRequest(NULL, Object(Config\Cache), false)
#8 C:\xampp7\htdocs\perawat\public\index.php(40): CodeIgniter\CodeIgniter->run()
#9 C:\xampp7\htdocs\perawat\vendor\codeigniter4\framework\system\Commands\Server\rewrite.php(43): require_once('C:\\xampp7\\htdoc...')
#10 {main}
CRITICAL - 2025-05-20 15:36:46 --> Undefined index: hasil_aktual
#0 C:\xampp7\htdocs\perawat\app\Views\admin\kelolakinerja.php(76): CodeIgniter\Debug\Exceptions->errorHandler(8, 'Undefined index...', 'C:\\xampp7\\htdoc...', 76, Array)
#1 C:\xampp7\htdocs\perawat\vendor\codeigniter4\framework\system\View\View.php(214): include('C:\\xampp7\\htdoc...')
#2 C:\xampp7\htdocs\perawat\vendor\codeigniter4\framework\system\View\View.php(217): CodeIgniter\View\View->CodeIgniter\View\{closure}()
#3 C:\xampp7\htdocs\perawat\vendor\codeigniter4\framework\system\Common.php(1092): CodeIgniter\View\View->render('admin/kelolaeki...', Array, true)
#4 C:\xampp7\htdocs\perawat\app\Controllers\Admin\Mankinerja.php(55): view('admin/kelolaeki...', Array)
#5 C:\xampp7\htdocs\perawat\vendor\codeigniter4\framework\system\CodeIgniter.php(802): App\Controllers\Admin\Mankinerja->index()
#6 C:\xampp7\htdocs\perawat\vendor\codeigniter4\framework\system\CodeIgniter.php(399): CodeIgniter\CodeIgniter->runController(Object(App\Controllers\Admin\Mankinerja))
#7 C:\xampp7\htdocs\perawat\vendor\codeigniter4\framework\system\CodeIgniter.php(317): CodeIgniter\CodeIgniter->handleRequest(NULL, Object(Config\Cache), false)
#8 C:\xampp7\htdocs\perawat\public\index.php(40): CodeIgniter\CodeIgniter->run()
#9 C:\xampp7\htdocs\perawat\vendor\codeigniter4\framework\system\Commands\Server\rewrite.php(43): require_once('C:\\xampp7\\htdoc...')
#10 {main}
CRITICAL - 2025-05-20 15:37:52 --> Undefined index: hasil_aktual
#0 C:\xampp7\htdocs\perawat\app\Views\admin\kelolakinerja.php(76): CodeIgniter\Debug\Exceptions->errorHandler(8, 'Undefined index...', 'C:\\xampp7\\htdoc...', 76, Array)
#1 C:\xampp7\htdocs\perawat\vendor\codeigniter4\framework\system\View\View.php(214): include('C:\\xampp7\\htdoc...')
#2 C:\xampp7\htdocs\perawat\vendor\codeigniter4\framework\system\View\View.php(217): CodeIgniter\View\View->CodeIgniter\View\{closure}()
#3 C:\xampp7\htdocs\perawat\vendor\codeigniter4\framework\system\Common.php(1092): CodeIgniter\View\View->render('admin/kelolaeki...', Array, true)
#4 C:\xampp7\htdocs\perawat\app\Controllers\Admin\Mankinerja.php(55): view('admin/kelolaeki...', Array)
#5 C:\xampp7\htdocs\perawat\vendor\codeigniter4\framework\system\CodeIgniter.php(802): App\Controllers\Admin\Mankinerja->index()
#6 C:\xampp7\htdocs\perawat\vendor\codeigniter4\framework\system\CodeIgniter.php(399): CodeIgniter\CodeIgniter->runController(Object(App\Controllers\Admin\Mankinerja))
#7 C:\xampp7\htdocs\perawat\vendor\codeigniter4\framework\system\CodeIgniter.php(317): CodeIgniter\CodeIgniter->handleRequest(NULL, Object(Config\Cache), false)
#8 C:\xampp7\htdocs\perawat\public\index.php(40): CodeIgniter\CodeIgniter->run()
#9 C:\xampp7\htdocs\perawat\vendor\codeigniter4\framework\system\Commands\Server\rewrite.php(43): require_once('C:\\xampp7\\htdoc...')
#10 {main}
CRITICAL - 2025-05-20 15:40:34 --> Undefined property: App\Controllers\Admin\Mankinerja::$hasilKinerjaModel
#0 C:\xampp7\htdocs\perawat\app\Controllers\Admin\Mankinerja.php(102): CodeIgniter\Debug\Exceptions->errorHandler(8, 'Undefined prope...', 'C:\\xampp7\\htdoc...', 102, Array)
#1 C:\xampp7\htdocs\perawat\vendor\codeigniter4\framework\system\CodeIgniter.php(802): App\Controllers\Admin\Mankinerja->ajax_update_field()
#2 C:\xampp7\htdocs\perawat\vendor\codeigniter4\framework\system\CodeIgniter.php(399): CodeIgniter\CodeIgniter->runController(Object(App\Controllers\Admin\Mankinerja))
#3 C:\xampp7\htdocs\perawat\vendor\codeigniter4\framework\system\CodeIgniter.php(317): CodeIgniter\CodeIgniter->handleRequest(NULL, Object(Config\Cache), false)
#4 C:\xampp7\htdocs\perawat\public\index.php(40): CodeIgniter\CodeIgniter->run()
#5 C:\xampp7\htdocs\perawat\vendor\codeigniter4\framework\system\Commands\Server\rewrite.php(43): require_once('C:\\xampp7\\htdoc...')
#6 {main}
CRITICAL - 2025-05-20 23:57:29 --> Undefined variable: userData
#0 C:\xampp7\htdocs\perawat\app\Views\layout\daftar_pelatihan_perawat.php(14): CodeIgniter\Debug\Exceptions->errorHandler(8, 'Undefined varia...', 'C:\\xampp7\\htdoc...', 14, Array)
#1 C:\xampp7\htdocs\perawat\vendor\codeigniter4\framework\system\View\View.php(214): include('C:\\xampp7\\htdoc...')
#2 C:\xampp7\htdocs\perawat\vendor\codeigniter4\framework\system\View\View.php(217): CodeIgniter\View\View->CodeIgniter\View\{closure}()
#3 C:\xampp7\htdocs\perawat\vendor\codeigniter4\framework\system\Common.php(1092): CodeIgniter\View\View->render('/layout/daftar_...', Array, true)
#4 C:\xampp7\htdocs\perawat\app\Controllers\Pelatihan.php(82): view('/layout/daftar_...', Array)
#5 C:\xampp7\htdocs\perawat\vendor\codeigniter4\framework\system\CodeIgniter.php(802): App\Controllers\Pelatihan->index()
#6 C:\xampp7\htdocs\perawat\vendor\codeigniter4\framework\system\CodeIgniter.php(399): CodeIgniter\CodeIgniter->runController(Object(App\Controllers\Pelatihan))
#7 C:\xampp7\htdocs\perawat\vendor\codeigniter4\framework\system\CodeIgniter.php(317): CodeIgniter\CodeIgniter->handleRequest(NULL, Object(Config\Cache), false)
#8 C:\xampp7\htdocs\perawat\public\index.php(40): CodeIgniter\CodeIgniter->run()
#9 C:\xampp7\htdocs\perawat\vendor\codeigniter4\framework\system\Commands\Server\rewrite.php(43): require_once('C:\\xampp7\\htdoc...')
#10 {main}
CRITICAL - 2025-05-20 23:57:30 --> Undefined variable: userData
#0 C:\xampp7\htdocs\perawat\app\Views\layout\daftar_pelatihan_perawat.php(14): CodeIgniter\Debug\Exceptions->errorHandler(8, 'Undefined varia...', 'C:\\xampp7\\htdoc...', 14, Array)
#1 C:\xampp7\htdocs\perawat\vendor\codeigniter4\framework\system\View\View.php(214): include('C:\\xampp7\\htdoc...')
#2 C:\xampp7\htdocs\perawat\vendor\codeigniter4\framework\system\View\View.php(217): CodeIgniter\View\View->CodeIgniter\View\{closure}()
#3 C:\xampp7\htdocs\perawat\vendor\codeigniter4\framework\system\Common.php(1092): CodeIgniter\View\View->render('/layout/daftar_...', Array, true)
#4 C:\xampp7\htdocs\perawat\app\Controllers\Pelatihan.php(82): view('/layout/daftar_...', Array)
#5 C:\xampp7\htdocs\perawat\vendor\codeigniter4\framework\system\CodeIgniter.php(802): App\Controllers\Pelatihan->index()
#6 C:\xampp7\htdocs\perawat\vendor\codeigniter4\framework\system\CodeIgniter.php(399): CodeIgniter\CodeIgniter->runController(Object(App\Controllers\Pelatihan))
#7 C:\xampp7\htdocs\perawat\vendor\codeigniter4\framework\system\CodeIgniter.php(317): CodeIgniter\CodeIgniter->handleRequest(NULL, Object(Config\Cache), false)
#8 C:\xampp7\htdocs\perawat\public\index.php(40): CodeIgniter\CodeIgniter->run()
#9 C:\xampp7\htdocs\perawat\vendor\codeigniter4\framework\system\Commands\Server\rewrite.php(43): require_once('C:\\xampp7\\htdoc...')
#10 {main}
CRITICAL - 2025-05-20 23:59:30 --> Undefined variable: users
#0 C:\xampp7\htdocs\perawat\app\Views\layout\daftar_pelatihan_perawat.php(31): CodeIgniter\Debug\Exceptions->errorHandler(8, 'Undefined varia...', 'C:\\xampp7\\htdoc...', 31, Array)
#1 C:\xampp7\htdocs\perawat\vendor\codeigniter4\framework\system\View\View.php(214): include('C:\\xampp7\\htdoc...')
#2 C:\xampp7\htdocs\perawat\vendor\codeigniter4\framework\system\View\View.php(217): CodeIgniter\View\View->CodeIgniter\View\{closure}()
#3 C:\xampp7\htdocs\perawat\vendor\codeigniter4\framework\system\Common.php(1092): CodeIgniter\View\View->render('/layout/daftar_...', Array, true)
#4 C:\xampp7\htdocs\perawat\app\Controllers\Pelatihan.php(82): view('/layout/daftar_...', Array)
#5 C:\xampp7\htdocs\perawat\vendor\codeigniter4\framework\system\CodeIgniter.php(802): App\Controllers\Pelatihan->index()
#6 C:\xampp7\htdocs\perawat\vendor\codeigniter4\framework\system\CodeIgniter.php(399): CodeIgniter\CodeIgniter->runController(Object(App\Controllers\Pelatihan))
#7 C:\xampp7\htdocs\perawat\vendor\codeigniter4\framework\system\CodeIgniter.php(317): CodeIgniter\CodeIgniter->handleRequest(NULL, Object(Config\Cache), false)
#8 C:\xampp7\htdocs\perawat\public\index.php(40): CodeIgniter\CodeIgniter->run()
#9 C:\xampp7\htdocs\perawat\vendor\codeigniter4\framework\system\Commands\Server\rewrite.php(43): require_once('C:\\xampp7\\htdoc...')
#10 {main}
