CRITICAL - 2021-10-17 00:19:35 --> Undefined variable: session
#0 C:\xampp\htdocs\login_v414\app\Views\shared_page\template.php(29): CodeIgniter\Debug\Exceptions->errorHandler(8, 'Undefined varia...', 'C:\\xampp\\htdocs...', 29, Array)
#1 C:\xampp\htdocs\login_v414\vendor\codeigniter4\framework\system\View\View.php(214): include('C:\\xampp\\htdocs...')
#2 C:\xampp\htdocs\login_v414\vendor\codeigniter4\framework\system\View\View.php(217): CodeIgniter\View\View->CodeIgniter\View\{closure}()
#3 C:\xampp\htdocs\login_v414\vendor\codeigniter4\framework\system\View\View.php(230): CodeIgniter\View\View->render('shared_page/tem...', Array, true)
#4 C:\xampp\htdocs\login_v414\vendor\codeigniter4\framework\system\Common.php(1092): CodeIgniter\View\View->render('admin/kelolause...', Array, true)
#5 C:\xampp\htdocs\login_v414\app\Controllers\Admin\Manuser.php(24): view('admin/kelolause...', Array)
#6 C:\xampp\htdocs\login_v414\vendor\codeigniter4\framework\system\CodeIgniter.php(802): App\Controllers\Admin\Manuser->index()
#7 C:\xampp\htdocs\login_v414\vendor\codeigniter4\framework\system\CodeIgniter.php(399): CodeIgniter\CodeIgniter->runController(Object(App\Controllers\Admin\Manuser))
#8 C:\xampp\htdocs\login_v414\vendor\codeigniter4\framework\system\CodeIgniter.php(317): CodeIgniter\CodeIgniter->handleRequest(NULL, Object(Config\Cache), false)
#9 C:\xampp\htdocs\login_v414\public\index.php(37): CodeIgniter\CodeIgniter->run()
#10 C:\xampp\htdocs\login_v414\vendor\codeigniter4\framework\system\Commands\Server\rewrite.php(43): require_once('C:\\xampp\\htdocs...')
#11 {main}
CRITICAL - 2021-10-17 01:06:14 --> Undefined property: App\Controllers\Admin\Manuser::$penggunaModel
#0 C:\xampp\htdocs\login_v414\app\Controllers\Admin\Manuser.php(85): CodeIgniter\Debug\Exceptions->errorHandler(8, 'Undefined prope...', 'C:\\xampp\\htdocs...', 85, Array)
#1 C:\xampp\htdocs\login_v414\vendor\codeigniter4\framework\system\CodeIgniter.php(802): App\Controllers\Admin\Manuser->nonaktif('1')
#2 C:\xampp\htdocs\login_v414\vendor\codeigniter4\framework\system\CodeIgniter.php(399): CodeIgniter\CodeIgniter->runController(Object(App\Controllers\Admin\Manuser))
#3 C:\xampp\htdocs\login_v414\vendor\codeigniter4\framework\system\CodeIgniter.php(317): CodeIgniter\CodeIgniter->handleRequest(NULL, Object(Config\Cache), false)
#4 C:\xampp\htdocs\login_v414\public\index.php(37): CodeIgniter\CodeIgniter->run()
#5 C:\xampp\htdocs\login_v414\vendor\codeigniter4\framework\system\Commands\Server\rewrite.php(43): require_once('C:\\xampp\\htdocs...')
#6 {main}
CRITICAL - 2021-10-17 03:07:00 --> Undefined property: CodeIgniter\View\View::$pembuat
#0 C:\xampp\htdocs\login_v414\app\Views\shared_page\template.php(83): CodeIgniter\Debug\Exceptions->errorHandler(8, 'Undefined prope...', 'C:\\xampp\\htdocs...', 83, Array)
#1 C:\xampp\htdocs\login_v414\vendor\codeigniter4\framework\system\View\View.php(214): include('C:\\xampp\\htdocs...')
#2 C:\xampp\htdocs\login_v414\vendor\codeigniter4\framework\system\View\View.php(217): CodeIgniter\View\View->CodeIgniter\View\{closure}()
#3 C:\xampp\htdocs\login_v414\vendor\codeigniter4\framework\system\View\View.php(230): CodeIgniter\View\View->render('shared_page/tem...', Array, true)
#4 C:\xampp\htdocs\login_v414\vendor\codeigniter4\framework\system\Common.php(1092): CodeIgniter\View\View->render('user/profile', Array, true)
#5 C:\xampp\htdocs\login_v414\app\Controllers\User\Profile.php(33): view('user/profile', Array)
#6 C:\xampp\htdocs\login_v414\vendor\codeigniter4\framework\system\CodeIgniter.php(802): App\Controllers\User\Profile->index()
#7 C:\xampp\htdocs\login_v414\vendor\codeigniter4\framework\system\CodeIgniter.php(399): CodeIgniter\CodeIgniter->runController(Object(App\Controllers\User\Profile))
#8 C:\xampp\htdocs\login_v414\vendor\codeigniter4\framework\system\CodeIgniter.php(317): CodeIgniter\CodeIgniter->handleRequest(NULL, Object(Config\Cache), false)
#9 C:\xampp\htdocs\login_v414\public\index.php(37): CodeIgniter\CodeIgniter->run()
#10 C:\xampp\htdocs\login_v414\vendor\codeigniter4\framework\system\Commands\Server\rewrite.php(43): require_once('C:\\xampp\\htdocs...')
#11 {main}
CRITICAL - 2021-10-17 03:08:19 --> Undefined property: CodeIgniter\View\View::$pembuat
#0 C:\xampp\htdocs\login_v414\app\Views\shared_page\template.php(83): CodeIgniter\Debug\Exceptions->errorHandler(8, 'Undefined prope...', 'C:\\xampp\\htdocs...', 83, Array)
#1 C:\xampp\htdocs\login_v414\vendor\codeigniter4\framework\system\View\View.php(214): include('C:\\xampp\\htdocs...')
#2 C:\xampp\htdocs\login_v414\vendor\codeigniter4\framework\system\View\View.php(217): CodeIgniter\View\View->CodeIgniter\View\{closure}()
#3 C:\xampp\htdocs\login_v414\vendor\codeigniter4\framework\system\View\View.php(230): CodeIgniter\View\View->render('shared_page/tem...', Array, true)
#4 C:\xampp\htdocs\login_v414\vendor\codeigniter4\framework\system\Common.php(1092): CodeIgniter\View\View->render('user/profile', Array, true)
#5 C:\xampp\htdocs\login_v414\app\Controllers\User\Profile.php(33): view('user/profile', Array)
#6 C:\xampp\htdocs\login_v414\vendor\codeigniter4\framework\system\CodeIgniter.php(802): App\Controllers\User\Profile->index()
#7 C:\xampp\htdocs\login_v414\vendor\codeigniter4\framework\system\CodeIgniter.php(399): CodeIgniter\CodeIgniter->runController(Object(App\Controllers\User\Profile))
#8 C:\xampp\htdocs\login_v414\vendor\codeigniter4\framework\system\CodeIgniter.php(317): CodeIgniter\CodeIgniter->handleRequest(NULL, Object(Config\Cache), false)
#9 C:\xampp\htdocs\login_v414\public\index.php(37): CodeIgniter\CodeIgniter->run()
#10 C:\xampp\htdocs\login_v414\vendor\codeigniter4\framework\system\Commands\Server\rewrite.php(43): require_once('C:\\xampp\\htdocs...')
#11 {main}
CRITICAL - 2021-10-17 03:08:20 --> Undefined property: CodeIgniter\View\View::$pembuat
#0 C:\xampp\htdocs\login_v414\app\Views\shared_page\template.php(83): CodeIgniter\Debug\Exceptions->errorHandler(8, 'Undefined prope...', 'C:\\xampp\\htdocs...', 83, Array)
#1 C:\xampp\htdocs\login_v414\vendor\codeigniter4\framework\system\View\View.php(214): include('C:\\xampp\\htdocs...')
#2 C:\xampp\htdocs\login_v414\vendor\codeigniter4\framework\system\View\View.php(217): CodeIgniter\View\View->CodeIgniter\View\{closure}()
#3 C:\xampp\htdocs\login_v414\vendor\codeigniter4\framework\system\View\View.php(230): CodeIgniter\View\View->render('shared_page/tem...', Array, true)
#4 C:\xampp\htdocs\login_v414\vendor\codeigniter4\framework\system\Common.php(1092): CodeIgniter\View\View->render('user/profile', Array, true)
#5 C:\xampp\htdocs\login_v414\app\Controllers\User\Profile.php(33): view('user/profile', Array)
#6 C:\xampp\htdocs\login_v414\vendor\codeigniter4\framework\system\CodeIgniter.php(802): App\Controllers\User\Profile->index()
#7 C:\xampp\htdocs\login_v414\vendor\codeigniter4\framework\system\CodeIgniter.php(399): CodeIgniter\CodeIgniter->runController(Object(App\Controllers\User\Profile))
#8 C:\xampp\htdocs\login_v414\vendor\codeigniter4\framework\system\CodeIgniter.php(317): CodeIgniter\CodeIgniter->handleRequest(NULL, Object(Config\Cache), false)
#9 C:\xampp\htdocs\login_v414\public\index.php(37): CodeIgniter\CodeIgniter->run()
#10 C:\xampp\htdocs\login_v414\vendor\codeigniter4\framework\system\Commands\Server\rewrite.php(43): require_once('C:\\xampp\\htdocs...')
#11 {main}
CRITICAL - 2021-10-17 05:02:59 --> Invalid file: admin/manuser/tambah.php
#0 C:\xampp\htdocs\login_v414\vendor\codeigniter4\framework\system\View\View.php(198): CodeIgniter\Exceptions\FrameworkException::forInvalidFile('admin/manuser/t...')
#1 C:\xampp\htdocs\login_v414\vendor\codeigniter4\framework\system\Common.php(1092): CodeIgniter\View\View->render('admin/manuser/t...', Array, true)
#2 C:\xampp\htdocs\login_v414\app\Controllers\Admin\Manuser.php(33): view('admin/manuser/t...', Array)
#3 C:\xampp\htdocs\login_v414\vendor\codeigniter4\framework\system\CodeIgniter.php(802): App\Controllers\Admin\Manuser->tambah()
#4 C:\xampp\htdocs\login_v414\vendor\codeigniter4\framework\system\CodeIgniter.php(399): CodeIgniter\CodeIgniter->runController(Object(App\Controllers\Admin\Manuser))
#5 C:\xampp\htdocs\login_v414\vendor\codeigniter4\framework\system\CodeIgniter.php(317): CodeIgniter\CodeIgniter->handleRequest(NULL, Object(Config\Cache), false)
#6 C:\xampp\htdocs\login_v414\public\index.php(37): CodeIgniter\CodeIgniter->run()
#7 C:\xampp\htdocs\login_v414\vendor\codeigniter4\framework\system\Commands\Server\rewrite.php(43): require_once('C:\\xampp\\htdocs...')
#8 {main}
CRITICAL - 2021-10-17 05:03:41 --> Invalid file: admin/manuser/tambah_user.php
#0 C:\xampp\htdocs\login_v414\vendor\codeigniter4\framework\system\View\View.php(198): CodeIgniter\Exceptions\FrameworkException::forInvalidFile('admin/manuser/t...')
#1 C:\xampp\htdocs\login_v414\vendor\codeigniter4\framework\system\Common.php(1092): CodeIgniter\View\View->render('admin/manuser/t...', Array, true)
#2 C:\xampp\htdocs\login_v414\app\Controllers\Admin\Manuser.php(33): view('admin/manuser/t...', Array)
#3 C:\xampp\htdocs\login_v414\vendor\codeigniter4\framework\system\CodeIgniter.php(802): App\Controllers\Admin\Manuser->tambah()
#4 C:\xampp\htdocs\login_v414\vendor\codeigniter4\framework\system\CodeIgniter.php(399): CodeIgniter\CodeIgniter->runController(Object(App\Controllers\Admin\Manuser))
#5 C:\xampp\htdocs\login_v414\vendor\codeigniter4\framework\system\CodeIgniter.php(317): CodeIgniter\CodeIgniter->handleRequest(NULL, Object(Config\Cache), false)
#6 C:\xampp\htdocs\login_v414\public\index.php(37): CodeIgniter\CodeIgniter->run()
#7 C:\xampp\htdocs\login_v414\vendor\codeigniter4\framework\system\Commands\Server\rewrite.php(43): require_once('C:\\xampp\\htdocs...')
#8 {main}
CRITICAL - 2021-10-17 05:03:48 --> Invalid file: admin/manuser/tambah_user.php
#0 C:\xampp\htdocs\login_v414\vendor\codeigniter4\framework\system\View\View.php(198): CodeIgniter\Exceptions\FrameworkException::forInvalidFile('admin/manuser/t...')
#1 C:\xampp\htdocs\login_v414\vendor\codeigniter4\framework\system\Common.php(1092): CodeIgniter\View\View->render('admin/manuser/t...', Array, true)
#2 C:\xampp\htdocs\login_v414\app\Controllers\Admin\Manuser.php(33): view('admin/manuser/t...', Array)
#3 C:\xampp\htdocs\login_v414\vendor\codeigniter4\framework\system\CodeIgniter.php(802): App\Controllers\Admin\Manuser->tambah()
#4 C:\xampp\htdocs\login_v414\vendor\codeigniter4\framework\system\CodeIgniter.php(399): CodeIgniter\CodeIgniter->runController(Object(App\Controllers\Admin\Manuser))
#5 C:\xampp\htdocs\login_v414\vendor\codeigniter4\framework\system\CodeIgniter.php(317): CodeIgniter\CodeIgniter->handleRequest(NULL, Object(Config\Cache), false)
#6 C:\xampp\htdocs\login_v414\public\index.php(37): CodeIgniter\CodeIgniter->run()
#7 C:\xampp\htdocs\login_v414\vendor\codeigniter4\framework\system\Commands\Server\rewrite.php(43): require_once('C:\\xampp\\htdocs...')
#8 {main}
ERROR - 2021-10-17 06:41:54 --> Column 'level_user' cannot be null
CRITICAL - 2021-10-17 06:41:54 --> Column 'level_user' cannot be null
#0 C:\xampp\htdocs\login_v414\vendor\codeigniter4\framework\system\Database\MySQLi\Connection.php(280): mysqli->query('INSERT INTO `tb...')
#1 C:\xampp\htdocs\login_v414\vendor\codeigniter4\framework\system\Database\BaseConnection.php(663): CodeIgniter\Database\MySQLi\Connection->execute('INSERT INTO `tb...')
#2 C:\xampp\htdocs\login_v414\vendor\codeigniter4\framework\system\Database\BaseConnection.php(591): CodeIgniter\Database\BaseConnection->simpleQuery('INSERT INTO `tb...')
#3 C:\xampp\htdocs\login_v414\vendor\codeigniter4\framework\system\Database\BaseBuilder.php(1733): CodeIgniter\Database\BaseConnection->query('INSERT INTO `tb...', Array, false)
#4 C:\xampp\htdocs\login_v414\vendor\codeigniter4\framework\system\Model.php(239): CodeIgniter\Database\BaseBuilder->insert()
#5 C:\xampp\htdocs\login_v414\vendor\codeigniter4\framework\system\BaseModel.php(738): CodeIgniter\Model->doInsert(Array)
#6 C:\xampp\htdocs\login_v414\vendor\codeigniter4\framework\system\Model.php(620): CodeIgniter\BaseModel->insert(Array, false)
#7 C:\xampp\htdocs\login_v414\vendor\codeigniter4\framework\system\BaseModel.php(658): CodeIgniter\Model->insert(Array, false)
#8 C:\xampp\htdocs\login_v414\app\Controllers\Admin\Manuser.php(88): CodeIgniter\BaseModel->save(Array)
#9 C:\xampp\htdocs\login_v414\vendor\codeigniter4\framework\system\CodeIgniter.php(802): App\Controllers\Admin\Manuser->simpan()
#10 C:\xampp\htdocs\login_v414\vendor\codeigniter4\framework\system\CodeIgniter.php(399): CodeIgniter\CodeIgniter->runController(Object(App\Controllers\Admin\Manuser))
#11 C:\xampp\htdocs\login_v414\vendor\codeigniter4\framework\system\CodeIgniter.php(317): CodeIgniter\CodeIgniter->handleRequest(NULL, Object(Config\Cache), false)
#12 C:\xampp\htdocs\login_v414\public\index.php(37): CodeIgniter\CodeIgniter->run()
#13 C:\xampp\htdocs\login_v414\vendor\codeigniter4\framework\system\Commands\Server\rewrite.php(43): require_once('C:\\xampp\\htdocs...')
#14 {main}
