ERROR - 2025-05-14 08:52:32 --> Error connecting to the database: No connection could be made because the target machine actively refused it.

CRITICAL - 2025-05-14 08:52:32 --> Unable to connect to the database.
Main connection [MySQLi]: No connection could be made because the target machine actively refused it.

#0 C:\xampp7\htdocs\perawat\vendor\codeigniter4\framework\system\Database\BaseConnection.php(570): CodeIgniter\Database\BaseConnection->initialize()
#1 C:\xampp7\htdocs\perawat\vendor\codeigniter4\framework\system\Database\BaseBuilder.php(1428): CodeIgniter\Database\BaseConnection->query('SELECT `tabel_u...', Array, false)
#2 C:\xampp7\htdocs\perawat\app\Models\UserModel.php(25): CodeIgniter\Database\BaseBuilder->get()
#3 C:\xampp7\htdocs\perawat\app\Controllers\Login.php(69): App\Models\UserModel->getUser('admin')
#4 C:\xampp7\htdocs\perawat\vendor\codeigniter4\framework\system\CodeIgniter.php(802): App\Controllers\Login->ceklogin()
#5 C:\xampp7\htdocs\perawat\vendor\codeigniter4\framework\system\CodeIgniter.php(399): CodeIgniter\CodeIgniter->runController(Object(App\Controllers\Login))
#6 C:\xampp7\htdocs\perawat\vendor\codeigniter4\framework\system\CodeIgniter.php(317): CodeIgniter\CodeIgniter->handleRequest(NULL, Object(Config\Cache), false)
#7 C:\xampp7\htdocs\perawat\public\index.php(40): CodeIgniter\CodeIgniter->run()
#8 C:\xampp7\htdocs\perawat\vendor\codeigniter4\framework\system\Commands\Server\rewrite.php(43): require_once('C:\\xampp7\\htdoc...')
#9 {main}
CRITICAL - 2025-05-14 08:52:32 --> Uncaught ErrorException: print_r(): Property access is not allowed yet in C:\xampp7\htdocs\perawat\app\Views\errors\html\error_exception.php:96
Stack trace:
#0 [internal function]: CodeIgniter\Debug\Exceptions->errorHandler(2, 'print_r(): Prop...', 'C:\\xampp7\\htdoc...', 96, Array)
#1 C:\xampp7\htdocs\perawat\app\Views\errors\html\error_exception.php(96): print_r(Object(App\Controllers\Login), true)
#2 C:\xampp7\htdocs\perawat\vendor\codeigniter4\framework\system\Debug\Exceptions.php(235): include('C:\\xampp7\\htdoc...')
#3 C:\xampp7\htdocs\perawat\vendor\codeigniter4\framework\system\Debug\Exceptions.php(132): CodeIgniter\Debug\Exceptions->render(Object(CodeIgniter\Database\Exceptions\DatabaseException), 500)
#4 [internal function]: CodeIgniter\Debug\Exceptions->exceptionHandler(Object(CodeIgniter\Database\Exceptions\DatabaseException))
#5 {main}
  thrown
#0 [internal function]: CodeIgniter\Debug\Exceptions->shutdownHandler()
#1 {main}
CRITICAL - 2025-05-14 08:55:02 --> Invalid file: layout/form_pk1.php
#0 C:\xampp7\htdocs\perawat\vendor\codeigniter4\framework\system\View\View.php(198): CodeIgniter\Exceptions\FrameworkException::forInvalidFile('layout/form_pk1...')
#1 C:\xampp7\htdocs\perawat\vendor\codeigniter4\framework\system\Common.php(1092): CodeIgniter\View\View->render('layout/form_pk1', Array, true)
#2 C:\xampp7\htdocs\perawat\app\Controllers\Mentoring.php(162): view('layout/form_pk1', Array)
#3 C:\xampp7\htdocs\perawat\vendor\codeigniter4\framework\system\CodeIgniter.php(802): App\Controllers\Mentoring->form('58')
#4 C:\xampp7\htdocs\perawat\vendor\codeigniter4\framework\system\CodeIgniter.php(399): CodeIgniter\CodeIgniter->runController(Object(App\Controllers\Mentoring))
#5 C:\xampp7\htdocs\perawat\vendor\codeigniter4\framework\system\CodeIgniter.php(317): CodeIgniter\CodeIgniter->handleRequest(NULL, Object(Config\Cache), false)
#6 C:\xampp7\htdocs\perawat\public\index.php(40): CodeIgniter\CodeIgniter->run()
#7 C:\xampp7\htdocs\perawat\vendor\codeigniter4\framework\system\Commands\Server\rewrite.php(43): require_once('C:\\xampp7\\htdoc...')
#8 {main}
ERROR - 2025-05-14 09:27:36 --> Unknown column 'kompetensi_id' in 'where clause'
ERROR - 2025-05-14 09:27:40 --> Unknown column 'kompetensi_id' in 'where clause'
ERROR - 2025-05-14 09:31:32 --> Unknown column 'kompetensi_id' in 'where clause'
CRITICAL - 2025-05-14 09:34:14 --> Undefined index: prapk_id
#0 C:\xampp7\htdocs\perawat\app\Models\PrapkHasilModel.php(60): CodeIgniter\Debug\Exceptions->errorHandler(8, 'Undefined index...', 'C:\\xampp7\\htdoc...', 60, Array)
#1 C:\xampp7\htdocs\perawat\app\Controllers\Mentoring.php(108): App\Models\PrapkHasilModel->getAllHasilByUser(2)
#2 C:\xampp7\htdocs\perawat\vendor\codeigniter4\framework\system\CodeIgniter.php(802): App\Controllers\Mentoring->form('59')
#3 C:\xampp7\htdocs\perawat\vendor\codeigniter4\framework\system\CodeIgniter.php(399): CodeIgniter\CodeIgniter->runController(Object(App\Controllers\Mentoring))
#4 C:\xampp7\htdocs\perawat\vendor\codeigniter4\framework\system\CodeIgniter.php(317): CodeIgniter\CodeIgniter->handleRequest(NULL, Object(Config\Cache), false)
#5 C:\xampp7\htdocs\perawat\public\index.php(40): CodeIgniter\CodeIgniter->run()
#6 C:\xampp7\htdocs\perawat\vendor\codeigniter4\framework\system\Commands\Server\rewrite.php(43): require_once('C:\\xampp7\\htdoc...')
#7 {main}
CRITICAL - 2025-05-14 09:34:14 --> Undefined index: prapk_id
#0 C:\xampp7\htdocs\perawat\app\Models\PrapkHasilModel.php(60): CodeIgniter\Debug\Exceptions->errorHandler(8, 'Undefined index...', 'C:\\xampp7\\htdoc...', 60, Array)
#1 C:\xampp7\htdocs\perawat\app\Controllers\Mentoring.php(108): App\Models\PrapkHasilModel->getAllHasilByUser(2)
#2 C:\xampp7\htdocs\perawat\vendor\codeigniter4\framework\system\CodeIgniter.php(802): App\Controllers\Mentoring->form('59')
#3 C:\xampp7\htdocs\perawat\vendor\codeigniter4\framework\system\CodeIgniter.php(399): CodeIgniter\CodeIgniter->runController(Object(App\Controllers\Mentoring))
#4 C:\xampp7\htdocs\perawat\vendor\codeigniter4\framework\system\CodeIgniter.php(317): CodeIgniter\CodeIgniter->handleRequest(NULL, Object(Config\Cache), false)
#5 C:\xampp7\htdocs\perawat\public\index.php(40): CodeIgniter\CodeIgniter->run()
#6 C:\xampp7\htdocs\perawat\vendor\codeigniter4\framework\system\Commands\Server\rewrite.php(43): require_once('C:\\xampp7\\htdoc...')
#7 {main}
CRITICAL - 2025-05-14 09:34:15 --> Undefined index: prapk_id
#0 C:\xampp7\htdocs\perawat\app\Models\PrapkHasilModel.php(60): CodeIgniter\Debug\Exceptions->errorHandler(8, 'Undefined index...', 'C:\\xampp7\\htdoc...', 60, Array)
#1 C:\xampp7\htdocs\perawat\app\Controllers\Mentoring.php(108): App\Models\PrapkHasilModel->getAllHasilByUser(2)
#2 C:\xampp7\htdocs\perawat\vendor\codeigniter4\framework\system\CodeIgniter.php(802): App\Controllers\Mentoring->form('59')
#3 C:\xampp7\htdocs\perawat\vendor\codeigniter4\framework\system\CodeIgniter.php(399): CodeIgniter\CodeIgniter->runController(Object(App\Controllers\Mentoring))
#4 C:\xampp7\htdocs\perawat\vendor\codeigniter4\framework\system\CodeIgniter.php(317): CodeIgniter\CodeIgniter->handleRequest(NULL, Object(Config\Cache), false)
#5 C:\xampp7\htdocs\perawat\public\index.php(40): CodeIgniter\CodeIgniter->run()
#6 C:\xampp7\htdocs\perawat\vendor\codeigniter4\framework\system\Commands\Server\rewrite.php(43): require_once('C:\\xampp7\\htdoc...')
#7 {main}
CRITICAL - 2025-05-14 09:34:15 --> Undefined index: prapk_id
#0 C:\xampp7\htdocs\perawat\app\Models\PrapkHasilModel.php(60): CodeIgniter\Debug\Exceptions->errorHandler(8, 'Undefined index...', 'C:\\xampp7\\htdoc...', 60, Array)
#1 C:\xampp7\htdocs\perawat\app\Controllers\Mentoring.php(108): App\Models\PrapkHasilModel->getAllHasilByUser(2)
#2 C:\xampp7\htdocs\perawat\vendor\codeigniter4\framework\system\CodeIgniter.php(802): App\Controllers\Mentoring->form('59')
#3 C:\xampp7\htdocs\perawat\vendor\codeigniter4\framework\system\CodeIgniter.php(399): CodeIgniter\CodeIgniter->runController(Object(App\Controllers\Mentoring))
#4 C:\xampp7\htdocs\perawat\vendor\codeigniter4\framework\system\CodeIgniter.php(317): CodeIgniter\CodeIgniter->handleRequest(NULL, Object(Config\Cache), false)
#5 C:\xampp7\htdocs\perawat\public\index.php(40): CodeIgniter\CodeIgniter->run()
#6 C:\xampp7\htdocs\perawat\vendor\codeigniter4\framework\system\Commands\Server\rewrite.php(43): require_once('C:\\xampp7\\htdoc...')
#7 {main}
CRITICAL - 2025-05-14 09:34:22 --> Undefined index: prapk_id
#0 C:\xampp7\htdocs\perawat\app\Models\PrapkHasilModel.php(60): CodeIgniter\Debug\Exceptions->errorHandler(8, 'Undefined index...', 'C:\\xampp7\\htdoc...', 60, Array)
#1 C:\xampp7\htdocs\perawat\app\Controllers\Mentoring.php(108): App\Models\PrapkHasilModel->getAllHasilByUser(2)
#2 C:\xampp7\htdocs\perawat\vendor\codeigniter4\framework\system\CodeIgniter.php(802): App\Controllers\Mentoring->form('59')
#3 C:\xampp7\htdocs\perawat\vendor\codeigniter4\framework\system\CodeIgniter.php(399): CodeIgniter\CodeIgniter->runController(Object(App\Controllers\Mentoring))
#4 C:\xampp7\htdocs\perawat\vendor\codeigniter4\framework\system\CodeIgniter.php(317): CodeIgniter\CodeIgniter->handleRequest(NULL, Object(Config\Cache), false)
#5 C:\xampp7\htdocs\perawat\public\index.php(40): CodeIgniter\CodeIgniter->run()
#6 C:\xampp7\htdocs\perawat\vendor\codeigniter4\framework\system\Commands\Server\rewrite.php(43): require_once('C:\\xampp7\\htdoc...')
#7 {main}
CRITICAL - 2025-05-14 09:43:19 --> Class 'App\Models\Pk1Model' not found
#0 C:\xampp7\htdocs\perawat\vendor\codeigniter4\framework\system\CodeIgniter.php(779): App\Controllers\Mentoring->__construct()
#1 C:\xampp7\htdocs\perawat\vendor\codeigniter4\framework\system\CodeIgniter.php(390): CodeIgniter\CodeIgniter->createController()
#2 C:\xampp7\htdocs\perawat\vendor\codeigniter4\framework\system\CodeIgniter.php(317): CodeIgniter\CodeIgniter->handleRequest(NULL, Object(Config\Cache), false)
#3 C:\xampp7\htdocs\perawat\public\index.php(40): CodeIgniter\CodeIgniter->run()
#4 C:\xampp7\htdocs\perawat\vendor\codeigniter4\framework\system\Commands\Server\rewrite.php(43): require_once('C:\\xampp7\\htdoc...')
#5 {main}
CRITICAL - 2025-05-14 09:43:20 --> Class 'App\Models\Pk1Model' not found
#0 C:\xampp7\htdocs\perawat\vendor\codeigniter4\framework\system\CodeIgniter.php(779): App\Controllers\Mentoring->__construct()
#1 C:\xampp7\htdocs\perawat\vendor\codeigniter4\framework\system\CodeIgniter.php(390): CodeIgniter\CodeIgniter->createController()
#2 C:\xampp7\htdocs\perawat\vendor\codeigniter4\framework\system\CodeIgniter.php(317): CodeIgniter\CodeIgniter->handleRequest(NULL, Object(Config\Cache), false)
#3 C:\xampp7\htdocs\perawat\public\index.php(40): CodeIgniter\CodeIgniter->run()
#4 C:\xampp7\htdocs\perawat\vendor\codeigniter4\framework\system\Commands\Server\rewrite.php(43): require_once('C:\\xampp7\\htdoc...')
#5 {main}
CRITICAL - 2025-05-14 09:43:53 --> Class 'App\Models\Pk1Model' not found
#0 C:\xampp7\htdocs\perawat\vendor\codeigniter4\framework\system\CodeIgniter.php(779): App\Controllers\Mentoring->__construct()
#1 C:\xampp7\htdocs\perawat\vendor\codeigniter4\framework\system\CodeIgniter.php(390): CodeIgniter\CodeIgniter->createController()
#2 C:\xampp7\htdocs\perawat\vendor\codeigniter4\framework\system\CodeIgniter.php(317): CodeIgniter\CodeIgniter->handleRequest(NULL, Object(Config\Cache), false)
#3 C:\xampp7\htdocs\perawat\public\index.php(40): CodeIgniter\CodeIgniter->run()
#4 C:\xampp7\htdocs\perawat\vendor\codeigniter4\framework\system\Commands\Server\rewrite.php(43): require_once('C:\\xampp7\\htdoc...')
#5 {main}
CRITICAL - 2025-05-14 09:43:53 --> Class 'App\Models\Pk1Model' not found
#0 C:\xampp7\htdocs\perawat\vendor\codeigniter4\framework\system\CodeIgniter.php(779): App\Controllers\Mentoring->__construct()
#1 C:\xampp7\htdocs\perawat\vendor\codeigniter4\framework\system\CodeIgniter.php(390): CodeIgniter\CodeIgniter->createController()
#2 C:\xampp7\htdocs\perawat\vendor\codeigniter4\framework\system\CodeIgniter.php(317): CodeIgniter\CodeIgniter->handleRequest(NULL, Object(Config\Cache), false)
#3 C:\xampp7\htdocs\perawat\public\index.php(40): CodeIgniter\CodeIgniter->run()
#4 C:\xampp7\htdocs\perawat\vendor\codeigniter4\framework\system\Commands\Server\rewrite.php(43): require_once('C:\\xampp7\\htdoc...')
#5 {main}
CRITICAL - 2025-05-14 09:43:54 --> Class 'App\Models\Pk1Model' not found
#0 C:\xampp7\htdocs\perawat\vendor\codeigniter4\framework\system\CodeIgniter.php(779): App\Controllers\Mentoring->__construct()
#1 C:\xampp7\htdocs\perawat\vendor\codeigniter4\framework\system\CodeIgniter.php(390): CodeIgniter\CodeIgniter->createController()
#2 C:\xampp7\htdocs\perawat\vendor\codeigniter4\framework\system\CodeIgniter.php(317): CodeIgniter\CodeIgniter->handleRequest(NULL, Object(Config\Cache), false)
#3 C:\xampp7\htdocs\perawat\public\index.php(40): CodeIgniter\CodeIgniter->run()
#4 C:\xampp7\htdocs\perawat\vendor\codeigniter4\framework\system\Commands\Server\rewrite.php(43): require_once('C:\\xampp7\\htdoc...')
#5 {main}
CRITICAL - 2025-05-14 09:43:54 --> Class 'App\Models\Pk1Model' not found
#0 C:\xampp7\htdocs\perawat\vendor\codeigniter4\framework\system\CodeIgniter.php(779): App\Controllers\Mentoring->__construct()
#1 C:\xampp7\htdocs\perawat\vendor\codeigniter4\framework\system\CodeIgniter.php(390): CodeIgniter\CodeIgniter->createController()
#2 C:\xampp7\htdocs\perawat\vendor\codeigniter4\framework\system\CodeIgniter.php(317): CodeIgniter\CodeIgniter->handleRequest(NULL, Object(Config\Cache), false)
#3 C:\xampp7\htdocs\perawat\public\index.php(40): CodeIgniter\CodeIgniter->run()
#4 C:\xampp7\htdocs\perawat\vendor\codeigniter4\framework\system\Commands\Server\rewrite.php(43): require_once('C:\\xampp7\\htdoc...')
#5 {main}
ERROR - 2025-05-14 09:46:32 --> Table 'perawat.tabel_pk2' doesn't exist
CRITICAL - 2025-05-14 09:46:32 --> Table 'perawat.tabel_pk2' doesn't exist
#0 C:\xampp7\htdocs\perawat\vendor\codeigniter4\framework\system\Database\MySQLi\Connection.php(280): mysqli->query('SELECT *\nFROM `...')
#1 C:\xampp7\htdocs\perawat\vendor\codeigniter4\framework\system\Database\BaseConnection.php(663): CodeIgniter\Database\MySQLi\Connection->execute('SELECT *\nFROM `...')
#2 C:\xampp7\htdocs\perawat\vendor\codeigniter4\framework\system\Database\BaseConnection.php(591): CodeIgniter\Database\BaseConnection->simpleQuery('SELECT *\nFROM `...')
#3 C:\xampp7\htdocs\perawat\vendor\codeigniter4\framework\system\Database\BaseBuilder.php(1428): CodeIgniter\Database\BaseConnection->query('SELECT *\nFROM `...', Array, false)
#4 C:\xampp7\htdocs\perawat\vendor\codeigniter4\framework\system\Model.php(183): CodeIgniter\Database\BaseBuilder->get()
#5 C:\xampp7\htdocs\perawat\vendor\codeigniter4\framework\system\BaseModel.php(584): CodeIgniter\Model->doFindAll(0, 0)
#6 C:\xampp7\htdocs\perawat\app\Controllers\Mentoring.php(95): CodeIgniter\BaseModel->findAll()
#7 C:\xampp7\htdocs\perawat\vendor\codeigniter4\framework\system\CodeIgniter.php(802): App\Controllers\Mentoring->form('58')
#8 C:\xampp7\htdocs\perawat\vendor\codeigniter4\framework\system\CodeIgniter.php(399): CodeIgniter\CodeIgniter->runController(Object(App\Controllers\Mentoring))
#9 C:\xampp7\htdocs\perawat\vendor\codeigniter4\framework\system\CodeIgniter.php(317): CodeIgniter\CodeIgniter->handleRequest(NULL, Object(Config\Cache), false)
#10 C:\xampp7\htdocs\perawat\public\index.php(40): CodeIgniter\CodeIgniter->run()
#11 C:\xampp7\htdocs\perawat\vendor\codeigniter4\framework\system\Commands\Server\rewrite.php(43): require_once('C:\\xampp7\\htdoc...')
#12 {main}
ERROR - 2025-05-14 09:46:33 --> Table 'perawat.tabel_pk2' doesn't exist
CRITICAL - 2025-05-14 09:46:33 --> Table 'perawat.tabel_pk2' doesn't exist
#0 C:\xampp7\htdocs\perawat\vendor\codeigniter4\framework\system\Database\MySQLi\Connection.php(280): mysqli->query('SELECT *\nFROM `...')
#1 C:\xampp7\htdocs\perawat\vendor\codeigniter4\framework\system\Database\BaseConnection.php(663): CodeIgniter\Database\MySQLi\Connection->execute('SELECT *\nFROM `...')
#2 C:\xampp7\htdocs\perawat\vendor\codeigniter4\framework\system\Database\BaseConnection.php(591): CodeIgniter\Database\BaseConnection->simpleQuery('SELECT *\nFROM `...')
#3 C:\xampp7\htdocs\perawat\vendor\codeigniter4\framework\system\Database\BaseBuilder.php(1428): CodeIgniter\Database\BaseConnection->query('SELECT *\nFROM `...', Array, false)
#4 C:\xampp7\htdocs\perawat\vendor\codeigniter4\framework\system\Model.php(183): CodeIgniter\Database\BaseBuilder->get()
#5 C:\xampp7\htdocs\perawat\vendor\codeigniter4\framework\system\BaseModel.php(584): CodeIgniter\Model->doFindAll(0, 0)
#6 C:\xampp7\htdocs\perawat\app\Controllers\Mentoring.php(95): CodeIgniter\BaseModel->findAll()
#7 C:\xampp7\htdocs\perawat\vendor\codeigniter4\framework\system\CodeIgniter.php(802): App\Controllers\Mentoring->form('58')
#8 C:\xampp7\htdocs\perawat\vendor\codeigniter4\framework\system\CodeIgniter.php(399): CodeIgniter\CodeIgniter->runController(Object(App\Controllers\Mentoring))
#9 C:\xampp7\htdocs\perawat\vendor\codeigniter4\framework\system\CodeIgniter.php(317): CodeIgniter\CodeIgniter->handleRequest(NULL, Object(Config\Cache), false)
#10 C:\xampp7\htdocs\perawat\public\index.php(40): CodeIgniter\CodeIgniter->run()
#11 C:\xampp7\htdocs\perawat\vendor\codeigniter4\framework\system\Commands\Server\rewrite.php(43): require_once('C:\\xampp7\\htdoc...')
#12 {main}
ERROR - 2025-05-14 09:46:33 --> Table 'perawat.tabel_pk2' doesn't exist
CRITICAL - 2025-05-14 09:46:33 --> Table 'perawat.tabel_pk2' doesn't exist
#0 C:\xampp7\htdocs\perawat\vendor\codeigniter4\framework\system\Database\MySQLi\Connection.php(280): mysqli->query('SELECT *\nFROM `...')
#1 C:\xampp7\htdocs\perawat\vendor\codeigniter4\framework\system\Database\BaseConnection.php(663): CodeIgniter\Database\MySQLi\Connection->execute('SELECT *\nFROM `...')
#2 C:\xampp7\htdocs\perawat\vendor\codeigniter4\framework\system\Database\BaseConnection.php(591): CodeIgniter\Database\BaseConnection->simpleQuery('SELECT *\nFROM `...')
#3 C:\xampp7\htdocs\perawat\vendor\codeigniter4\framework\system\Database\BaseBuilder.php(1428): CodeIgniter\Database\BaseConnection->query('SELECT *\nFROM `...', Array, false)
#4 C:\xampp7\htdocs\perawat\vendor\codeigniter4\framework\system\Model.php(183): CodeIgniter\Database\BaseBuilder->get()
#5 C:\xampp7\htdocs\perawat\vendor\codeigniter4\framework\system\BaseModel.php(584): CodeIgniter\Model->doFindAll(0, 0)
#6 C:\xampp7\htdocs\perawat\app\Controllers\Mentoring.php(95): CodeIgniter\BaseModel->findAll()
#7 C:\xampp7\htdocs\perawat\vendor\codeigniter4\framework\system\CodeIgniter.php(802): App\Controllers\Mentoring->form('58')
#8 C:\xampp7\htdocs\perawat\vendor\codeigniter4\framework\system\CodeIgniter.php(399): CodeIgniter\CodeIgniter->runController(Object(App\Controllers\Mentoring))
#9 C:\xampp7\htdocs\perawat\vendor\codeigniter4\framework\system\CodeIgniter.php(317): CodeIgniter\CodeIgniter->handleRequest(NULL, Object(Config\Cache), false)
#10 C:\xampp7\htdocs\perawat\public\index.php(40): CodeIgniter\CodeIgniter->run()
#11 C:\xampp7\htdocs\perawat\vendor\codeigniter4\framework\system\Commands\Server\rewrite.php(43): require_once('C:\\xampp7\\htdoc...')
#12 {main}
CRITICAL - 2025-05-14 09:55:49 --> Undefined variable: userId
#0 C:\xampp7\htdocs\perawat\app\Views\layout\form.php(71): CodeIgniter\Debug\Exceptions->errorHandler(8, 'Undefined varia...', 'C:\\xampp7\\htdoc...', 71, Array)
#1 C:\xampp7\htdocs\perawat\vendor\codeigniter4\framework\system\View\View.php(214): include('C:\\xampp7\\htdoc...')
#2 C:\xampp7\htdocs\perawat\vendor\codeigniter4\framework\system\View\View.php(217): CodeIgniter\View\View->CodeIgniter\View\{closure}()
#3 C:\xampp7\htdocs\perawat\vendor\codeigniter4\framework\system\Common.php(1092): CodeIgniter\View\View->render('layout/form', Array, true)
#4 C:\xampp7\htdocs\perawat\app\Controllers\Mentoring.php(161): view('layout/form', Array)
#5 C:\xampp7\htdocs\perawat\vendor\codeigniter4\framework\system\CodeIgniter.php(802): App\Controllers\Mentoring->form('58')
#6 C:\xampp7\htdocs\perawat\vendor\codeigniter4\framework\system\CodeIgniter.php(399): CodeIgniter\CodeIgniter->runController(Object(App\Controllers\Mentoring))
#7 C:\xampp7\htdocs\perawat\vendor\codeigniter4\framework\system\CodeIgniter.php(317): CodeIgniter\CodeIgniter->handleRequest(NULL, Object(Config\Cache), false)
#8 C:\xampp7\htdocs\perawat\public\index.php(40): CodeIgniter\CodeIgniter->run()
#9 C:\xampp7\htdocs\perawat\vendor\codeigniter4\framework\system\Commands\Server\rewrite.php(43): require_once('C:\\xampp7\\htdoc...')
#10 {main}
CRITICAL - 2025-05-14 09:56:13 --> Undefined variable: userId
#0 C:\xampp7\htdocs\perawat\app\Views\layout\form.php(71): CodeIgniter\Debug\Exceptions->errorHandler(8, 'Undefined varia...', 'C:\\xampp7\\htdoc...', 71, Array)
#1 C:\xampp7\htdocs\perawat\vendor\codeigniter4\framework\system\View\View.php(214): include('C:\\xampp7\\htdoc...')
#2 C:\xampp7\htdocs\perawat\vendor\codeigniter4\framework\system\View\View.php(217): CodeIgniter\View\View->CodeIgniter\View\{closure}()
#3 C:\xampp7\htdocs\perawat\vendor\codeigniter4\framework\system\Common.php(1092): CodeIgniter\View\View->render('layout/form', Array, true)
#4 C:\xampp7\htdocs\perawat\app\Controllers\Mentoring.php(161): view('layout/form', Array)
#5 C:\xampp7\htdocs\perawat\vendor\codeigniter4\framework\system\CodeIgniter.php(802): App\Controllers\Mentoring->form('58')
#6 C:\xampp7\htdocs\perawat\vendor\codeigniter4\framework\system\CodeIgniter.php(399): CodeIgniter\CodeIgniter->runController(Object(App\Controllers\Mentoring))
#7 C:\xampp7\htdocs\perawat\vendor\codeigniter4\framework\system\CodeIgniter.php(317): CodeIgniter\CodeIgniter->handleRequest(NULL, Object(Config\Cache), false)
#8 C:\xampp7\htdocs\perawat\public\index.php(40): CodeIgniter\CodeIgniter->run()
#9 C:\xampp7\htdocs\perawat\vendor\codeigniter4\framework\system\Commands\Server\rewrite.php(43): require_once('C:\\xampp7\\htdoc...')
#10 {main}
