CRITICAL - 2025-04-12 00:57:26 --> Undefined property: CodeIgniter\View\View::$request
#0 C:\xampp7\htdocs\try\app\Views\layout\detail_pengadaan.php(139): CodeIgniter\Debug\Exceptions->errorHandler(8, 'Undefined prope...', 'C:\\xampp7\\htdoc...', 139, Array)
#1 C:\xampp7\htdocs\try\vendor\codeigniter4\framework\system\View\View.php(214): include('C:\\xampp7\\htdoc...')
#2 C:\xampp7\htdocs\try\vendor\codeigniter4\framework\system\View\View.php(217): CodeIgniter\View\View->CodeIgniter\View\{closure}()
#3 C:\xampp7\htdocs\try\vendor\codeigniter4\framework\system\Common.php(1092): CodeIgniter\View\View->render('layout/detail_p...', Array, true)
#4 C:\xampp7\htdocs\try\app\Controllers\Pengadaan.php(276): view('layout/detail_p...', Array)
#5 C:\xampp7\htdocs\try\vendor\codeigniter4\framework\system\CodeIgniter.php(802): App\Controllers\Pengadaan->detail_pengadaan('88')
#6 C:\xampp7\htdocs\try\vendor\codeigniter4\framework\system\CodeIgniter.php(399): CodeIgniter\CodeIgniter->runController(Object(App\Controllers\Pengadaan))
#7 C:\xampp7\htdocs\try\vendor\codeigniter4\framework\system\CodeIgniter.php(317): CodeIgniter\CodeIgniter->handleRequest(NULL, Object(Config\Cache), false)
#8 C:\xampp7\htdocs\try\public\index.php(40): CodeIgniter\CodeIgniter->run()
#9 C:\xampp7\htdocs\try\vendor\codeigniter4\framework\system\Commands\Server\rewrite.php(43): require_once('C:\\xampp7\\htdoc...')
#10 {main}
CRITICAL - 2025-04-12 00:58:59 --> Undefined property: CodeIgniter\View\View::$request
#0 C:\xampp7\htdocs\try\app\Views\layout\detail_pengadaan.php(138): CodeIgniter\Debug\Exceptions->errorHandler(8, 'Undefined prope...', 'C:\\xampp7\\htdoc...', 138, Array)
#1 C:\xampp7\htdocs\try\vendor\codeigniter4\framework\system\View\View.php(214): include('C:\\xampp7\\htdoc...')
#2 C:\xampp7\htdocs\try\vendor\codeigniter4\framework\system\View\View.php(217): CodeIgniter\View\View->CodeIgniter\View\{closure}()
#3 C:\xampp7\htdocs\try\vendor\codeigniter4\framework\system\Common.php(1092): CodeIgniter\View\View->render('layout/detail_p...', Array, true)
#4 C:\xampp7\htdocs\try\app\Controllers\Pengadaan.php(282): view('layout/detail_p...', Array)
#5 C:\xampp7\htdocs\try\vendor\codeigniter4\framework\system\CodeIgniter.php(802): App\Controllers\Pengadaan->detail_pengadaan('88')
#6 C:\xampp7\htdocs\try\vendor\codeigniter4\framework\system\CodeIgniter.php(399): CodeIgniter\CodeIgniter->runController(Object(App\Controllers\Pengadaan))
#7 C:\xampp7\htdocs\try\vendor\codeigniter4\framework\system\CodeIgniter.php(317): CodeIgniter\CodeIgniter->handleRequest(NULL, Object(Config\Cache), false)
#8 C:\xampp7\htdocs\try\public\index.php(40): CodeIgniter\CodeIgniter->run()
#9 C:\xampp7\htdocs\try\vendor\codeigniter4\framework\system\Commands\Server\rewrite.php(43): require_once('C:\\xampp7\\htdoc...')
#10 {main}
CRITICAL - 2025-04-12 00:59:37 --> Undefined property: CodeIgniter\View\View::$request
#0 C:\xampp7\htdocs\try\app\Views\layout\detail_pengadaan.php(138): CodeIgniter\Debug\Exceptions->errorHandler(8, 'Undefined prope...', 'C:\\xampp7\\htdoc...', 138, Array)
#1 C:\xampp7\htdocs\try\vendor\codeigniter4\framework\system\View\View.php(214): include('C:\\xampp7\\htdoc...')
#2 C:\xampp7\htdocs\try\vendor\codeigniter4\framework\system\View\View.php(217): CodeIgniter\View\View->CodeIgniter\View\{closure}()
#3 C:\xampp7\htdocs\try\vendor\codeigniter4\framework\system\Common.php(1092): CodeIgniter\View\View->render('layout/detail_p...', Array, true)
#4 C:\xampp7\htdocs\try\app\Controllers\Pengadaan.php(283): view('layout/detail_p...', Array)
#5 C:\xampp7\htdocs\try\vendor\codeigniter4\framework\system\CodeIgniter.php(802): App\Controllers\Pengadaan->detail_pengadaan('88')
#6 C:\xampp7\htdocs\try\vendor\codeigniter4\framework\system\CodeIgniter.php(399): CodeIgniter\CodeIgniter->runController(Object(App\Controllers\Pengadaan))
#7 C:\xampp7\htdocs\try\vendor\codeigniter4\framework\system\CodeIgniter.php(317): CodeIgniter\CodeIgniter->handleRequest(NULL, Object(Config\Cache), false)
#8 C:\xampp7\htdocs\try\public\index.php(40): CodeIgniter\CodeIgniter->run()
#9 C:\xampp7\htdocs\try\vendor\codeigniter4\framework\system\Commands\Server\rewrite.php(43): require_once('C:\\xampp7\\htdoc...')
#10 {main}
CRITICAL - 2025-04-12 00:59:38 --> Undefined property: CodeIgniter\View\View::$request
#0 C:\xampp7\htdocs\try\app\Views\layout\detail_pengadaan.php(138): CodeIgniter\Debug\Exceptions->errorHandler(8, 'Undefined prope...', 'C:\\xampp7\\htdoc...', 138, Array)
#1 C:\xampp7\htdocs\try\vendor\codeigniter4\framework\system\View\View.php(214): include('C:\\xampp7\\htdoc...')
#2 C:\xampp7\htdocs\try\vendor\codeigniter4\framework\system\View\View.php(217): CodeIgniter\View\View->CodeIgniter\View\{closure}()
#3 C:\xampp7\htdocs\try\vendor\codeigniter4\framework\system\Common.php(1092): CodeIgniter\View\View->render('layout/detail_p...', Array, true)
#4 C:\xampp7\htdocs\try\app\Controllers\Pengadaan.php(283): view('layout/detail_p...', Array)
#5 C:\xampp7\htdocs\try\vendor\codeigniter4\framework\system\CodeIgniter.php(802): App\Controllers\Pengadaan->detail_pengadaan('88')
#6 C:\xampp7\htdocs\try\vendor\codeigniter4\framework\system\CodeIgniter.php(399): CodeIgniter\CodeIgniter->runController(Object(App\Controllers\Pengadaan))
#7 C:\xampp7\htdocs\try\vendor\codeigniter4\framework\system\CodeIgniter.php(317): CodeIgniter\CodeIgniter->handleRequest(NULL, Object(Config\Cache), false)
#8 C:\xampp7\htdocs\try\public\index.php(40): CodeIgniter\CodeIgniter->run()
#9 C:\xampp7\htdocs\try\vendor\codeigniter4\framework\system\Commands\Server\rewrite.php(43): require_once('C:\\xampp7\\htdoc...')
#10 {main}
CRITICAL - 2025-04-12 00:59:38 --> Undefined property: CodeIgniter\View\View::$request
#0 C:\xampp7\htdocs\try\app\Views\layout\detail_pengadaan.php(138): CodeIgniter\Debug\Exceptions->errorHandler(8, 'Undefined prope...', 'C:\\xampp7\\htdoc...', 138, Array)
#1 C:\xampp7\htdocs\try\vendor\codeigniter4\framework\system\View\View.php(214): include('C:\\xampp7\\htdoc...')
#2 C:\xampp7\htdocs\try\vendor\codeigniter4\framework\system\View\View.php(217): CodeIgniter\View\View->CodeIgniter\View\{closure}()
#3 C:\xampp7\htdocs\try\vendor\codeigniter4\framework\system\Common.php(1092): CodeIgniter\View\View->render('layout/detail_p...', Array, true)
#4 C:\xampp7\htdocs\try\app\Controllers\Pengadaan.php(283): view('layout/detail_p...', Array)
#5 C:\xampp7\htdocs\try\vendor\codeigniter4\framework\system\CodeIgniter.php(802): App\Controllers\Pengadaan->detail_pengadaan('88')
#6 C:\xampp7\htdocs\try\vendor\codeigniter4\framework\system\CodeIgniter.php(399): CodeIgniter\CodeIgniter->runController(Object(App\Controllers\Pengadaan))
#7 C:\xampp7\htdocs\try\vendor\codeigniter4\framework\system\CodeIgniter.php(317): CodeIgniter\CodeIgniter->handleRequest(NULL, Object(Config\Cache), false)
#8 C:\xampp7\htdocs\try\public\index.php(40): CodeIgniter\CodeIgniter->run()
#9 C:\xampp7\htdocs\try\vendor\codeigniter4\framework\system\Commands\Server\rewrite.php(43): require_once('C:\\xampp7\\htdoc...')
#10 {main}
CRITICAL - 2025-04-12 00:59:38 --> Undefined property: CodeIgniter\View\View::$request
#0 C:\xampp7\htdocs\try\app\Views\layout\detail_pengadaan.php(138): CodeIgniter\Debug\Exceptions->errorHandler(8, 'Undefined prope...', 'C:\\xampp7\\htdoc...', 138, Array)
#1 C:\xampp7\htdocs\try\vendor\codeigniter4\framework\system\View\View.php(214): include('C:\\xampp7\\htdoc...')
#2 C:\xampp7\htdocs\try\vendor\codeigniter4\framework\system\View\View.php(217): CodeIgniter\View\View->CodeIgniter\View\{closure}()
#3 C:\xampp7\htdocs\try\vendor\codeigniter4\framework\system\Common.php(1092): CodeIgniter\View\View->render('layout/detail_p...', Array, true)
#4 C:\xampp7\htdocs\try\app\Controllers\Pengadaan.php(283): view('layout/detail_p...', Array)
#5 C:\xampp7\htdocs\try\vendor\codeigniter4\framework\system\CodeIgniter.php(802): App\Controllers\Pengadaan->detail_pengadaan('88')
#6 C:\xampp7\htdocs\try\vendor\codeigniter4\framework\system\CodeIgniter.php(399): CodeIgniter\CodeIgniter->runController(Object(App\Controllers\Pengadaan))
#7 C:\xampp7\htdocs\try\vendor\codeigniter4\framework\system\CodeIgniter.php(317): CodeIgniter\CodeIgniter->handleRequest(NULL, Object(Config\Cache), false)
#8 C:\xampp7\htdocs\try\public\index.php(40): CodeIgniter\CodeIgniter->run()
#9 C:\xampp7\htdocs\try\vendor\codeigniter4\framework\system\Commands\Server\rewrite.php(43): require_once('C:\\xampp7\\htdoc...')
#10 {main}
CRITICAL - 2025-04-12 09:49:02 --> Call to undefined method App\Controllers\Pengadaan::getNamaByUsername()
#0 C:\xampp7\htdocs\try\vendor\codeigniter4\framework\system\CodeIgniter.php(802): App\Controllers\Pengadaan->unggah_dokumen()
#1 C:\xampp7\htdocs\try\vendor\codeigniter4\framework\system\CodeIgniter.php(399): CodeIgniter\CodeIgniter->runController(Object(App\Controllers\Pengadaan))
#2 C:\xampp7\htdocs\try\vendor\codeigniter4\framework\system\CodeIgniter.php(317): CodeIgniter\CodeIgniter->handleRequest(NULL, Object(Config\Cache), false)
#3 C:\xampp7\htdocs\try\public\index.php(40): CodeIgniter\CodeIgniter->run()
#4 C:\xampp7\htdocs\try\vendor\codeigniter4\framework\system\Commands\Server\rewrite.php(43): require_once('C:\\xampp7\\htdoc...')
#5 {main}
