CRITICAL - 2024-12-18 03:36:02 --> Undefined index: id
#0 C:\xampp7\htdocs\try\app\Views\lpse\templatedokumen.php(14): CodeIgniter\Debug\Exceptions->errorHandler(8, 'Undefined index...', 'C:\\xampp7\\htdoc...', 14, Array)
#1 C:\xampp7\htdocs\try\vendor\codeigniter4\framework\system\View\View.php(214): include('C:\\xampp7\\htdoc...')
#2 C:\xampp7\htdocs\try\vendor\codeigniter4\framework\system\View\View.php(217): CodeIgniter\View\View->CodeIgniter\View\{closure}()
#3 C:\xampp7\htdocs\try\vendor\codeigniter4\framework\system\Common.php(1092): CodeIgniter\View\View->render('lpse/templatedo...', Array, true)
#4 C:\xampp7\htdocs\try\app\Controllers\Lpse\Templatedokumen.php(31): view('lpse/templatedo...', Array)
#5 C:\xampp7\htdocs\try\vendor\codeigniter4\framework\system\CodeIgniter.php(802): App\Controllers\Lpse\Templatedokumen->index()
#6 C:\xampp7\htdocs\try\vendor\codeigniter4\framework\system\CodeIgniter.php(399): CodeIgniter\CodeIgniter->runController(Object(App\Controllers\Lpse\Templatedokumen))
#7 C:\xampp7\htdocs\try\vendor\codeigniter4\framework\system\CodeIgniter.php(317): CodeIgniter\CodeIgniter->handleRequest(NULL, Object(Config\Cache), false)
#8 C:\xampp7\htdocs\try\public\index.php(37): CodeIgniter\CodeIgniter->run()
#9 C:\xampp7\htdocs\try\vendor\codeigniter4\framework\system\Commands\Server\rewrite.php(43): require_once('C:\\xampp7\\htdoc...')
#10 {main}
CRITICAL - 2024-12-18 04:21:23 --> Deletes are not allowed unless they contain a "where" or "like" clause.
#0 C:\xampp7\htdocs\try\vendor\codeigniter4\framework\system\Model.php(359): CodeIgniter\Database\BaseBuilder->delete()
#1 C:\xampp7\htdocs\try\vendor\codeigniter4\framework\system\BaseModel.php(963): CodeIgniter\Model->doDelete(NULL, false)
#2 C:\xampp7\htdocs\try\app\Controllers\Lpse\Templatedokumen.php(83): CodeIgniter\BaseModel->delete(NULL)
#3 C:\xampp7\htdocs\try\vendor\codeigniter4\framework\system\CodeIgniter.php(802): App\Controllers\Lpse\Templatedokumen->hapus()
#4 C:\xampp7\htdocs\try\vendor\codeigniter4\framework\system\CodeIgniter.php(399): CodeIgniter\CodeIgniter->runController(Object(App\Controllers\Lpse\Templatedokumen))
#5 C:\xampp7\htdocs\try\vendor\codeigniter4\framework\system\CodeIgniter.php(317): CodeIgniter\CodeIgniter->handleRequest(NULL, Object(Config\Cache), false)
#6 C:\xampp7\htdocs\try\public\index.php(37): CodeIgniter\CodeIgniter->run()
#7 C:\xampp7\htdocs\try\vendor\codeigniter4\framework\system\Commands\Server\rewrite.php(43): require_once('C:\\xampp7\\htdoc...')
#8 {main}
CRITICAL - 2024-12-18 04:21:26 --> Deletes are not allowed unless they contain a "where" or "like" clause.
#0 C:\xampp7\htdocs\try\vendor\codeigniter4\framework\system\Model.php(359): CodeIgniter\Database\BaseBuilder->delete()
#1 C:\xampp7\htdocs\try\vendor\codeigniter4\framework\system\BaseModel.php(963): CodeIgniter\Model->doDelete(NULL, false)
#2 C:\xampp7\htdocs\try\app\Controllers\Lpse\Templatedokumen.php(83): CodeIgniter\BaseModel->delete(NULL)
#3 C:\xampp7\htdocs\try\vendor\codeigniter4\framework\system\CodeIgniter.php(802): App\Controllers\Lpse\Templatedokumen->hapus()
#4 C:\xampp7\htdocs\try\vendor\codeigniter4\framework\system\CodeIgniter.php(399): CodeIgniter\CodeIgniter->runController(Object(App\Controllers\Lpse\Templatedokumen))
#5 C:\xampp7\htdocs\try\vendor\codeigniter4\framework\system\CodeIgniter.php(317): CodeIgniter\CodeIgniter->handleRequest(NULL, Object(Config\Cache), false)
#6 C:\xampp7\htdocs\try\public\index.php(37): CodeIgniter\CodeIgniter->run()
#7 C:\xampp7\htdocs\try\vendor\codeigniter4\framework\system\Commands\Server\rewrite.php(43): require_once('C:\\xampp7\\htdoc...')
#8 {main}
CRITICAL - 2024-12-18 04:21:33 --> Deletes are not allowed unless they contain a "where" or "like" clause.
#0 C:\xampp7\htdocs\try\vendor\codeigniter4\framework\system\Model.php(359): CodeIgniter\Database\BaseBuilder->delete()
#1 C:\xampp7\htdocs\try\vendor\codeigniter4\framework\system\BaseModel.php(963): CodeIgniter\Model->doDelete(NULL, false)
#2 C:\xampp7\htdocs\try\app\Controllers\Lpse\Templatedokumen.php(83): CodeIgniter\BaseModel->delete(NULL)
#3 C:\xampp7\htdocs\try\vendor\codeigniter4\framework\system\CodeIgniter.php(802): App\Controllers\Lpse\Templatedokumen->hapus()
#4 C:\xampp7\htdocs\try\vendor\codeigniter4\framework\system\CodeIgniter.php(399): CodeIgniter\CodeIgniter->runController(Object(App\Controllers\Lpse\Templatedokumen))
#5 C:\xampp7\htdocs\try\vendor\codeigniter4\framework\system\CodeIgniter.php(317): CodeIgniter\CodeIgniter->handleRequest(NULL, Object(Config\Cache), false)
#6 C:\xampp7\htdocs\try\public\index.php(37): CodeIgniter\CodeIgniter->run()
#7 C:\xampp7\htdocs\try\vendor\codeigniter4\framework\system\Commands\Server\rewrite.php(43): require_once('C:\\xampp7\\htdoc...')
#8 {main}
CRITICAL - 2024-12-18 04:23:41 --> Declaration of App\Models\LpseModel::insert($data) should be compatible with CodeIgniter\Model::insert($data = NULL, bool $returnID = true)
#0 C:\xampp7\htdocs\try\app\Models\LpseModel.php(7): CodeIgniter\Debug\Exceptions->errorHandler(2, 'Declaration of ...', 'C:\\xampp7\\htdoc...', 53, Array)
#1 C:\xampp7\htdocs\try\vendor\codeigniter4\framework\system\Autoloader\Autoloader.php(264): include_once('C:\\xampp7\\htdoc...')
#2 C:\xampp7\htdocs\try\vendor\codeigniter4\framework\system\Autoloader\Autoloader.php(241): CodeIgniter\Autoloader\Autoloader->includeFile('C:\\xampp7\\htdoc...')
#3 C:\xampp7\htdocs\try\vendor\codeigniter4\framework\system\Autoloader\Autoloader.php(219): CodeIgniter\Autoloader\Autoloader->loadInNamespace('App\\Models\\Lpse...')
#4 [internal function]: CodeIgniter\Autoloader\Autoloader->loadClass('App\\Models\\Lpse...')
#5 C:\xampp7\htdocs\try\app\Controllers\Lpse\Templatedokumen.php(15): spl_autoload_call('App\\Models\\Lpse...')
#6 C:\xampp7\htdocs\try\vendor\codeigniter4\framework\system\CodeIgniter.php(779): App\Controllers\Lpse\Templatedokumen->__construct()
#7 C:\xampp7\htdocs\try\vendor\codeigniter4\framework\system\CodeIgniter.php(390): CodeIgniter\CodeIgniter->createController()
#8 C:\xampp7\htdocs\try\vendor\codeigniter4\framework\system\CodeIgniter.php(317): CodeIgniter\CodeIgniter->handleRequest(NULL, Object(Config\Cache), false)
#9 C:\xampp7\htdocs\try\public\index.php(37): CodeIgniter\CodeIgniter->run()
#10 C:\xampp7\htdocs\try\vendor\codeigniter4\framework\system\Commands\Server\rewrite.php(43): require_once('C:\\xampp7\\htdoc...')
#11 {main}
CRITICAL - 2024-12-18 04:27:40 --> Deletes are not allowed unless they contain a "where" or "like" clause.
#0 C:\xampp7\htdocs\try\vendor\codeigniter4\framework\system\Model.php(359): CodeIgniter\Database\BaseBuilder->delete()
#1 C:\xampp7\htdocs\try\vendor\codeigniter4\framework\system\BaseModel.php(963): CodeIgniter\Model->doDelete(NULL, false)
#2 C:\xampp7\htdocs\try\app\Controllers\Lpse\Templatedokumen.php(91): CodeIgniter\BaseModel->delete(NULL)
#3 C:\xampp7\htdocs\try\vendor\codeigniter4\framework\system\CodeIgniter.php(802): App\Controllers\Lpse\Templatedokumen->hapus()
#4 C:\xampp7\htdocs\try\vendor\codeigniter4\framework\system\CodeIgniter.php(399): CodeIgniter\CodeIgniter->runController(Object(App\Controllers\Lpse\Templatedokumen))
#5 C:\xampp7\htdocs\try\vendor\codeigniter4\framework\system\CodeIgniter.php(317): CodeIgniter\CodeIgniter->handleRequest(NULL, Object(Config\Cache), false)
#6 C:\xampp7\htdocs\try\public\index.php(37): CodeIgniter\CodeIgniter->run()
#7 C:\xampp7\htdocs\try\vendor\codeigniter4\framework\system\Commands\Server\rewrite.php(43): require_once('C:\\xampp7\\htdoc...')
#8 {main}
CRITICAL - 2024-12-18 04:35:23 --> Deletes are not allowed unless they contain a "where" or "like" clause.
#0 C:\xampp7\htdocs\try\vendor\codeigniter4\framework\system\Model.php(359): CodeIgniter\Database\BaseBuilder->delete()
#1 C:\xampp7\htdocs\try\vendor\codeigniter4\framework\system\BaseModel.php(963): CodeIgniter\Model->doDelete(NULL, false)
#2 C:\xampp7\htdocs\try\app\Controllers\Lpse\Templatedokumen.php(91): CodeIgniter\BaseModel->delete(NULL)
#3 C:\xampp7\htdocs\try\vendor\codeigniter4\framework\system\CodeIgniter.php(802): App\Controllers\Lpse\Templatedokumen->hapus()
#4 C:\xampp7\htdocs\try\vendor\codeigniter4\framework\system\CodeIgniter.php(399): CodeIgniter\CodeIgniter->runController(Object(App\Controllers\Lpse\Templatedokumen))
#5 C:\xampp7\htdocs\try\vendor\codeigniter4\framework\system\CodeIgniter.php(317): CodeIgniter\CodeIgniter->handleRequest(NULL, Object(Config\Cache), false)
#6 C:\xampp7\htdocs\try\public\index.php(37): CodeIgniter\CodeIgniter->run()
#7 C:\xampp7\htdocs\try\vendor\codeigniter4\framework\system\Commands\Server\rewrite.php(43): require_once('C:\\xampp7\\htdoc...')
#8 {main}
CRITICAL - 2024-12-18 04:35:26 --> Deletes are not allowed unless they contain a "where" or "like" clause.
#0 C:\xampp7\htdocs\try\vendor\codeigniter4\framework\system\Model.php(359): CodeIgniter\Database\BaseBuilder->delete()
#1 C:\xampp7\htdocs\try\vendor\codeigniter4\framework\system\BaseModel.php(963): CodeIgniter\Model->doDelete(NULL, false)
#2 C:\xampp7\htdocs\try\app\Controllers\Lpse\Templatedokumen.php(91): CodeIgniter\BaseModel->delete(NULL)
#3 C:\xampp7\htdocs\try\vendor\codeigniter4\framework\system\CodeIgniter.php(802): App\Controllers\Lpse\Templatedokumen->hapus()
#4 C:\xampp7\htdocs\try\vendor\codeigniter4\framework\system\CodeIgniter.php(399): CodeIgniter\CodeIgniter->runController(Object(App\Controllers\Lpse\Templatedokumen))
#5 C:\xampp7\htdocs\try\vendor\codeigniter4\framework\system\CodeIgniter.php(317): CodeIgniter\CodeIgniter->handleRequest(NULL, Object(Config\Cache), false)
#6 C:\xampp7\htdocs\try\public\index.php(37): CodeIgniter\CodeIgniter->run()
#7 C:\xampp7\htdocs\try\vendor\codeigniter4\framework\system\Commands\Server\rewrite.php(43): require_once('C:\\xampp7\\htdoc...')
#8 {main}
CRITICAL - 2024-12-18 04:37:26 --> Deletes are not allowed unless they contain a "where" or "like" clause.
#0 C:\xampp7\htdocs\try\vendor\codeigniter4\framework\system\Model.php(359): CodeIgniter\Database\BaseBuilder->delete()
#1 C:\xampp7\htdocs\try\vendor\codeigniter4\framework\system\BaseModel.php(963): CodeIgniter\Model->doDelete(NULL, false)
#2 C:\xampp7\htdocs\try\app\Controllers\Lpse\Templatedokumen.php(91): CodeIgniter\BaseModel->delete(NULL)
#3 C:\xampp7\htdocs\try\vendor\codeigniter4\framework\system\CodeIgniter.php(802): App\Controllers\Lpse\Templatedokumen->hapus()
#4 C:\xampp7\htdocs\try\vendor\codeigniter4\framework\system\CodeIgniter.php(399): CodeIgniter\CodeIgniter->runController(Object(App\Controllers\Lpse\Templatedokumen))
#5 C:\xampp7\htdocs\try\vendor\codeigniter4\framework\system\CodeIgniter.php(317): CodeIgniter\CodeIgniter->handleRequest(NULL, Object(Config\Cache), false)
#6 C:\xampp7\htdocs\try\public\index.php(37): CodeIgniter\CodeIgniter->run()
#7 C:\xampp7\htdocs\try\vendor\codeigniter4\framework\system\Commands\Server\rewrite.php(43): require_once('C:\\xampp7\\htdoc...')
#8 {main}
CRITICAL - 2024-12-18 04:37:27 --> Deletes are not allowed unless they contain a "where" or "like" clause.
#0 C:\xampp7\htdocs\try\vendor\codeigniter4\framework\system\Model.php(359): CodeIgniter\Database\BaseBuilder->delete()
#1 C:\xampp7\htdocs\try\vendor\codeigniter4\framework\system\BaseModel.php(963): CodeIgniter\Model->doDelete(NULL, false)
#2 C:\xampp7\htdocs\try\app\Controllers\Lpse\Templatedokumen.php(91): CodeIgniter\BaseModel->delete(NULL)
#3 C:\xampp7\htdocs\try\vendor\codeigniter4\framework\system\CodeIgniter.php(802): App\Controllers\Lpse\Templatedokumen->hapus()
#4 C:\xampp7\htdocs\try\vendor\codeigniter4\framework\system\CodeIgniter.php(399): CodeIgniter\CodeIgniter->runController(Object(App\Controllers\Lpse\Templatedokumen))
#5 C:\xampp7\htdocs\try\vendor\codeigniter4\framework\system\CodeIgniter.php(317): CodeIgniter\CodeIgniter->handleRequest(NULL, Object(Config\Cache), false)
#6 C:\xampp7\htdocs\try\public\index.php(37): CodeIgniter\CodeIgniter->run()
#7 C:\xampp7\htdocs\try\vendor\codeigniter4\framework\system\Commands\Server\rewrite.php(43): require_once('C:\\xampp7\\htdoc...')
#8 {main}
CRITICAL - 2024-12-18 04:42:09 --> Deletes are not allowed unless they contain a "where" or "like" clause.
#0 C:\xampp7\htdocs\try\vendor\codeigniter4\framework\system\Model.php(359): CodeIgniter\Database\BaseBuilder->delete()
#1 C:\xampp7\htdocs\try\vendor\codeigniter4\framework\system\BaseModel.php(963): CodeIgniter\Model->doDelete(NULL, false)
#2 C:\xampp7\htdocs\try\app\Controllers\Lpse\Templatedokumen.php(91): CodeIgniter\BaseModel->delete(NULL)
#3 C:\xampp7\htdocs\try\vendor\codeigniter4\framework\system\CodeIgniter.php(802): App\Controllers\Lpse\Templatedokumen->hapus()
#4 C:\xampp7\htdocs\try\vendor\codeigniter4\framework\system\CodeIgniter.php(399): CodeIgniter\CodeIgniter->runController(Object(App\Controllers\Lpse\Templatedokumen))
#5 C:\xampp7\htdocs\try\vendor\codeigniter4\framework\system\CodeIgniter.php(317): CodeIgniter\CodeIgniter->handleRequest(NULL, Object(Config\Cache), false)
#6 C:\xampp7\htdocs\try\public\index.php(37): CodeIgniter\CodeIgniter->run()
#7 C:\xampp7\htdocs\try\vendor\codeigniter4\framework\system\Commands\Server\rewrite.php(43): require_once('C:\\xampp7\\htdoc...')
#8 {main}
CRITICAL - 2024-12-18 04:42:09 --> Deletes are not allowed unless they contain a "where" or "like" clause.
#0 C:\xampp7\htdocs\try\vendor\codeigniter4\framework\system\Model.php(359): CodeIgniter\Database\BaseBuilder->delete()
#1 C:\xampp7\htdocs\try\vendor\codeigniter4\framework\system\BaseModel.php(963): CodeIgniter\Model->doDelete(NULL, false)
#2 C:\xampp7\htdocs\try\app\Controllers\Lpse\Templatedokumen.php(91): CodeIgniter\BaseModel->delete(NULL)
#3 C:\xampp7\htdocs\try\vendor\codeigniter4\framework\system\CodeIgniter.php(802): App\Controllers\Lpse\Templatedokumen->hapus()
#4 C:\xampp7\htdocs\try\vendor\codeigniter4\framework\system\CodeIgniter.php(399): CodeIgniter\CodeIgniter->runController(Object(App\Controllers\Lpse\Templatedokumen))
#5 C:\xampp7\htdocs\try\vendor\codeigniter4\framework\system\CodeIgniter.php(317): CodeIgniter\CodeIgniter->handleRequest(NULL, Object(Config\Cache), false)
#6 C:\xampp7\htdocs\try\public\index.php(37): CodeIgniter\CodeIgniter->run()
#7 C:\xampp7\htdocs\try\vendor\codeigniter4\framework\system\Commands\Server\rewrite.php(43): require_once('C:\\xampp7\\htdoc...')
#8 {main}
CRITICAL - 2024-12-18 05:48:35 --> Deletes are not allowed unless they contain a "where" or "like" clause.
#0 C:\xampp7\htdocs\try\vendor\codeigniter4\framework\system\Model.php(359): CodeIgniter\Database\BaseBuilder->delete()
#1 C:\xampp7\htdocs\try\vendor\codeigniter4\framework\system\BaseModel.php(963): CodeIgniter\Model->doDelete(NULL, false)
#2 C:\xampp7\htdocs\try\app\Controllers\Lpse\Templatedokumen.php(91): CodeIgniter\BaseModel->delete(NULL)
#3 C:\xampp7\htdocs\try\vendor\codeigniter4\framework\system\CodeIgniter.php(802): App\Controllers\Lpse\Templatedokumen->hapus()
#4 C:\xampp7\htdocs\try\vendor\codeigniter4\framework\system\CodeIgniter.php(399): CodeIgniter\CodeIgniter->runController(Object(App\Controllers\Lpse\Templatedokumen))
#5 C:\xampp7\htdocs\try\vendor\codeigniter4\framework\system\CodeIgniter.php(317): CodeIgniter\CodeIgniter->handleRequest(NULL, Object(Config\Cache), false)
#6 C:\xampp7\htdocs\try\public\index.php(37): CodeIgniter\CodeIgniter->run()
#7 C:\xampp7\htdocs\try\vendor\codeigniter4\framework\system\Commands\Server\rewrite.php(43): require_once('C:\\xampp7\\htdoc...')
#8 {main}
CRITICAL - 2024-12-18 05:48:36 --> Deletes are not allowed unless they contain a "where" or "like" clause.
#0 C:\xampp7\htdocs\try\vendor\codeigniter4\framework\system\Model.php(359): CodeIgniter\Database\BaseBuilder->delete()
#1 C:\xampp7\htdocs\try\vendor\codeigniter4\framework\system\BaseModel.php(963): CodeIgniter\Model->doDelete(NULL, false)
#2 C:\xampp7\htdocs\try\app\Controllers\Lpse\Templatedokumen.php(91): CodeIgniter\BaseModel->delete(NULL)
#3 C:\xampp7\htdocs\try\vendor\codeigniter4\framework\system\CodeIgniter.php(802): App\Controllers\Lpse\Templatedokumen->hapus()
#4 C:\xampp7\htdocs\try\vendor\codeigniter4\framework\system\CodeIgniter.php(399): CodeIgniter\CodeIgniter->runController(Object(App\Controllers\Lpse\Templatedokumen))
#5 C:\xampp7\htdocs\try\vendor\codeigniter4\framework\system\CodeIgniter.php(317): CodeIgniter\CodeIgniter->handleRequest(NULL, Object(Config\Cache), false)
#6 C:\xampp7\htdocs\try\public\index.php(37): CodeIgniter\CodeIgniter->run()
#7 C:\xampp7\htdocs\try\vendor\codeigniter4\framework\system\Commands\Server\rewrite.php(43): require_once('C:\\xampp7\\htdoc...')
#8 {main}
