CRITICAL - 2021-10-16 05:20:38 --> Undefined property: stdClass::$level_id
#0 C:\xampp\htdocs\login_v414\app\Views\tabel\menu.php(40): CodeIgniter\Debug\Exceptions->errorHandler(8, 'Undefined prope...', 'C:\\xampp\\htdocs...', 40, Array)
#1 C:\xampp\htdocs\login_v414\vendor\codeigniter4\framework\system\View\View.php(214): include('C:\\xampp\\htdocs...')
#2 C:\xampp\htdocs\login_v414\vendor\codeigniter4\framework\system\View\View.php(217): CodeIgniter\View\View->CodeIgniter\View\{closure}()
#3 C:\xampp\htdocs\login_v414\vendor\codeigniter4\framework\system\View\View.php(432): CodeIgniter\View\View->render('tabel/menu', NULL, true)
#4 C:\xampp\htdocs\login_v414\app\Views\admin\kelolamenu.php(45): CodeIgniter\View\View->include('tabel/menu')
#5 C:\xampp\htdocs\login_v414\vendor\codeigniter4\framework\system\View\View.php(214): include('C:\\xampp\\htdocs...')
#6 C:\xampp\htdocs\login_v414\vendor\codeigniter4\framework\system\View\View.php(217): CodeIgniter\View\View->CodeIgniter\View\{closure}()
#7 C:\xampp\htdocs\login_v414\vendor\codeigniter4\framework\system\Common.php(1092): CodeIgniter\View\View->render('admin/kelolamen...', Array, true)
#8 C:\xampp\htdocs\login_v414\app\Controllers\Admin\Manmenu.php(23): view('admin/kelolamen...', Array)
#9 C:\xampp\htdocs\login_v414\vendor\codeigniter4\framework\system\CodeIgniter.php(802): App\Controllers\Admin\Manmenu->index()
#10 C:\xampp\htdocs\login_v414\vendor\codeigniter4\framework\system\CodeIgniter.php(399): CodeIgniter\CodeIgniter->runController(Object(App\Controllers\Admin\Manmenu))
#11 C:\xampp\htdocs\login_v414\vendor\codeigniter4\framework\system\CodeIgniter.php(317): CodeIgniter\CodeIgniter->handleRequest(NULL, Object(Config\Cache), false)
#12 C:\xampp\htdocs\login_v414\public\index.php(37): CodeIgniter\CodeIgniter->run()
#13 C:\xampp\htdocs\login_v414\vendor\codeigniter4\framework\system\Commands\Server\rewrite.php(43): require_once('C:\\xampp\\htdocs...')
#14 {main}
CRITICAL - 2021-10-16 09:06:35 --> Trying to get property 'nama' of non-object
#0 C:\xampp\htdocs\login_v414\app\Controllers\Admin\Manmenu.php(68): CodeIgniter\Debug\Exceptions->errorHandler(8, 'Trying to get p...', 'C:\\xampp\\htdocs...', 68, Array)
#1 C:\xampp\htdocs\login_v414\vendor\codeigniter4\framework\system\CodeIgniter.php(802): App\Controllers\Admin\Manmenu->update()
#2 C:\xampp\htdocs\login_v414\vendor\codeigniter4\framework\system\CodeIgniter.php(399): CodeIgniter\CodeIgniter->runController(Object(App\Controllers\Admin\Manmenu))
#3 C:\xampp\htdocs\login_v414\vendor\codeigniter4\framework\system\CodeIgniter.php(317): CodeIgniter\CodeIgniter->handleRequest(NULL, Object(Config\Cache), false)
#4 C:\xampp\htdocs\login_v414\public\index.php(37): CodeIgniter\CodeIgniter->run()
#5 C:\xampp\htdocs\login_v414\vendor\codeigniter4\framework\system\Commands\Server\rewrite.php(43): require_once('C:\\xampp\\htdocs...')
#6 {main}
CRITICAL - 2021-10-16 09:20:45 --> Trying to get property 'nama' of non-object
#0 C:\xampp\htdocs\login_v414\app\Controllers\Admin\Manmenu.php(68): CodeIgniter\Debug\Exceptions->errorHandler(8, 'Trying to get p...', 'C:\\xampp\\htdocs...', 68, Array)
#1 C:\xampp\htdocs\login_v414\vendor\codeigniter4\framework\system\CodeIgniter.php(802): App\Controllers\Admin\Manmenu->update()
#2 C:\xampp\htdocs\login_v414\vendor\codeigniter4\framework\system\CodeIgniter.php(399): CodeIgniter\CodeIgniter->runController(Object(App\Controllers\Admin\Manmenu))
#3 C:\xampp\htdocs\login_v414\vendor\codeigniter4\framework\system\CodeIgniter.php(317): CodeIgniter\CodeIgniter->handleRequest(NULL, Object(Config\Cache), false)
#4 C:\xampp\htdocs\login_v414\public\index.php(37): CodeIgniter\CodeIgniter->run()
#5 C:\xampp\htdocs\login_v414\vendor\codeigniter4\framework\system\Commands\Server\rewrite.php(43): require_once('C:\\xampp\\htdocs...')
#6 {main}
CRITICAL - 2021-10-16 09:21:00 --> Trying to get property 'nama' of non-object
#0 C:\xampp\htdocs\login_v414\app\Controllers\Admin\Manmenu.php(68): CodeIgniter\Debug\Exceptions->errorHandler(8, 'Trying to get p...', 'C:\\xampp\\htdocs...', 68, Array)
#1 C:\xampp\htdocs\login_v414\vendor\codeigniter4\framework\system\CodeIgniter.php(802): App\Controllers\Admin\Manmenu->update()
#2 C:\xampp\htdocs\login_v414\vendor\codeigniter4\framework\system\CodeIgniter.php(399): CodeIgniter\CodeIgniter->runController(Object(App\Controllers\Admin\Manmenu))
#3 C:\xampp\htdocs\login_v414\vendor\codeigniter4\framework\system\CodeIgniter.php(317): CodeIgniter\CodeIgniter->handleRequest(NULL, Object(Config\Cache), false)
#4 C:\xampp\htdocs\login_v414\public\index.php(37): CodeIgniter\CodeIgniter->run()
#5 C:\xampp\htdocs\login_v414\vendor\codeigniter4\framework\system\Commands\Server\rewrite.php(43): require_once('C:\\xampp\\htdocs...')
#6 {main}
CRITICAL - 2021-10-16 09:21:14 --> Trying to get property 'nama' of non-object
#0 C:\xampp\htdocs\login_v414\app\Controllers\Admin\Manmenu.php(68): CodeIgniter\Debug\Exceptions->errorHandler(8, 'Trying to get p...', 'C:\\xampp\\htdocs...', 68, Array)
#1 C:\xampp\htdocs\login_v414\vendor\codeigniter4\framework\system\CodeIgniter.php(802): App\Controllers\Admin\Manmenu->update()
#2 C:\xampp\htdocs\login_v414\vendor\codeigniter4\framework\system\CodeIgniter.php(399): CodeIgniter\CodeIgniter->runController(Object(App\Controllers\Admin\Manmenu))
#3 C:\xampp\htdocs\login_v414\vendor\codeigniter4\framework\system\CodeIgniter.php(317): CodeIgniter\CodeIgniter->handleRequest(NULL, Object(Config\Cache), false)
#4 C:\xampp\htdocs\login_v414\public\index.php(37): CodeIgniter\CodeIgniter->run()
#5 C:\xampp\htdocs\login_v414\vendor\codeigniter4\framework\system\Commands\Server\rewrite.php(43): require_once('C:\\xampp\\htdocs...')
#6 {main}
CRITICAL - 2021-10-16 09:24:09 --> Trying to get property 'nama' of non-object
#0 C:\xampp\htdocs\login_v414\app\Controllers\Admin\Manmenu.php(69): CodeIgniter\Debug\Exceptions->errorHandler(8, 'Trying to get p...', 'C:\\xampp\\htdocs...', 69, Array)
#1 C:\xampp\htdocs\login_v414\vendor\codeigniter4\framework\system\CodeIgniter.php(802): App\Controllers\Admin\Manmenu->update()
#2 C:\xampp\htdocs\login_v414\vendor\codeigniter4\framework\system\CodeIgniter.php(399): CodeIgniter\CodeIgniter->runController(Object(App\Controllers\Admin\Manmenu))
#3 C:\xampp\htdocs\login_v414\vendor\codeigniter4\framework\system\CodeIgniter.php(317): CodeIgniter\CodeIgniter->handleRequest(NULL, Object(Config\Cache), false)
#4 C:\xampp\htdocs\login_v414\public\index.php(37): CodeIgniter\CodeIgniter->run()
#5 C:\xampp\htdocs\login_v414\vendor\codeigniter4\framework\system\Commands\Server\rewrite.php(43): require_once('C:\\xampp\\htdocs...')
#6 {main}
CRITICAL - 2021-10-16 09:25:00 --> Trying to get property 'nama' of non-object
#0 C:\xampp\htdocs\login_v414\app\Controllers\Admin\Manmenu.php(69): CodeIgniter\Debug\Exceptions->errorHandler(8, 'Trying to get p...', 'C:\\xampp\\htdocs...', 69, Array)
#1 C:\xampp\htdocs\login_v414\vendor\codeigniter4\framework\system\CodeIgniter.php(802): App\Controllers\Admin\Manmenu->update()
#2 C:\xampp\htdocs\login_v414\vendor\codeigniter4\framework\system\CodeIgniter.php(399): CodeIgniter\CodeIgniter->runController(Object(App\Controllers\Admin\Manmenu))
#3 C:\xampp\htdocs\login_v414\vendor\codeigniter4\framework\system\CodeIgniter.php(317): CodeIgniter\CodeIgniter->handleRequest(NULL, Object(Config\Cache), false)
#4 C:\xampp\htdocs\login_v414\public\index.php(37): CodeIgniter\CodeIgniter->run()
#5 C:\xampp\htdocs\login_v414\vendor\codeigniter4\framework\system\Commands\Server\rewrite.php(43): require_once('C:\\xampp\\htdocs...')
#6 {main}
CRITICAL - 2021-10-16 09:48:53 --> Too few arguments to function App\Controllers\Admin\Manmenu::index(), 0 passed in C:\xampp\htdocs\login_v414\vendor\codeigniter4\framework\system\CodeIgniter.php on line 802 and exactly 1 expected
#0 C:\xampp\htdocs\login_v414\vendor\codeigniter4\framework\system\CodeIgniter.php(802): App\Controllers\Admin\Manmenu->index()
#1 C:\xampp\htdocs\login_v414\vendor\codeigniter4\framework\system\CodeIgniter.php(399): CodeIgniter\CodeIgniter->runController(Object(App\Controllers\Admin\Manmenu))
#2 C:\xampp\htdocs\login_v414\vendor\codeigniter4\framework\system\CodeIgniter.php(317): CodeIgniter\CodeIgniter->handleRequest(NULL, Object(Config\Cache), false)
#3 C:\xampp\htdocs\login_v414\public\index.php(37): CodeIgniter\CodeIgniter->run()
#4 C:\xampp\htdocs\login_v414\vendor\codeigniter4\framework\system\Commands\Server\rewrite.php(43): require_once('C:\\xampp\\htdocs...')
#5 {main}
CRITICAL - 2021-10-16 09:49:08 --> Too few arguments to function App\Controllers\Admin\Manmenu::index(), 0 passed in C:\xampp\htdocs\login_v414\vendor\codeigniter4\framework\system\CodeIgniter.php on line 802 and exactly 1 expected
#0 C:\xampp\htdocs\login_v414\vendor\codeigniter4\framework\system\CodeIgniter.php(802): App\Controllers\Admin\Manmenu->index()
#1 C:\xampp\htdocs\login_v414\vendor\codeigniter4\framework\system\CodeIgniter.php(399): CodeIgniter\CodeIgniter->runController(Object(App\Controllers\Admin\Manmenu))
#2 C:\xampp\htdocs\login_v414\vendor\codeigniter4\framework\system\CodeIgniter.php(317): CodeIgniter\CodeIgniter->handleRequest(NULL, Object(Config\Cache), false)
#3 C:\xampp\htdocs\login_v414\public\index.php(37): CodeIgniter\CodeIgniter->run()
#4 C:\xampp\htdocs\login_v414\vendor\codeigniter4\framework\system\Commands\Server\rewrite.php(43): require_once('C:\\xampp\\htdocs...')
#5 {main}
CRITICAL - 2021-10-16 09:49:51 --> Too few arguments to function App\Controllers\Admin\Manmenu::index(), 0 passed in C:\xampp\htdocs\login_v414\vendor\codeigniter4\framework\system\CodeIgniter.php on line 802 and exactly 1 expected
#0 C:\xampp\htdocs\login_v414\vendor\codeigniter4\framework\system\CodeIgniter.php(802): App\Controllers\Admin\Manmenu->index()
#1 C:\xampp\htdocs\login_v414\vendor\codeigniter4\framework\system\CodeIgniter.php(399): CodeIgniter\CodeIgniter->runController(Object(App\Controllers\Admin\Manmenu))
#2 C:\xampp\htdocs\login_v414\vendor\codeigniter4\framework\system\CodeIgniter.php(317): CodeIgniter\CodeIgniter->handleRequest(NULL, Object(Config\Cache), false)
#3 C:\xampp\htdocs\login_v414\public\index.php(37): CodeIgniter\CodeIgniter->run()
#4 C:\xampp\htdocs\login_v414\vendor\codeigniter4\framework\system\Commands\Server\rewrite.php(43): require_once('C:\\xampp\\htdocs...')
#5 {main}
CRITICAL - 2021-10-16 09:52:15 --> Too few arguments to function App\Controllers\Admin\Manmenu::index(), 0 passed in C:\xampp\htdocs\login_v414\vendor\codeigniter4\framework\system\CodeIgniter.php on line 802 and exactly 1 expected
#0 C:\xampp\htdocs\login_v414\vendor\codeigniter4\framework\system\CodeIgniter.php(802): App\Controllers\Admin\Manmenu->index()
#1 C:\xampp\htdocs\login_v414\vendor\codeigniter4\framework\system\CodeIgniter.php(399): CodeIgniter\CodeIgniter->runController(Object(App\Controllers\Admin\Manmenu))
#2 C:\xampp\htdocs\login_v414\vendor\codeigniter4\framework\system\CodeIgniter.php(317): CodeIgniter\CodeIgniter->handleRequest(NULL, Object(Config\Cache), false)
#3 C:\xampp\htdocs\login_v414\public\index.php(37): CodeIgniter\CodeIgniter->run()
#4 C:\xampp\htdocs\login_v414\vendor\codeigniter4\framework\system\Commands\Server\rewrite.php(43): require_once('C:\\xampp\\htdocs...')
#5 {main}
CRITICAL - 2021-10-16 09:52:17 --> Too few arguments to function App\Controllers\Admin\Manmenu::index(), 0 passed in C:\xampp\htdocs\login_v414\vendor\codeigniter4\framework\system\CodeIgniter.php on line 802 and exactly 1 expected
#0 C:\xampp\htdocs\login_v414\vendor\codeigniter4\framework\system\CodeIgniter.php(802): App\Controllers\Admin\Manmenu->index()
#1 C:\xampp\htdocs\login_v414\vendor\codeigniter4\framework\system\CodeIgniter.php(399): CodeIgniter\CodeIgniter->runController(Object(App\Controllers\Admin\Manmenu))
#2 C:\xampp\htdocs\login_v414\vendor\codeigniter4\framework\system\CodeIgniter.php(317): CodeIgniter\CodeIgniter->handleRequest(NULL, Object(Config\Cache), false)
#3 C:\xampp\htdocs\login_v414\public\index.php(37): CodeIgniter\CodeIgniter->run()
#4 C:\xampp\htdocs\login_v414\vendor\codeigniter4\framework\system\Commands\Server\rewrite.php(43): require_once('C:\\xampp\\htdocs...')
#5 {main}
CRITICAL - 2021-10-16 09:52:21 --> Too few arguments to function App\Controllers\Admin\Manmenu::index(), 0 passed in C:\xampp\htdocs\login_v414\vendor\codeigniter4\framework\system\CodeIgniter.php on line 802 and exactly 1 expected
#0 C:\xampp\htdocs\login_v414\vendor\codeigniter4\framework\system\CodeIgniter.php(802): App\Controllers\Admin\Manmenu->index()
#1 C:\xampp\htdocs\login_v414\vendor\codeigniter4\framework\system\CodeIgniter.php(399): CodeIgniter\CodeIgniter->runController(Object(App\Controllers\Admin\Manmenu))
#2 C:\xampp\htdocs\login_v414\vendor\codeigniter4\framework\system\CodeIgniter.php(317): CodeIgniter\CodeIgniter->handleRequest(NULL, Object(Config\Cache), false)
#3 C:\xampp\htdocs\login_v414\public\index.php(37): CodeIgniter\CodeIgniter->run()
#4 C:\xampp\htdocs\login_v414\vendor\codeigniter4\framework\system\Commands\Server\rewrite.php(43): require_once('C:\\xampp\\htdocs...')
#5 {main}
CRITICAL - 2021-10-16 09:52:22 --> Too few arguments to function App\Controllers\Admin\Manmenu::index(), 0 passed in C:\xampp\htdocs\login_v414\vendor\codeigniter4\framework\system\CodeIgniter.php on line 802 and exactly 1 expected
#0 C:\xampp\htdocs\login_v414\vendor\codeigniter4\framework\system\CodeIgniter.php(802): App\Controllers\Admin\Manmenu->index()
#1 C:\xampp\htdocs\login_v414\vendor\codeigniter4\framework\system\CodeIgniter.php(399): CodeIgniter\CodeIgniter->runController(Object(App\Controllers\Admin\Manmenu))
#2 C:\xampp\htdocs\login_v414\vendor\codeigniter4\framework\system\CodeIgniter.php(317): CodeIgniter\CodeIgniter->handleRequest(NULL, Object(Config\Cache), false)
#3 C:\xampp\htdocs\login_v414\public\index.php(37): CodeIgniter\CodeIgniter->run()
#4 C:\xampp\htdocs\login_v414\vendor\codeigniter4\framework\system\Commands\Server\rewrite.php(43): require_once('C:\\xampp\\htdocs...')
#5 {main}
CRITICAL - 2021-10-16 09:52:29 --> Too few arguments to function App\Controllers\Admin\Manmenu::index(), 0 passed in C:\xampp\htdocs\login_v414\vendor\codeigniter4\framework\system\CodeIgniter.php on line 802 and exactly 1 expected
#0 C:\xampp\htdocs\login_v414\vendor\codeigniter4\framework\system\CodeIgniter.php(802): App\Controllers\Admin\Manmenu->index()
#1 C:\xampp\htdocs\login_v414\vendor\codeigniter4\framework\system\CodeIgniter.php(399): CodeIgniter\CodeIgniter->runController(Object(App\Controllers\Admin\Manmenu))
#2 C:\xampp\htdocs\login_v414\vendor\codeigniter4\framework\system\CodeIgniter.php(317): CodeIgniter\CodeIgniter->handleRequest(NULL, Object(Config\Cache), false)
#3 C:\xampp\htdocs\login_v414\public\index.php(37): CodeIgniter\CodeIgniter->run()
#4 C:\xampp\htdocs\login_v414\vendor\codeigniter4\framework\system\Commands\Server\rewrite.php(43): require_once('C:\\xampp\\htdocs...')
#5 {main}
CRITICAL - 2021-10-16 09:59:41 --> Undefined variable: sukses
#0 C:\xampp\htdocs\login_v414\app\Views\admin\kelolamenu.php(47): CodeIgniter\Debug\Exceptions->errorHandler(8, 'Undefined varia...', 'C:\\xampp\\htdocs...', 47, Array)
#1 C:\xampp\htdocs\login_v414\vendor\codeigniter4\framework\system\View\View.php(214): include('C:\\xampp\\htdocs...')
#2 C:\xampp\htdocs\login_v414\vendor\codeigniter4\framework\system\View\View.php(217): CodeIgniter\View\View->CodeIgniter\View\{closure}()
#3 C:\xampp\htdocs\login_v414\vendor\codeigniter4\framework\system\Common.php(1092): CodeIgniter\View\View->render('admin/kelolamen...', Array, true)
#4 C:\xampp\htdocs\login_v414\app\Controllers\Admin\Manmenu.php(23): view('admin/kelolamen...', Array)
#5 C:\xampp\htdocs\login_v414\vendor\codeigniter4\framework\system\CodeIgniter.php(802): App\Controllers\Admin\Manmenu->index()
#6 C:\xampp\htdocs\login_v414\vendor\codeigniter4\framework\system\CodeIgniter.php(399): CodeIgniter\CodeIgniter->runController(Object(App\Controllers\Admin\Manmenu))
#7 C:\xampp\htdocs\login_v414\vendor\codeigniter4\framework\system\CodeIgniter.php(317): CodeIgniter\CodeIgniter->handleRequest(NULL, Object(Config\Cache), false)
#8 C:\xampp\htdocs\login_v414\public\index.php(37): CodeIgniter\CodeIgniter->run()
#9 C:\xampp\htdocs\login_v414\vendor\codeigniter4\framework\system\Commands\Server\rewrite.php(43): require_once('C:\\xampp\\htdocs...')
#10 {main}
CRITICAL - 2021-10-16 09:59:43 --> Undefined variable: sukses
#0 C:\xampp\htdocs\login_v414\app\Views\admin\kelolamenu.php(47): CodeIgniter\Debug\Exceptions->errorHandler(8, 'Undefined varia...', 'C:\\xampp\\htdocs...', 47, Array)
#1 C:\xampp\htdocs\login_v414\vendor\codeigniter4\framework\system\View\View.php(214): include('C:\\xampp\\htdocs...')
#2 C:\xampp\htdocs\login_v414\vendor\codeigniter4\framework\system\View\View.php(217): CodeIgniter\View\View->CodeIgniter\View\{closure}()
#3 C:\xampp\htdocs\login_v414\vendor\codeigniter4\framework\system\Common.php(1092): CodeIgniter\View\View->render('admin/kelolamen...', Array, true)
#4 C:\xampp\htdocs\login_v414\app\Controllers\Admin\Manmenu.php(23): view('admin/kelolamen...', Array)
#5 C:\xampp\htdocs\login_v414\vendor\codeigniter4\framework\system\CodeIgniter.php(802): App\Controllers\Admin\Manmenu->index()
#6 C:\xampp\htdocs\login_v414\vendor\codeigniter4\framework\system\CodeIgniter.php(399): CodeIgniter\CodeIgniter->runController(Object(App\Controllers\Admin\Manmenu))
#7 C:\xampp\htdocs\login_v414\vendor\codeigniter4\framework\system\CodeIgniter.php(317): CodeIgniter\CodeIgniter->handleRequest(NULL, Object(Config\Cache), false)
#8 C:\xampp\htdocs\login_v414\public\index.php(37): CodeIgniter\CodeIgniter->run()
#9 C:\xampp\htdocs\login_v414\vendor\codeigniter4\framework\system\Commands\Server\rewrite.php(43): require_once('C:\\xampp\\htdocs...')
#10 {main}
CRITICAL - 2021-10-16 09:59:45 --> Undefined variable: sukses
#0 C:\xampp\htdocs\login_v414\app\Views\admin\kelolamenu.php(47): CodeIgniter\Debug\Exceptions->errorHandler(8, 'Undefined varia...', 'C:\\xampp\\htdocs...', 47, Array)
#1 C:\xampp\htdocs\login_v414\vendor\codeigniter4\framework\system\View\View.php(214): include('C:\\xampp\\htdocs...')
#2 C:\xampp\htdocs\login_v414\vendor\codeigniter4\framework\system\View\View.php(217): CodeIgniter\View\View->CodeIgniter\View\{closure}()
#3 C:\xampp\htdocs\login_v414\vendor\codeigniter4\framework\system\Common.php(1092): CodeIgniter\View\View->render('admin/kelolamen...', Array, true)
#4 C:\xampp\htdocs\login_v414\app\Controllers\Admin\Manmenu.php(23): view('admin/kelolamen...', Array)
#5 C:\xampp\htdocs\login_v414\vendor\codeigniter4\framework\system\CodeIgniter.php(802): App\Controllers\Admin\Manmenu->index()
#6 C:\xampp\htdocs\login_v414\vendor\codeigniter4\framework\system\CodeIgniter.php(399): CodeIgniter\CodeIgniter->runController(Object(App\Controllers\Admin\Manmenu))
#7 C:\xampp\htdocs\login_v414\vendor\codeigniter4\framework\system\CodeIgniter.php(317): CodeIgniter\CodeIgniter->handleRequest(NULL, Object(Config\Cache), false)
#8 C:\xampp\htdocs\login_v414\public\index.php(37): CodeIgniter\CodeIgniter->run()
#9 C:\xampp\htdocs\login_v414\vendor\codeigniter4\framework\system\Commands\Server\rewrite.php(43): require_once('C:\\xampp\\htdocs...')
#10 {main}
CRITICAL - 2021-10-16 09:59:49 --> Undefined variable: sukses
#0 C:\xampp\htdocs\login_v414\app\Views\admin\kelolamenu.php(47): CodeIgniter\Debug\Exceptions->errorHandler(8, 'Undefined varia...', 'C:\\xampp\\htdocs...', 47, Array)
#1 C:\xampp\htdocs\login_v414\vendor\codeigniter4\framework\system\View\View.php(214): include('C:\\xampp\\htdocs...')
#2 C:\xampp\htdocs\login_v414\vendor\codeigniter4\framework\system\View\View.php(217): CodeIgniter\View\View->CodeIgniter\View\{closure}()
#3 C:\xampp\htdocs\login_v414\vendor\codeigniter4\framework\system\Common.php(1092): CodeIgniter\View\View->render('admin/kelolamen...', Array, true)
#4 C:\xampp\htdocs\login_v414\app\Controllers\Admin\Manmenu.php(23): view('admin/kelolamen...', Array)
#5 C:\xampp\htdocs\login_v414\vendor\codeigniter4\framework\system\CodeIgniter.php(802): App\Controllers\Admin\Manmenu->index()
#6 C:\xampp\htdocs\login_v414\vendor\codeigniter4\framework\system\CodeIgniter.php(399): CodeIgniter\CodeIgniter->runController(Object(App\Controllers\Admin\Manmenu))
#7 C:\xampp\htdocs\login_v414\vendor\codeigniter4\framework\system\CodeIgniter.php(317): CodeIgniter\CodeIgniter->handleRequest(NULL, Object(Config\Cache), false)
#8 C:\xampp\htdocs\login_v414\public\index.php(37): CodeIgniter\CodeIgniter->run()
#9 C:\xampp\htdocs\login_v414\vendor\codeigniter4\framework\system\Commands\Server\rewrite.php(43): require_once('C:\\xampp\\htdocs...')
#10 {main}
CRITICAL - 2021-10-16 23:11:32 --> Cannot declare class App\Controllers\Admin\Manmenu, because the name is already in use
#0 [internal function]: CodeIgniter\Debug\Exceptions->shutdownHandler()
#1 {main}
CRITICAL - 2021-10-16 23:12:45 --> Undefined property: stdClass::$aktif
#0 C:\xampp\htdocs\login_v414\app\Views\tabel\user.php(29): CodeIgniter\Debug\Exceptions->errorHandler(8, 'Undefined prope...', 'C:\\xampp\\htdocs...', 29, Array)
#1 C:\xampp\htdocs\login_v414\vendor\codeigniter4\framework\system\View\View.php(214): include('C:\\xampp\\htdocs...')
#2 C:\xampp\htdocs\login_v414\vendor\codeigniter4\framework\system\View\View.php(217): CodeIgniter\View\View->CodeIgniter\View\{closure}()
#3 C:\xampp\htdocs\login_v414\vendor\codeigniter4\framework\system\View\View.php(432): CodeIgniter\View\View->render('tabel/user', NULL, true)
#4 C:\xampp\htdocs\login_v414\app\Views\admin\kelolauser.php(46): CodeIgniter\View\View->include('tabel/user')
#5 C:\xampp\htdocs\login_v414\vendor\codeigniter4\framework\system\View\View.php(214): include('C:\\xampp\\htdocs...')
#6 C:\xampp\htdocs\login_v414\vendor\codeigniter4\framework\system\View\View.php(217): CodeIgniter\View\View->CodeIgniter\View\{closure}()
#7 C:\xampp\htdocs\login_v414\vendor\codeigniter4\framework\system\Common.php(1092): CodeIgniter\View\View->render('admin/kelolause...', Array, true)
#8 C:\xampp\htdocs\login_v414\app\Controllers\Admin\Manuser.php(24): view('admin/kelolause...', Array)
#9 C:\xampp\htdocs\login_v414\vendor\codeigniter4\framework\system\CodeIgniter.php(802): App\Controllers\Admin\Manuser->index()
#10 C:\xampp\htdocs\login_v414\vendor\codeigniter4\framework\system\CodeIgniter.php(399): CodeIgniter\CodeIgniter->runController(Object(App\Controllers\Admin\Manuser))
#11 C:\xampp\htdocs\login_v414\vendor\codeigniter4\framework\system\CodeIgniter.php(317): CodeIgniter\CodeIgniter->handleRequest(NULL, Object(Config\Cache), false)
#12 C:\xampp\htdocs\login_v414\public\index.php(37): CodeIgniter\CodeIgniter->run()
#13 C:\xampp\htdocs\login_v414\vendor\codeigniter4\framework\system\Commands\Server\rewrite.php(43): require_once('C:\\xampp\\htdocs...')
#14 {main}
