CRITICAL - 2021-12-31 01:54:23 --> Undefined variable: session
#0 D:\project\login_ajax_lte\app\Views\user\notif_passwrd.php(4): CodeIgniter\Debug\Exceptions->errorHandler(8, 'Undefined varia...', 'D:\\project\\logi...', 4, Array)
#1 D:\project\login_ajax_lte\vendor\codeigniter4\framework\system\View\View.php(214): include('D:\\project\\logi...')
#2 D:\project\login_ajax_lte\vendor\codeigniter4\framework\system\View\View.php(217): CodeIgniter\View\View->CodeIgniter\View\{closure}()
#3 D:\project\login_ajax_lte\vendor\codeigniter4\framework\system\Common.php(1092): CodeIgniter\View\View->render('user/notif_pass...', Array, true)
#4 D:\project\login_ajax_lte\app\Controllers\Admin\Manuser.php(220): view('user/notif_pass...', Array)
#5 D:\project\login_ajax_lte\vendor\codeigniter4\framework\system\CodeIgniter.php(802): App\Controllers\Admin\Manuser->notif_password()
#6 D:\project\login_ajax_lte\vendor\codeigniter4\framework\system\CodeIgniter.php(399): CodeIgniter\CodeIgniter->runController(Object(App\Controllers\Admin\Manuser))
#7 D:\project\login_ajax_lte\vendor\codeigniter4\framework\system\CodeIgniter.php(317): CodeIgniter\CodeIgniter->handleRequest(NULL, Object(Config\Cache), false)
#8 D:\project\login_ajax_lte\public\index.php(37): CodeIgniter\CodeIgniter->run()
#9 D:\project\login_ajax_lte\vendor\codeigniter4\framework\system\Commands\Server\rewrite.php(43): require_once('D:\\project\\logi...')
#10 {main}
CRITICAL - 2021-12-31 01:54:39 --> Undefined variable: session
#0 D:\project\login_ajax_lte\app\Views\user\notif_passwrd.php(4): CodeIgniter\Debug\Exceptions->errorHandler(8, 'Undefined varia...', 'D:\\project\\logi...', 4, Array)
#1 D:\project\login_ajax_lte\vendor\codeigniter4\framework\system\View\View.php(214): include('D:\\project\\logi...')
#2 D:\project\login_ajax_lte\vendor\codeigniter4\framework\system\View\View.php(217): CodeIgniter\View\View->CodeIgniter\View\{closure}()
#3 D:\project\login_ajax_lte\vendor\codeigniter4\framework\system\Common.php(1092): CodeIgniter\View\View->render('user/notif_pass...', Array, true)
#4 D:\project\login_ajax_lte\app\Controllers\Admin\Manuser.php(220): view('user/notif_pass...', Array)
#5 D:\project\login_ajax_lte\vendor\codeigniter4\framework\system\CodeIgniter.php(802): App\Controllers\Admin\Manuser->notif_password()
#6 D:\project\login_ajax_lte\vendor\codeigniter4\framework\system\CodeIgniter.php(399): CodeIgniter\CodeIgniter->runController(Object(App\Controllers\Admin\Manuser))
#7 D:\project\login_ajax_lte\vendor\codeigniter4\framework\system\CodeIgniter.php(317): CodeIgniter\CodeIgniter->handleRequest(NULL, Object(Config\Cache), false)
#8 D:\project\login_ajax_lte\public\index.php(37): CodeIgniter\CodeIgniter->run()
#9 D:\project\login_ajax_lte\vendor\codeigniter4\framework\system\Commands\Server\rewrite.php(43): require_once('D:\\project\\logi...')
#10 {main}
CRITICAL - 2021-12-31 02:31:19 --> Undefined variable: session
#0 D:\project\login_ajax_lte\app\Views\user\notif_passwrd.php(4): CodeIgniter\Debug\Exceptions->errorHandler(8, 'Undefined varia...', 'D:\\project\\logi...', 4, Array)
#1 D:\project\login_ajax_lte\vendor\codeigniter4\framework\system\View\View.php(214): include('D:\\project\\logi...')
#2 D:\project\login_ajax_lte\vendor\codeigniter4\framework\system\View\View.php(217): CodeIgniter\View\View->CodeIgniter\View\{closure}()
#3 D:\project\login_ajax_lte\vendor\codeigniter4\framework\system\Common.php(1092): CodeIgniter\View\View->render('user/notif_pass...', Array, true)
#4 D:\project\login_ajax_lte\app\Controllers\Admin\Manuser.php(220): view('user/notif_pass...', Array)
#5 D:\project\login_ajax_lte\vendor\codeigniter4\framework\system\CodeIgniter.php(802): App\Controllers\Admin\Manuser->notif_resset()
#6 D:\project\login_ajax_lte\vendor\codeigniter4\framework\system\CodeIgniter.php(399): CodeIgniter\CodeIgniter->runController(Object(App\Controllers\Admin\Manuser))
#7 D:\project\login_ajax_lte\vendor\codeigniter4\framework\system\CodeIgniter.php(317): CodeIgniter\CodeIgniter->handleRequest(NULL, Object(Config\Cache), false)
#8 D:\project\login_ajax_lte\public\index.php(37): CodeIgniter\CodeIgniter->run()
#9 D:\project\login_ajax_lte\vendor\codeigniter4\framework\system\Commands\Server\rewrite.php(43): require_once('D:\\project\\logi...')
#10 {main}
CRITICAL - 2021-12-31 02:32:58 --> Undefined variable: session
#0 D:\project\login_ajax_lte\app\Views\user\notif_passwrd.php(4): CodeIgniter\Debug\Exceptions->errorHandler(8, 'Undefined varia...', 'D:\\project\\logi...', 4, Array)
#1 D:\project\login_ajax_lte\vendor\codeigniter4\framework\system\View\View.php(214): include('D:\\project\\logi...')
#2 D:\project\login_ajax_lte\vendor\codeigniter4\framework\system\View\View.php(217): CodeIgniter\View\View->CodeIgniter\View\{closure}()
#3 D:\project\login_ajax_lte\vendor\codeigniter4\framework\system\Common.php(1092): CodeIgniter\View\View->render('user/notif_pass...', Array, true)
#4 D:\project\login_ajax_lte\app\Controllers\Admin\Manuser.php(220): view('user/notif_pass...', Array)
#5 D:\project\login_ajax_lte\vendor\codeigniter4\framework\system\CodeIgniter.php(802): App\Controllers\Admin\Manuser->notif_resset()
#6 D:\project\login_ajax_lte\vendor\codeigniter4\framework\system\CodeIgniter.php(399): CodeIgniter\CodeIgniter->runController(Object(App\Controllers\Admin\Manuser))
#7 D:\project\login_ajax_lte\vendor\codeigniter4\framework\system\CodeIgniter.php(317): CodeIgniter\CodeIgniter->handleRequest(NULL, Object(Config\Cache), false)
#8 D:\project\login_ajax_lte\public\index.php(37): CodeIgniter\CodeIgniter->run()
#9 D:\project\login_ajax_lte\vendor\codeigniter4\framework\system\Commands\Server\rewrite.php(43): require_once('D:\\project\\logi...')
#10 {main}
CRITICAL - 2021-12-31 03:37:47 --> Undefined variable: session
#0 D:\project\login_ajax_lte\app\Views\user\notif_passwrd.php(4): CodeIgniter\Debug\Exceptions->errorHandler(8, 'Undefined varia...', 'D:\\project\\logi...', 4, Array)
#1 D:\project\login_ajax_lte\vendor\codeigniter4\framework\system\View\View.php(214): include('D:\\project\\logi...')
#2 D:\project\login_ajax_lte\vendor\codeigniter4\framework\system\View\View.php(217): CodeIgniter\View\View->CodeIgniter\View\{closure}()
#3 D:\project\login_ajax_lte\vendor\codeigniter4\framework\system\Common.php(1092): CodeIgniter\View\View->render('user/notif_pass...', Array, true)
#4 D:\project\login_ajax_lte\app\Controllers\Admin\Manuser.php(220): view('user/notif_pass...', Array)
#5 D:\project\login_ajax_lte\vendor\codeigniter4\framework\system\CodeIgniter.php(802): App\Controllers\Admin\Manuser->notif_resset()
#6 D:\project\login_ajax_lte\vendor\codeigniter4\framework\system\CodeIgniter.php(399): CodeIgniter\CodeIgniter->runController(Object(App\Controllers\Admin\Manuser))
#7 D:\project\login_ajax_lte\vendor\codeigniter4\framework\system\CodeIgniter.php(317): CodeIgniter\CodeIgniter->handleRequest(NULL, Object(Config\Cache), false)
#8 D:\project\login_ajax_lte\public\index.php(37): CodeIgniter\CodeIgniter->run()
#9 D:\project\login_ajax_lte\vendor\codeigniter4\framework\system\Commands\Server\rewrite.php(43): require_once('D:\\project\\logi...')
#10 {main}
CRITICAL - 2021-12-31 03:43:28 --> Undefined variable: session
#0 D:\project\login_ajax_lte\app\Views\user\notif_passwrd.php(4): CodeIgniter\Debug\Exceptions->errorHandler(8, 'Undefined varia...', 'D:\\project\\logi...', 4, Array)
#1 D:\project\login_ajax_lte\vendor\codeigniter4\framework\system\View\View.php(214): include('D:\\project\\logi...')
#2 D:\project\login_ajax_lte\vendor\codeigniter4\framework\system\View\View.php(217): CodeIgniter\View\View->CodeIgniter\View\{closure}()
#3 D:\project\login_ajax_lte\vendor\codeigniter4\framework\system\Common.php(1092): CodeIgniter\View\View->render('user/notif_pass...', Array, true)
#4 D:\project\login_ajax_lte\app\Controllers\Admin\Manuser.php(220): view('user/notif_pass...', Array)
#5 D:\project\login_ajax_lte\vendor\codeigniter4\framework\system\CodeIgniter.php(802): App\Controllers\Admin\Manuser->notif_resset()
#6 D:\project\login_ajax_lte\vendor\codeigniter4\framework\system\CodeIgniter.php(399): CodeIgniter\CodeIgniter->runController(Object(App\Controllers\Admin\Manuser))
#7 D:\project\login_ajax_lte\vendor\codeigniter4\framework\system\CodeIgniter.php(317): CodeIgniter\CodeIgniter->handleRequest(NULL, Object(Config\Cache), false)
#8 D:\project\login_ajax_lte\public\index.php(37): CodeIgniter\CodeIgniter->run()
#9 D:\project\login_ajax_lte\vendor\codeigniter4\framework\system\Commands\Server\rewrite.php(43): require_once('D:\\project\\logi...')
#10 {main}
