CRITICAL - 2021-10-20 02:35:57 --> Trying to get property 'username' of non-object
#0 C:\xampp\htdocs\login_v414\app\Controllers\Admin\Manuser.php(37): CodeIgniter\Debug\Exceptions->errorHandler(8, 'Trying to get p...', 'C:\\xampp\\htdocs...', 37, Array)
#1 C:\xampp\htdocs\login_v414\vendor\codeigniter4\framework\system\CodeIgniter.php(802): App\Controllers\Admin\Manuser->edit('url_employee')
#2 C:\xampp\htdocs\login_v414\vendor\codeigniter4\framework\system\CodeIgniter.php(399): CodeIgniter\CodeIgniter->runController(Object(App\Controllers\Admin\Manuser))
#3 C:\xampp\htdocs\login_v414\vendor\codeigniter4\framework\system\CodeIgniter.php(317): CodeIgniter\CodeIgniter->handleRequest(NULL, Object(Config\Cache), false)
#4 C:\xampp\htdocs\login_v414\public\index.php(37): CodeIgniter\CodeIgniter->run()
#5 C:\xampp\htdocs\login_v414\vendor\codeigniter4\framework\system\Commands\Server\rewrite.php(43): require_once('C:\\xampp\\htdocs...')
#6 {main}
CRITICAL - 2021-10-20 02:39:29 --> Cannot declare class App\Controllers\Emloyee\Home, because the name is already in use
#0 [internal function]: CodeIgniter\Debug\Exceptions->shutdownHandler()
#1 {main}
CRITICAL - 2021-10-20 02:47:56 --> Undefined variable: dtmenu
#0 C:\xampp\htdocs\login_v414\app\Views\shared_page\sidebar_menu.php(28): CodeIgniter\Debug\Exceptions->errorHandler(8, 'Undefined varia...', 'C:\\xampp\\htdocs...', 28, Array)
#1 C:\xampp\htdocs\login_v414\vendor\codeigniter4\framework\system\View\View.php(214): include('C:\\xampp\\htdocs...')
#2 C:\xampp\htdocs\login_v414\vendor\codeigniter4\framework\system\View\View.php(217): CodeIgniter\View\View->CodeIgniter\View\{closure}()
#3 C:\xampp\htdocs\login_v414\vendor\codeigniter4\framework\system\View\View.php(432): CodeIgniter\View\View->render('shared_page/sid...', NULL, true)
#4 C:\xampp\htdocs\login_v414\app\Views\shared_page\template.php(20): CodeIgniter\View\View->include('shared_page/sid...')
#5 C:\xampp\htdocs\login_v414\vendor\codeigniter4\framework\system\View\View.php(214): include('C:\\xampp\\htdocs...')
#6 C:\xampp\htdocs\login_v414\vendor\codeigniter4\framework\system\View\View.php(217): CodeIgniter\View\View->CodeIgniter\View\{closure}()
#7 C:\xampp\htdocs\login_v414\vendor\codeigniter4\framework\system\View\View.php(230): CodeIgniter\View\View->render('shared_page/tem...', Array, true)
#8 C:\xampp\htdocs\login_v414\vendor\codeigniter4\framework\system\Common.php(1092): CodeIgniter\View\View->render('employee/halawa...', Array, true)
#9 C:\xampp\htdocs\login_v414\app\Controllers\Employee\Home.php(11): view('employee/halawa...')
#10 C:\xampp\htdocs\login_v414\vendor\codeigniter4\framework\system\CodeIgniter.php(802): App\Controllers\Employee\Home->index()
#11 C:\xampp\htdocs\login_v414\vendor\codeigniter4\framework\system\CodeIgniter.php(399): CodeIgniter\CodeIgniter->runController(Object(App\Controllers\Employee\Home))
#12 C:\xampp\htdocs\login_v414\vendor\codeigniter4\framework\system\CodeIgniter.php(317): CodeIgniter\CodeIgniter->handleRequest(NULL, Object(Config\Cache), false)
#13 C:\xampp\htdocs\login_v414\public\index.php(37): CodeIgniter\CodeIgniter->run()
#14 C:\xampp\htdocs\login_v414\vendor\codeigniter4\framework\system\Commands\Server\rewrite.php(43): require_once('C:\\xampp\\htdocs...')
#15 {main}
CRITICAL - 2021-10-20 02:49:59 --> Undefined property: App\Controllers\Employee\Home::$menuModel
#0 C:\xampp\htdocs\login_v414\app\Controllers\Employee\Home.php(16): CodeIgniter\Debug\Exceptions->errorHandler(8, 'Undefined prope...', 'C:\\xampp\\htdocs...', 16, Array)
#1 C:\xampp\htdocs\login_v414\vendor\codeigniter4\framework\system\CodeIgniter.php(802): App\Controllers\Employee\Home->index()
#2 C:\xampp\htdocs\login_v414\vendor\codeigniter4\framework\system\CodeIgniter.php(399): CodeIgniter\CodeIgniter->runController(Object(App\Controllers\Employee\Home))
#3 C:\xampp\htdocs\login_v414\vendor\codeigniter4\framework\system\CodeIgniter.php(317): CodeIgniter\CodeIgniter->handleRequest(NULL, Object(Config\Cache), false)
#4 C:\xampp\htdocs\login_v414\public\index.php(37): CodeIgniter\CodeIgniter->run()
#5 C:\xampp\htdocs\login_v414\vendor\codeigniter4\framework\system\Commands\Server\rewrite.php(43): require_once('C:\\xampp\\htdocs...')
#6 {main}
CRITICAL - 2021-10-20 03:24:57 --> Undefined variable: session
#0 C:\xampp\htdocs\login_v414\app\Views\shared_page\right_navbar.php(61): CodeIgniter\Debug\Exceptions->errorHandler(8, 'Undefined varia...', 'C:\\xampp\\htdocs...', 61, Array)
#1 C:\xampp\htdocs\login_v414\vendor\codeigniter4\framework\system\View\View.php(214): include('C:\\xampp\\htdocs...')
#2 C:\xampp\htdocs\login_v414\vendor\codeigniter4\framework\system\View\View.php(217): CodeIgniter\View\View->CodeIgniter\View\{closure}()
#3 C:\xampp\htdocs\login_v414\vendor\codeigniter4\framework\system\View\View.php(432): CodeIgniter\View\View->render('shared_page/rig...', NULL, true)
#4 C:\xampp\htdocs\login_v414\app\Views\shared_page\template.php(14): CodeIgniter\View\View->include('shared_page/rig...')
#5 C:\xampp\htdocs\login_v414\vendor\codeigniter4\framework\system\View\View.php(214): include('C:\\xampp\\htdocs...')
#6 C:\xampp\htdocs\login_v414\vendor\codeigniter4\framework\system\View\View.php(217): CodeIgniter\View\View->CodeIgniter\View\{closure}()
#7 C:\xampp\htdocs\login_v414\vendor\codeigniter4\framework\system\View\View.php(230): CodeIgniter\View\View->render('shared_page/tem...', Array, true)
#8 C:\xampp\htdocs\login_v414\vendor\codeigniter4\framework\system\Common.php(1092): CodeIgniter\View\View->render('supervisor/hala...', Array, true)
#9 C:\xampp\htdocs\login_v414\app\Controllers\Supervisor\Home.php(20): view('supervisor/hala...', Array)
#10 C:\xampp\htdocs\login_v414\vendor\codeigniter4\framework\system\CodeIgniter.php(802): App\Controllers\Supervisor\Home->index()
#11 C:\xampp\htdocs\login_v414\vendor\codeigniter4\framework\system\CodeIgniter.php(399): CodeIgniter\CodeIgniter->runController(Object(App\Controllers\Supervisor\Home))
#12 C:\xampp\htdocs\login_v414\vendor\codeigniter4\framework\system\CodeIgniter.php(317): CodeIgniter\CodeIgniter->handleRequest(NULL, Object(Config\Cache), false)
#13 C:\xampp\htdocs\login_v414\public\index.php(37): CodeIgniter\CodeIgniter->run()
#14 C:\xampp\htdocs\login_v414\vendor\codeigniter4\framework\system\Commands\Server\rewrite.php(43): require_once('C:\\xampp\\htdocs...')
#15 {main}
CRITICAL - 2021-10-20 03:25:02 --> Undefined variable: session
#0 C:\xampp\htdocs\login_v414\app\Views\shared_page\right_navbar.php(61): CodeIgniter\Debug\Exceptions->errorHandler(8, 'Undefined varia...', 'C:\\xampp\\htdocs...', 61, Array)
#1 C:\xampp\htdocs\login_v414\vendor\codeigniter4\framework\system\View\View.php(214): include('C:\\xampp\\htdocs...')
#2 C:\xampp\htdocs\login_v414\vendor\codeigniter4\framework\system\View\View.php(217): CodeIgniter\View\View->CodeIgniter\View\{closure}()
#3 C:\xampp\htdocs\login_v414\vendor\codeigniter4\framework\system\View\View.php(432): CodeIgniter\View\View->render('shared_page/rig...', NULL, true)
#4 C:\xampp\htdocs\login_v414\app\Views\shared_page\template.php(14): CodeIgniter\View\View->include('shared_page/rig...')
#5 C:\xampp\htdocs\login_v414\vendor\codeigniter4\framework\system\View\View.php(214): include('C:\\xampp\\htdocs...')
#6 C:\xampp\htdocs\login_v414\vendor\codeigniter4\framework\system\View\View.php(217): CodeIgniter\View\View->CodeIgniter\View\{closure}()
#7 C:\xampp\htdocs\login_v414\vendor\codeigniter4\framework\system\View\View.php(230): CodeIgniter\View\View->render('shared_page/tem...', Array, true)
#8 C:\xampp\htdocs\login_v414\vendor\codeigniter4\framework\system\Common.php(1092): CodeIgniter\View\View->render('user/profile', Array, true)
#9 C:\xampp\htdocs\login_v414\app\Controllers\User\Profile.php(33): view('user/profile', Array)
#10 C:\xampp\htdocs\login_v414\vendor\codeigniter4\framework\system\CodeIgniter.php(802): App\Controllers\User\Profile->index()
#11 C:\xampp\htdocs\login_v414\vendor\codeigniter4\framework\system\CodeIgniter.php(399): CodeIgniter\CodeIgniter->runController(Object(App\Controllers\User\Profile))
#12 C:\xampp\htdocs\login_v414\vendor\codeigniter4\framework\system\CodeIgniter.php(317): CodeIgniter\CodeIgniter->handleRequest(NULL, Object(Config\Cache), false)
#13 C:\xampp\htdocs\login_v414\public\index.php(37): CodeIgniter\CodeIgniter->run()
#14 C:\xampp\htdocs\login_v414\vendor\codeigniter4\framework\system\Commands\Server\rewrite.php(43): require_once('C:\\xampp\\htdocs...')
#15 {main}
CRITICAL - 2021-10-20 03:25:04 --> Undefined variable: session
#0 C:\xampp\htdocs\login_v414\app\Views\shared_page\right_navbar.php(61): CodeIgniter\Debug\Exceptions->errorHandler(8, 'Undefined varia...', 'C:\\xampp\\htdocs...', 61, Array)
#1 C:\xampp\htdocs\login_v414\vendor\codeigniter4\framework\system\View\View.php(214): include('C:\\xampp\\htdocs...')
#2 C:\xampp\htdocs\login_v414\vendor\codeigniter4\framework\system\View\View.php(217): CodeIgniter\View\View->CodeIgniter\View\{closure}()
#3 C:\xampp\htdocs\login_v414\vendor\codeigniter4\framework\system\View\View.php(432): CodeIgniter\View\View->render('shared_page/rig...', NULL, true)
#4 C:\xampp\htdocs\login_v414\app\Views\shared_page\template.php(14): CodeIgniter\View\View->include('shared_page/rig...')
#5 C:\xampp\htdocs\login_v414\vendor\codeigniter4\framework\system\View\View.php(214): include('C:\\xampp\\htdocs...')
#6 C:\xampp\htdocs\login_v414\vendor\codeigniter4\framework\system\View\View.php(217): CodeIgniter\View\View->CodeIgniter\View\{closure}()
#7 C:\xampp\htdocs\login_v414\vendor\codeigniter4\framework\system\View\View.php(230): CodeIgniter\View\View->render('shared_page/tem...', Array, true)
#8 C:\xampp\htdocs\login_v414\vendor\codeigniter4\framework\system\Common.php(1092): CodeIgniter\View\View->render('employee/halawa...', Array, true)
#9 C:\xampp\htdocs\login_v414\app\Controllers\Employee\Home.php(20): view('employee/halawa...', Array)
#10 C:\xampp\htdocs\login_v414\vendor\codeigniter4\framework\system\CodeIgniter.php(802): App\Controllers\Employee\Home->index()
#11 C:\xampp\htdocs\login_v414\vendor\codeigniter4\framework\system\CodeIgniter.php(399): CodeIgniter\CodeIgniter->runController(Object(App\Controllers\Employee\Home))
#12 C:\xampp\htdocs\login_v414\vendor\codeigniter4\framework\system\CodeIgniter.php(317): CodeIgniter\CodeIgniter->handleRequest(NULL, Object(Config\Cache), false)
#13 C:\xampp\htdocs\login_v414\public\index.php(37): CodeIgniter\CodeIgniter->run()
#14 C:\xampp\htdocs\login_v414\vendor\codeigniter4\framework\system\Commands\Server\rewrite.php(43): require_once('C:\\xampp\\htdocs...')
#15 {main}
CRITICAL - 2021-10-20 03:25:06 --> Undefined variable: session
#0 C:\xampp\htdocs\login_v414\app\Views\shared_page\right_navbar.php(61): CodeIgniter\Debug\Exceptions->errorHandler(8, 'Undefined varia...', 'C:\\xampp\\htdocs...', 61, Array)
#1 C:\xampp\htdocs\login_v414\vendor\codeigniter4\framework\system\View\View.php(214): include('C:\\xampp\\htdocs...')
#2 C:\xampp\htdocs\login_v414\vendor\codeigniter4\framework\system\View\View.php(217): CodeIgniter\View\View->CodeIgniter\View\{closure}()
#3 C:\xampp\htdocs\login_v414\vendor\codeigniter4\framework\system\View\View.php(432): CodeIgniter\View\View->render('shared_page/rig...', NULL, true)
#4 C:\xampp\htdocs\login_v414\app\Views\shared_page\template.php(14): CodeIgniter\View\View->include('shared_page/rig...')
#5 C:\xampp\htdocs\login_v414\vendor\codeigniter4\framework\system\View\View.php(214): include('C:\\xampp\\htdocs...')
#6 C:\xampp\htdocs\login_v414\vendor\codeigniter4\framework\system\View\View.php(217): CodeIgniter\View\View->CodeIgniter\View\{closure}()
#7 C:\xampp\htdocs\login_v414\vendor\codeigniter4\framework\system\View\View.php(230): CodeIgniter\View\View->render('shared_page/tem...', Array, true)
#8 C:\xampp\htdocs\login_v414\vendor\codeigniter4\framework\system\Common.php(1092): CodeIgniter\View\View->render('admin/kelolause...', Array, true)
#9 C:\xampp\htdocs\login_v414\app\Controllers\Admin\Manuser.php(23): view('admin/kelolause...', Array)
#10 C:\xampp\htdocs\login_v414\vendor\codeigniter4\framework\system\CodeIgniter.php(802): App\Controllers\Admin\Manuser->index()
#11 C:\xampp\htdocs\login_v414\vendor\codeigniter4\framework\system\CodeIgniter.php(399): CodeIgniter\CodeIgniter->runController(Object(App\Controllers\Admin\Manuser))
#12 C:\xampp\htdocs\login_v414\vendor\codeigniter4\framework\system\CodeIgniter.php(317): CodeIgniter\CodeIgniter->handleRequest(NULL, Object(Config\Cache), false)
#13 C:\xampp\htdocs\login_v414\public\index.php(37): CodeIgniter\CodeIgniter->run()
#14 C:\xampp\htdocs\login_v414\vendor\codeigniter4\framework\system\Commands\Server\rewrite.php(43): require_once('C:\\xampp\\htdocs...')
#15 {main}
CRITICAL - 2021-10-20 03:25:07 --> Undefined variable: session
#0 C:\xampp\htdocs\login_v414\app\Views\shared_page\right_navbar.php(61): CodeIgniter\Debug\Exceptions->errorHandler(8, 'Undefined varia...', 'C:\\xampp\\htdocs...', 61, Array)
#1 C:\xampp\htdocs\login_v414\vendor\codeigniter4\framework\system\View\View.php(214): include('C:\\xampp\\htdocs...')
#2 C:\xampp\htdocs\login_v414\vendor\codeigniter4\framework\system\View\View.php(217): CodeIgniter\View\View->CodeIgniter\View\{closure}()
#3 C:\xampp\htdocs\login_v414\vendor\codeigniter4\framework\system\View\View.php(432): CodeIgniter\View\View->render('shared_page/rig...', NULL, true)
#4 C:\xampp\htdocs\login_v414\app\Views\shared_page\template.php(14): CodeIgniter\View\View->include('shared_page/rig...')
#5 C:\xampp\htdocs\login_v414\vendor\codeigniter4\framework\system\View\View.php(214): include('C:\\xampp\\htdocs...')
#6 C:\xampp\htdocs\login_v414\vendor\codeigniter4\framework\system\View\View.php(217): CodeIgniter\View\View->CodeIgniter\View\{closure}()
#7 C:\xampp\htdocs\login_v414\vendor\codeigniter4\framework\system\View\View.php(230): CodeIgniter\View\View->render('shared_page/tem...', Array, true)
#8 C:\xampp\htdocs\login_v414\vendor\codeigniter4\framework\system\Common.php(1092): CodeIgniter\View\View->render('admin/kelolamen...', Array, true)
#9 C:\xampp\htdocs\login_v414\app\Controllers\Admin\Manmenu.php(23): view('admin/kelolamen...', Array)
#10 C:\xampp\htdocs\login_v414\vendor\codeigniter4\framework\system\CodeIgniter.php(802): App\Controllers\Admin\Manmenu->index()
#11 C:\xampp\htdocs\login_v414\vendor\codeigniter4\framework\system\CodeIgniter.php(399): CodeIgniter\CodeIgniter->runController(Object(App\Controllers\Admin\Manmenu))
#12 C:\xampp\htdocs\login_v414\vendor\codeigniter4\framework\system\CodeIgniter.php(317): CodeIgniter\CodeIgniter->handleRequest(NULL, Object(Config\Cache), false)
#13 C:\xampp\htdocs\login_v414\public\index.php(37): CodeIgniter\CodeIgniter->run()
#14 C:\xampp\htdocs\login_v414\vendor\codeigniter4\framework\system\Commands\Server\rewrite.php(43): require_once('C:\\xampp\\htdocs...')
#15 {main}
CRITICAL - 2021-10-20 03:27:18 --> Undefined variable: session
#0 C:\xampp\htdocs\login_v414\app\Views\shared_page\right_navbar.php(62): CodeIgniter\Debug\Exceptions->errorHandler(8, 'Undefined varia...', 'C:\\xampp\\htdocs...', 62, Array)
#1 C:\xampp\htdocs\login_v414\vendor\codeigniter4\framework\system\View\View.php(214): include('C:\\xampp\\htdocs...')
#2 C:\xampp\htdocs\login_v414\vendor\codeigniter4\framework\system\View\View.php(217): CodeIgniter\View\View->CodeIgniter\View\{closure}()
#3 C:\xampp\htdocs\login_v414\vendor\codeigniter4\framework\system\View\View.php(432): CodeIgniter\View\View->render('shared_page/rig...', NULL, true)
#4 C:\xampp\htdocs\login_v414\app\Views\shared_page\template.php(14): CodeIgniter\View\View->include('shared_page/rig...')
#5 C:\xampp\htdocs\login_v414\vendor\codeigniter4\framework\system\View\View.php(214): include('C:\\xampp\\htdocs...')
#6 C:\xampp\htdocs\login_v414\vendor\codeigniter4\framework\system\View\View.php(217): CodeIgniter\View\View->CodeIgniter\View\{closure}()
#7 C:\xampp\htdocs\login_v414\vendor\codeigniter4\framework\system\View\View.php(230): CodeIgniter\View\View->render('shared_page/tem...', Array, true)
#8 C:\xampp\htdocs\login_v414\vendor\codeigniter4\framework\system\Common.php(1092): CodeIgniter\View\View->render('admin/kelolamen...', Array, true)
#9 C:\xampp\htdocs\login_v414\app\Controllers\Admin\Manmenu.php(23): view('admin/kelolamen...', Array)
#10 C:\xampp\htdocs\login_v414\vendor\codeigniter4\framework\system\CodeIgniter.php(802): App\Controllers\Admin\Manmenu->index()
#11 C:\xampp\htdocs\login_v414\vendor\codeigniter4\framework\system\CodeIgniter.php(399): CodeIgniter\CodeIgniter->runController(Object(App\Controllers\Admin\Manmenu))
#12 C:\xampp\htdocs\login_v414\vendor\codeigniter4\framework\system\CodeIgniter.php(317): CodeIgniter\CodeIgniter->handleRequest(NULL, Object(Config\Cache), false)
#13 C:\xampp\htdocs\login_v414\public\index.php(37): CodeIgniter\CodeIgniter->run()
#14 C:\xampp\htdocs\login_v414\vendor\codeigniter4\framework\system\Commands\Server\rewrite.php(43): require_once('C:\\xampp\\htdocs...')
#15 {main}
CRITICAL - 2021-10-20 03:31:09 --> Undefined variable: session
#0 C:\xampp\htdocs\login_v414\app\Views\shared_page\right_navbar.php(66): CodeIgniter\Debug\Exceptions->errorHandler(8, 'Undefined varia...', 'C:\\xampp\\htdocs...', 66, Array)
#1 C:\xampp\htdocs\login_v414\vendor\codeigniter4\framework\system\View\View.php(214): include('C:\\xampp\\htdocs...')
#2 C:\xampp\htdocs\login_v414\vendor\codeigniter4\framework\system\View\View.php(217): CodeIgniter\View\View->CodeIgniter\View\{closure}()
#3 C:\xampp\htdocs\login_v414\vendor\codeigniter4\framework\system\View\View.php(432): CodeIgniter\View\View->render('shared_page/rig...', NULL, true)
#4 C:\xampp\htdocs\login_v414\app\Views\shared_page\template.php(14): CodeIgniter\View\View->include('shared_page/rig...')
#5 C:\xampp\htdocs\login_v414\vendor\codeigniter4\framework\system\View\View.php(214): include('C:\\xampp\\htdocs...')
#6 C:\xampp\htdocs\login_v414\vendor\codeigniter4\framework\system\View\View.php(217): CodeIgniter\View\View->CodeIgniter\View\{closure}()
#7 C:\xampp\htdocs\login_v414\vendor\codeigniter4\framework\system\View\View.php(230): CodeIgniter\View\View->render('shared_page/tem...', Array, true)
#8 C:\xampp\htdocs\login_v414\vendor\codeigniter4\framework\system\Common.php(1092): CodeIgniter\View\View->render('admin/kelolamen...', Array, true)
#9 C:\xampp\htdocs\login_v414\app\Controllers\Admin\Manmenu.php(23): view('admin/kelolamen...', Array)
#10 C:\xampp\htdocs\login_v414\vendor\codeigniter4\framework\system\CodeIgniter.php(802): App\Controllers\Admin\Manmenu->index()
#11 C:\xampp\htdocs\login_v414\vendor\codeigniter4\framework\system\CodeIgniter.php(399): CodeIgniter\CodeIgniter->runController(Object(App\Controllers\Admin\Manmenu))
#12 C:\xampp\htdocs\login_v414\vendor\codeigniter4\framework\system\CodeIgniter.php(317): CodeIgniter\CodeIgniter->handleRequest(NULL, Object(Config\Cache), false)
#13 C:\xampp\htdocs\login_v414\public\index.php(37): CodeIgniter\CodeIgniter->run()
#14 C:\xampp\htdocs\login_v414\vendor\codeigniter4\framework\system\Commands\Server\rewrite.php(43): require_once('C:\\xampp\\htdocs...')
#15 {main}
CRITICAL - 2021-10-20 03:31:24 --> Undefined variable: session
#0 C:\xampp\htdocs\login_v414\app\Views\shared_page\right_navbar.php(66): CodeIgniter\Debug\Exceptions->errorHandler(8, 'Undefined varia...', 'C:\\xampp\\htdocs...', 66, Array)
#1 C:\xampp\htdocs\login_v414\vendor\codeigniter4\framework\system\View\View.php(214): include('C:\\xampp\\htdocs...')
#2 C:\xampp\htdocs\login_v414\vendor\codeigniter4\framework\system\View\View.php(217): CodeIgniter\View\View->CodeIgniter\View\{closure}()
#3 C:\xampp\htdocs\login_v414\vendor\codeigniter4\framework\system\View\View.php(432): CodeIgniter\View\View->render('shared_page/rig...', NULL, true)
#4 C:\xampp\htdocs\login_v414\app\Views\shared_page\template.php(14): CodeIgniter\View\View->include('shared_page/rig...')
#5 C:\xampp\htdocs\login_v414\vendor\codeigniter4\framework\system\View\View.php(214): include('C:\\xampp\\htdocs...')
#6 C:\xampp\htdocs\login_v414\vendor\codeigniter4\framework\system\View\View.php(217): CodeIgniter\View\View->CodeIgniter\View\{closure}()
#7 C:\xampp\htdocs\login_v414\vendor\codeigniter4\framework\system\View\View.php(230): CodeIgniter\View\View->render('shared_page/tem...', Array, true)
#8 C:\xampp\htdocs\login_v414\vendor\codeigniter4\framework\system\Common.php(1092): CodeIgniter\View\View->render('admin/kelolamen...', Array, true)
#9 C:\xampp\htdocs\login_v414\app\Controllers\Admin\Manmenu.php(23): view('admin/kelolamen...', Array)
#10 C:\xampp\htdocs\login_v414\vendor\codeigniter4\framework\system\CodeIgniter.php(802): App\Controllers\Admin\Manmenu->index()
#11 C:\xampp\htdocs\login_v414\vendor\codeigniter4\framework\system\CodeIgniter.php(399): CodeIgniter\CodeIgniter->runController(Object(App\Controllers\Admin\Manmenu))
#12 C:\xampp\htdocs\login_v414\vendor\codeigniter4\framework\system\CodeIgniter.php(317): CodeIgniter\CodeIgniter->handleRequest(NULL, Object(Config\Cache), false)
#13 C:\xampp\htdocs\login_v414\public\index.php(37): CodeIgniter\CodeIgniter->run()
#14 C:\xampp\htdocs\login_v414\vendor\codeigniter4\framework\system\Commands\Server\rewrite.php(43): require_once('C:\\xampp\\htdocs...')
#15 {main}
CRITICAL - 2021-10-20 03:32:17 --> Undefined variable: session
#0 C:\xampp\htdocs\login_v414\app\Views\shared_page\right_navbar.php(66): CodeIgniter\Debug\Exceptions->errorHandler(8, 'Undefined varia...', 'C:\\xampp\\htdocs...', 66, Array)
#1 C:\xampp\htdocs\login_v414\vendor\codeigniter4\framework\system\View\View.php(214): include('C:\\xampp\\htdocs...')
#2 C:\xampp\htdocs\login_v414\vendor\codeigniter4\framework\system\View\View.php(217): CodeIgniter\View\View->CodeIgniter\View\{closure}()
#3 C:\xampp\htdocs\login_v414\vendor\codeigniter4\framework\system\View\View.php(432): CodeIgniter\View\View->render('shared_page/rig...', NULL, true)
#4 C:\xampp\htdocs\login_v414\app\Views\shared_page\template.php(14): CodeIgniter\View\View->include('shared_page/rig...')
#5 C:\xampp\htdocs\login_v414\vendor\codeigniter4\framework\system\View\View.php(214): include('C:\\xampp\\htdocs...')
#6 C:\xampp\htdocs\login_v414\vendor\codeigniter4\framework\system\View\View.php(217): CodeIgniter\View\View->CodeIgniter\View\{closure}()
#7 C:\xampp\htdocs\login_v414\vendor\codeigniter4\framework\system\View\View.php(230): CodeIgniter\View\View->render('shared_page/tem...', Array, true)
#8 C:\xampp\htdocs\login_v414\vendor\codeigniter4\framework\system\Common.php(1092): CodeIgniter\View\View->render('admin/kelolamen...', Array, true)
#9 C:\xampp\htdocs\login_v414\app\Controllers\Admin\Manmenu.php(23): view('admin/kelolamen...', Array)
#10 C:\xampp\htdocs\login_v414\vendor\codeigniter4\framework\system\CodeIgniter.php(802): App\Controllers\Admin\Manmenu->index()
#11 C:\xampp\htdocs\login_v414\vendor\codeigniter4\framework\system\CodeIgniter.php(399): CodeIgniter\CodeIgniter->runController(Object(App\Controllers\Admin\Manmenu))
#12 C:\xampp\htdocs\login_v414\vendor\codeigniter4\framework\system\CodeIgniter.php(317): CodeIgniter\CodeIgniter->handleRequest(NULL, Object(Config\Cache), false)
#13 C:\xampp\htdocs\login_v414\public\index.php(37): CodeIgniter\CodeIgniter->run()
#14 C:\xampp\htdocs\login_v414\vendor\codeigniter4\framework\system\Commands\Server\rewrite.php(43): require_once('C:\\xampp\\htdocs...')
#15 {main}
CRITICAL - 2021-10-20 03:37:56 --> Undefined variable: session
#0 C:\xampp\htdocs\login_v414\app\Views\shared_page\right_navbar.php(5): CodeIgniter\Debug\Exceptions->errorHandler(8, 'Undefined varia...', 'C:\\xampp\\htdocs...', 5, Array)
#1 C:\xampp\htdocs\login_v414\vendor\codeigniter4\framework\system\View\View.php(214): include('C:\\xampp\\htdocs...')
#2 C:\xampp\htdocs\login_v414\vendor\codeigniter4\framework\system\View\View.php(217): CodeIgniter\View\View->CodeIgniter\View\{closure}()
#3 C:\xampp\htdocs\login_v414\vendor\codeigniter4\framework\system\View\View.php(432): CodeIgniter\View\View->render('shared_page/rig...', NULL, true)
#4 C:\xampp\htdocs\login_v414\app\Views\shared_page\template.php(14): CodeIgniter\View\View->include('shared_page/rig...')
#5 C:\xampp\htdocs\login_v414\vendor\codeigniter4\framework\system\View\View.php(214): include('C:\\xampp\\htdocs...')
#6 C:\xampp\htdocs\login_v414\vendor\codeigniter4\framework\system\View\View.php(217): CodeIgniter\View\View->CodeIgniter\View\{closure}()
#7 C:\xampp\htdocs\login_v414\vendor\codeigniter4\framework\system\View\View.php(230): CodeIgniter\View\View->render('shared_page/tem...', Array, true)
#8 C:\xampp\htdocs\login_v414\vendor\codeigniter4\framework\system\Common.php(1092): CodeIgniter\View\View->render('admin/kelolamen...', Array, true)
#9 C:\xampp\htdocs\login_v414\app\Controllers\Admin\Manmenu.php(23): view('admin/kelolamen...', Array)
#10 C:\xampp\htdocs\login_v414\vendor\codeigniter4\framework\system\CodeIgniter.php(802): App\Controllers\Admin\Manmenu->index()
#11 C:\xampp\htdocs\login_v414\vendor\codeigniter4\framework\system\CodeIgniter.php(399): CodeIgniter\CodeIgniter->runController(Object(App\Controllers\Admin\Manmenu))
#12 C:\xampp\htdocs\login_v414\vendor\codeigniter4\framework\system\CodeIgniter.php(317): CodeIgniter\CodeIgniter->handleRequest(NULL, Object(Config\Cache), false)
#13 C:\xampp\htdocs\login_v414\public\index.php(37): CodeIgniter\CodeIgniter->run()
#14 C:\xampp\htdocs\login_v414\vendor\codeigniter4\framework\system\Commands\Server\rewrite.php(43): require_once('C:\\xampp\\htdocs...')
#15 {main}
CRITICAL - 2021-10-20 03:38:05 --> Undefined variable: session
#0 C:\xampp\htdocs\login_v414\app\Views\shared_page\right_navbar.php(5): CodeIgniter\Debug\Exceptions->errorHandler(8, 'Undefined varia...', 'C:\\xampp\\htdocs...', 5, Array)
#1 C:\xampp\htdocs\login_v414\vendor\codeigniter4\framework\system\View\View.php(214): include('C:\\xampp\\htdocs...')
#2 C:\xampp\htdocs\login_v414\vendor\codeigniter4\framework\system\View\View.php(217): CodeIgniter\View\View->CodeIgniter\View\{closure}()
#3 C:\xampp\htdocs\login_v414\vendor\codeigniter4\framework\system\View\View.php(432): CodeIgniter\View\View->render('shared_page/rig...', NULL, true)
#4 C:\xampp\htdocs\login_v414\app\Views\shared_page\template.php(14): CodeIgniter\View\View->include('shared_page/rig...')
#5 C:\xampp\htdocs\login_v414\vendor\codeigniter4\framework\system\View\View.php(214): include('C:\\xampp\\htdocs...')
#6 C:\xampp\htdocs\login_v414\vendor\codeigniter4\framework\system\View\View.php(217): CodeIgniter\View\View->CodeIgniter\View\{closure}()
#7 C:\xampp\htdocs\login_v414\vendor\codeigniter4\framework\system\View\View.php(230): CodeIgniter\View\View->render('shared_page/tem...', Array, true)
#8 C:\xampp\htdocs\login_v414\vendor\codeigniter4\framework\system\Common.php(1092): CodeIgniter\View\View->render('admin/dashboard', Array, true)
#9 C:\xampp\htdocs\login_v414\app\Controllers\Admin\Dasboard.php(20): view('admin/dashboard', Array)
#10 C:\xampp\htdocs\login_v414\vendor\codeigniter4\framework\system\CodeIgniter.php(802): App\Controllers\Admin\Dasboard->index()
#11 C:\xampp\htdocs\login_v414\vendor\codeigniter4\framework\system\CodeIgniter.php(399): CodeIgniter\CodeIgniter->runController(Object(App\Controllers\Admin\Dasboard))
#12 C:\xampp\htdocs\login_v414\vendor\codeigniter4\framework\system\CodeIgniter.php(317): CodeIgniter\CodeIgniter->handleRequest(NULL, Object(Config\Cache), false)
#13 C:\xampp\htdocs\login_v414\public\index.php(37): CodeIgniter\CodeIgniter->run()
#14 C:\xampp\htdocs\login_v414\vendor\codeigniter4\framework\system\Commands\Server\rewrite.php(43): require_once('C:\\xampp\\htdocs...')
#15 {main}
CRITICAL - 2021-10-20 03:38:06 --> Undefined variable: session
#0 C:\xampp\htdocs\login_v414\app\Views\shared_page\right_navbar.php(5): CodeIgniter\Debug\Exceptions->errorHandler(8, 'Undefined varia...', 'C:\\xampp\\htdocs...', 5, Array)
#1 C:\xampp\htdocs\login_v414\vendor\codeigniter4\framework\system\View\View.php(214): include('C:\\xampp\\htdocs...')
#2 C:\xampp\htdocs\login_v414\vendor\codeigniter4\framework\system\View\View.php(217): CodeIgniter\View\View->CodeIgniter\View\{closure}()
#3 C:\xampp\htdocs\login_v414\vendor\codeigniter4\framework\system\View\View.php(432): CodeIgniter\View\View->render('shared_page/rig...', NULL, true)
#4 C:\xampp\htdocs\login_v414\app\Views\shared_page\template.php(14): CodeIgniter\View\View->include('shared_page/rig...')
#5 C:\xampp\htdocs\login_v414\vendor\codeigniter4\framework\system\View\View.php(214): include('C:\\xampp\\htdocs...')
#6 C:\xampp\htdocs\login_v414\vendor\codeigniter4\framework\system\View\View.php(217): CodeIgniter\View\View->CodeIgniter\View\{closure}()
#7 C:\xampp\htdocs\login_v414\vendor\codeigniter4\framework\system\View\View.php(230): CodeIgniter\View\View->render('shared_page/tem...', Array, true)
#8 C:\xampp\htdocs\login_v414\vendor\codeigniter4\framework\system\Common.php(1092): CodeIgniter\View\View->render('supervisor/hala...', Array, true)
#9 C:\xampp\htdocs\login_v414\app\Controllers\Supervisor\Home.php(20): view('supervisor/hala...', Array)
#10 C:\xampp\htdocs\login_v414\vendor\codeigniter4\framework\system\CodeIgniter.php(802): App\Controllers\Supervisor\Home->index()
#11 C:\xampp\htdocs\login_v414\vendor\codeigniter4\framework\system\CodeIgniter.php(399): CodeIgniter\CodeIgniter->runController(Object(App\Controllers\Supervisor\Home))
#12 C:\xampp\htdocs\login_v414\vendor\codeigniter4\framework\system\CodeIgniter.php(317): CodeIgniter\CodeIgniter->handleRequest(NULL, Object(Config\Cache), false)
#13 C:\xampp\htdocs\login_v414\public\index.php(37): CodeIgniter\CodeIgniter->run()
#14 C:\xampp\htdocs\login_v414\vendor\codeigniter4\framework\system\Commands\Server\rewrite.php(43): require_once('C:\\xampp\\htdocs...')
#15 {main}
CRITICAL - 2021-10-20 03:39:31 --> Undefined variable: session
#0 C:\xampp\htdocs\login_v414\app\Views\shared_page\right_navbar.php(5): CodeIgniter\Debug\Exceptions->errorHandler(8, 'Undefined varia...', 'C:\\xampp\\htdocs...', 5, Array)
#1 C:\xampp\htdocs\login_v414\vendor\codeigniter4\framework\system\View\View.php(214): include('C:\\xampp\\htdocs...')
#2 C:\xampp\htdocs\login_v414\vendor\codeigniter4\framework\system\View\View.php(217): CodeIgniter\View\View->CodeIgniter\View\{closure}()
#3 C:\xampp\htdocs\login_v414\vendor\codeigniter4\framework\system\View\View.php(432): CodeIgniter\View\View->render('shared_page/rig...', NULL, true)
#4 C:\xampp\htdocs\login_v414\app\Views\shared_page\template.php(14): CodeIgniter\View\View->include('shared_page/rig...')
#5 C:\xampp\htdocs\login_v414\vendor\codeigniter4\framework\system\View\View.php(214): include('C:\\xampp\\htdocs...')
#6 C:\xampp\htdocs\login_v414\vendor\codeigniter4\framework\system\View\View.php(217): CodeIgniter\View\View->CodeIgniter\View\{closure}()
#7 C:\xampp\htdocs\login_v414\vendor\codeigniter4\framework\system\View\View.php(230): CodeIgniter\View\View->render('shared_page/tem...', Array, true)
#8 C:\xampp\htdocs\login_v414\vendor\codeigniter4\framework\system\Common.php(1092): CodeIgniter\View\View->render('supervisor/hala...', Array, true)
#9 C:\xampp\htdocs\login_v414\app\Controllers\Supervisor\Home.php(20): view('supervisor/hala...', Array)
#10 C:\xampp\htdocs\login_v414\vendor\codeigniter4\framework\system\CodeIgniter.php(802): App\Controllers\Supervisor\Home->index()
#11 C:\xampp\htdocs\login_v414\vendor\codeigniter4\framework\system\CodeIgniter.php(399): CodeIgniter\CodeIgniter->runController(Object(App\Controllers\Supervisor\Home))
#12 C:\xampp\htdocs\login_v414\vendor\codeigniter4\framework\system\CodeIgniter.php(317): CodeIgniter\CodeIgniter->handleRequest(NULL, Object(Config\Cache), false)
#13 C:\xampp\htdocs\login_v414\public\index.php(37): CodeIgniter\CodeIgniter->run()
#14 C:\xampp\htdocs\login_v414\vendor\codeigniter4\framework\system\Commands\Server\rewrite.php(43): require_once('C:\\xampp\\htdocs...')
#15 {main}
CRITICAL - 2021-10-20 08:35:51 --> Invalid file: shared_page/alert_danger.php
#0 C:\xampp\htdocs\login_v414\vendor\codeigniter4\framework\system\View\View.php(198): CodeIgniter\Exceptions\FrameworkException::forInvalidFile('shared_page/ale...')
#1 C:\xampp\htdocs\login_v414\vendor\codeigniter4\framework\system\View\View.php(432): CodeIgniter\View\View->render('shared_page/ale...', NULL, true)
#2 C:\xampp\htdocs\login_v414\app\Views\user\login.php(12): CodeIgniter\View\View->include('shared_page/ale...')
#3 C:\xampp\htdocs\login_v414\vendor\codeigniter4\framework\system\View\View.php(214): include('C:\\xampp\\htdocs...')
#4 C:\xampp\htdocs\login_v414\vendor\codeigniter4\framework\system\View\View.php(217): CodeIgniter\View\View->CodeIgniter\View\{closure}()
#5 C:\xampp\htdocs\login_v414\vendor\codeigniter4\framework\system\Common.php(1092): CodeIgniter\View\View->render('/user/login', Array, true)
#6 C:\xampp\htdocs\login_v414\app\Controllers\User\Login.php(24): view('/user/login', Array)
#7 C:\xampp\htdocs\login_v414\vendor\codeigniter4\framework\system\CodeIgniter.php(802): App\Controllers\User\Login->index()
#8 C:\xampp\htdocs\login_v414\vendor\codeigniter4\framework\system\CodeIgniter.php(399): CodeIgniter\CodeIgniter->runController(Object(App\Controllers\User\Login))
#9 C:\xampp\htdocs\login_v414\vendor\codeigniter4\framework\system\CodeIgniter.php(317): CodeIgniter\CodeIgniter->handleRequest(NULL, Object(Config\Cache), false)
#10 C:\xampp\htdocs\login_v414\public\index.php(37): CodeIgniter\CodeIgniter->run()
#11 C:\xampp\htdocs\login_v414\vendor\codeigniter4\framework\system\Commands\Server\rewrite.php(43): require_once('C:\\xampp\\htdocs...')
#12 {main}
CRITICAL - 2021-10-20 08:58:19 --> required}min_length is not a valid rule.
#0 C:\xampp\htdocs\login_v414\vendor\codeigniter4\framework\system\Validation\Validation.php(285): CodeIgniter\Validation\Exceptions\ValidationException::forRuleNotFound('required}min_le...')
#1 C:\xampp\htdocs\login_v414\vendor\codeigniter4\framework\system\Validation\Validation.php(151): CodeIgniter\Validation\Validation->processRules('password', 'password', 'admin', Array, Array)
#2 C:\xampp\htdocs\login_v414\vendor\codeigniter4\framework\system\Controller.php(160): CodeIgniter\Validation\Validation->run()
#3 C:\xampp\htdocs\login_v414\app\Controllers\User\Login.php(40): CodeIgniter\Controller->validate(Array)
#4 C:\xampp\htdocs\login_v414\vendor\codeigniter4\framework\system\CodeIgniter.php(802): App\Controllers\User\Login->ceklogin()
#5 C:\xampp\htdocs\login_v414\vendor\codeigniter4\framework\system\CodeIgniter.php(399): CodeIgniter\CodeIgniter->runController(Object(App\Controllers\User\Login))
#6 C:\xampp\htdocs\login_v414\vendor\codeigniter4\framework\system\CodeIgniter.php(317): CodeIgniter\CodeIgniter->handleRequest(NULL, Object(Config\Cache), false)
#7 C:\xampp\htdocs\login_v414\public\index.php(37): CodeIgniter\CodeIgniter->run()
#8 C:\xampp\htdocs\login_v414\vendor\codeigniter4\framework\system\Commands\Server\rewrite.php(43): require_once('C:\\xampp\\htdocs...')
#9 {main}
