CRITICAL - 2025-04-08 11:04:45 --> Undefined index: dipa
#0 C:\xampp7\htdocs\try\app\Controllers\Pengadaan.php(129): CodeIgniter\Debug\Exceptions->errorHandler(8, 'Undefined index...', 'C:\\xampp7\\htdoc...', 129, Array)
#1 C:\xampp7\htdocs\try\vendor\codeigniter4\framework\system\CodeIgniter.php(802): App\Controllers\Pengadaan->filterByTahun()
#2 C:\xampp7\htdocs\try\vendor\codeigniter4\framework\system\CodeIgniter.php(399): CodeIgniter\CodeIgniter->runController(Object(App\Controllers\Pengadaan))
#3 C:\xampp7\htdocs\try\vendor\codeigniter4\framework\system\CodeIgniter.php(317): CodeIgniter\CodeIgniter->handleRequest(NULL, Object(Config\Cache), false)
#4 C:\xampp7\htdocs\try\public\index.php(37): CodeIgniter\CodeIgniter->run()
#5 C:\xampp7\htdocs\try\vendor\codeigniter4\framework\system\Commands\Server\rewrite.php(43): require_once('C:\\xampp7\\htdoc...')
#6 {main}
ERROR - 2025-04-08 11:19:01 --> Table 'try.pl' doesn't exist
ERROR - 2025-04-08 11:19:18 --> Table 'try.pl' doesn't exist
ERROR - 2025-04-08 11:19:26 --> Table 'try.pl' doesn't exist
ERROR - 2025-04-08 13:11:15 --> Table 'try.swakelola' doesn't exist
CRITICAL - 2025-04-08 13:15:41 --> Undefined index: dipa
#0 C:\xampp7\htdocs\try\app\Controllers\Pengadaan.php(129): CodeIgniter\Debug\Exceptions->errorHandler(8, 'Undefined index...', 'C:\\xampp7\\htdoc...', 129, Array)
#1 C:\xampp7\htdocs\try\vendor\codeigniter4\framework\system\CodeIgniter.php(802): App\Controllers\Pengadaan->filterByTahun()
#2 C:\xampp7\htdocs\try\vendor\codeigniter4\framework\system\CodeIgniter.php(399): CodeIgniter\CodeIgniter->runController(Object(App\Controllers\Pengadaan))
#3 C:\xampp7\htdocs\try\vendor\codeigniter4\framework\system\CodeIgniter.php(317): CodeIgniter\CodeIgniter->handleRequest(NULL, Object(Config\Cache), false)
#4 C:\xampp7\htdocs\try\public\index.php(37): CodeIgniter\CodeIgniter->run()
#5 C:\xampp7\htdocs\try\vendor\codeigniter4\framework\system\Commands\Server\rewrite.php(43): require_once('C:\\xampp7\\htdoc...')
#6 {main}
ERROR - 2025-04-08 13:15:58 --> Table 'try.pl' doesn't exist
ERROR - 2025-04-08 14:21:34 --> Table 'try.pl' doesn't exist
ERROR - 2025-04-08 14:21:53 --> Table 'try.pl' doesn't exist
ERROR - 2025-04-08 14:22:57 --> Table 'try.pl' doesn't exist
ERROR - 2025-04-08 14:25:49 --> Table 'try.pl' doesn't exist
ERROR - 2025-04-08 14:27:37 --> Table 'try.pl' doesn't exist
