CRITICAL - 2022-01-03 03:18:27 --> Invalid file: shared_page/lib_datatabel.php
#0 D:\project\login_ajax_lte\vendor\codeigniter4\framework\system\View\View.php(198): CodeIgniter\Exceptions\FrameworkException::forInvalidFile('shared_page/lib...')
#1 D:\project\login_ajax_lte\vendor\codeigniter4\framework\system\View\View.php(432): CodeIgniter\View\View->render('shared_page/lib...', NULL, true)
#2 D:\project\login_ajax_lte\app\Views\tabel\level.php(30): CodeIgniter\View\View->include('shared_page/lib...')
#3 D:\project\login_ajax_lte\vendor\codeigniter4\framework\system\View\View.php(214): include('D:\\project\\logi...')
#4 D:\project\login_ajax_lte\vendor\codeigniter4\framework\system\View\View.php(217): CodeIgniter\View\View->CodeIgniter\View\{closure}()
#5 D:\project\login_ajax_lte\vendor\codeigniter4\framework\system\Common.php(1092): CodeIgniter\View\View->render('tabel/level', Array, true)
#6 D:\project\login_ajax_lte\app\Controllers\Admin\Manlevel.php(31): view('tabel/level', Array)
#7 D:\project\login_ajax_lte\vendor\codeigniter4\framework\system\CodeIgniter.php(802): App\Controllers\Admin\Manlevel->dtlevel()
#8 D:\project\login_ajax_lte\vendor\codeigniter4\framework\system\CodeIgniter.php(399): CodeIgniter\CodeIgniter->runController(Object(App\Controllers\Admin\Manlevel))
#9 D:\project\login_ajax_lte\vendor\codeigniter4\framework\system\CodeIgniter.php(317): CodeIgniter\CodeIgniter->handleRequest(NULL, Object(Config\Cache), false)
#10 D:\project\login_ajax_lte\public\index.php(37): CodeIgniter\CodeIgniter->run()
#11 D:\project\login_ajax_lte\vendor\codeigniter4\framework\system\Commands\Server\rewrite.php(43): require_once('D:\\project\\logi...')
#12 {main}
CRITICAL - 2022-01-03 03:18:29 --> Invalid file: shared_page/lib_datatabel.php
#0 D:\project\login_ajax_lte\vendor\codeigniter4\framework\system\View\View.php(198): CodeIgniter\Exceptions\FrameworkException::forInvalidFile('shared_page/lib...')
#1 D:\project\login_ajax_lte\vendor\codeigniter4\framework\system\View\View.php(432): CodeIgniter\View\View->render('shared_page/lib...', NULL, true)
#2 D:\project\login_ajax_lte\app\Views\tabel\level.php(30): CodeIgniter\View\View->include('shared_page/lib...')
#3 D:\project\login_ajax_lte\vendor\codeigniter4\framework\system\View\View.php(214): include('D:\\project\\logi...')
#4 D:\project\login_ajax_lte\vendor\codeigniter4\framework\system\View\View.php(217): CodeIgniter\View\View->CodeIgniter\View\{closure}()
#5 D:\project\login_ajax_lte\vendor\codeigniter4\framework\system\Common.php(1092): CodeIgniter\View\View->render('tabel/level', Array, true)
#6 D:\project\login_ajax_lte\app\Controllers\Admin\Manlevel.php(31): view('tabel/level', Array)
#7 D:\project\login_ajax_lte\vendor\codeigniter4\framework\system\CodeIgniter.php(802): App\Controllers\Admin\Manlevel->dtlevel()
#8 D:\project\login_ajax_lte\vendor\codeigniter4\framework\system\CodeIgniter.php(399): CodeIgniter\CodeIgniter->runController(Object(App\Controllers\Admin\Manlevel))
#9 D:\project\login_ajax_lte\vendor\codeigniter4\framework\system\CodeIgniter.php(317): CodeIgniter\CodeIgniter->handleRequest(NULL, Object(Config\Cache), false)
#10 D:\project\login_ajax_lte\public\index.php(37): CodeIgniter\CodeIgniter->run()
#11 D:\project\login_ajax_lte\vendor\codeigniter4\framework\system\Commands\Server\rewrite.php(43): require_once('D:\\project\\logi...')
#12 {main}
CRITICAL - 2022-01-03 03:18:31 --> Invalid file: shared_page/lib_datatabel.php
#0 D:\project\login_ajax_lte\vendor\codeigniter4\framework\system\View\View.php(198): CodeIgniter\Exceptions\FrameworkException::forInvalidFile('shared_page/lib...')
#1 D:\project\login_ajax_lte\vendor\codeigniter4\framework\system\View\View.php(432): CodeIgniter\View\View->render('shared_page/lib...', NULL, true)
#2 D:\project\login_ajax_lte\app\Views\tabel\level.php(30): CodeIgniter\View\View->include('shared_page/lib...')
#3 D:\project\login_ajax_lte\vendor\codeigniter4\framework\system\View\View.php(214): include('D:\\project\\logi...')
#4 D:\project\login_ajax_lte\vendor\codeigniter4\framework\system\View\View.php(217): CodeIgniter\View\View->CodeIgniter\View\{closure}()
#5 D:\project\login_ajax_lte\vendor\codeigniter4\framework\system\Common.php(1092): CodeIgniter\View\View->render('tabel/level', Array, true)
#6 D:\project\login_ajax_lte\app\Controllers\Admin\Manlevel.php(31): view('tabel/level', Array)
#7 D:\project\login_ajax_lte\vendor\codeigniter4\framework\system\CodeIgniter.php(802): App\Controllers\Admin\Manlevel->dtlevel()
#8 D:\project\login_ajax_lte\vendor\codeigniter4\framework\system\CodeIgniter.php(399): CodeIgniter\CodeIgniter->runController(Object(App\Controllers\Admin\Manlevel))
#9 D:\project\login_ajax_lte\vendor\codeigniter4\framework\system\CodeIgniter.php(317): CodeIgniter\CodeIgniter->handleRequest(NULL, Object(Config\Cache), false)
#10 D:\project\login_ajax_lte\public\index.php(37): CodeIgniter\CodeIgniter->run()
#11 D:\project\login_ajax_lte\vendor\codeigniter4\framework\system\Commands\Server\rewrite.php(43): require_once('D:\\project\\logi...')
#12 {main}
CRITICAL - 2022-01-03 03:18:34 --> Invalid file: shared_page/lib_datatabel.php
#0 D:\project\login_ajax_lte\vendor\codeigniter4\framework\system\View\View.php(198): CodeIgniter\Exceptions\FrameworkException::forInvalidFile('shared_page/lib...')
#1 D:\project\login_ajax_lte\vendor\codeigniter4\framework\system\View\View.php(432): CodeIgniter\View\View->render('shared_page/lib...', NULL, true)
#2 D:\project\login_ajax_lte\app\Views\tabel\level.php(30): CodeIgniter\View\View->include('shared_page/lib...')
#3 D:\project\login_ajax_lte\vendor\codeigniter4\framework\system\View\View.php(214): include('D:\\project\\logi...')
#4 D:\project\login_ajax_lte\vendor\codeigniter4\framework\system\View\View.php(217): CodeIgniter\View\View->CodeIgniter\View\{closure}()
#5 D:\project\login_ajax_lte\vendor\codeigniter4\framework\system\Common.php(1092): CodeIgniter\View\View->render('tabel/level', Array, true)
#6 D:\project\login_ajax_lte\app\Controllers\Admin\Manlevel.php(31): view('tabel/level', Array)
#7 D:\project\login_ajax_lte\vendor\codeigniter4\framework\system\CodeIgniter.php(802): App\Controllers\Admin\Manlevel->dtlevel()
#8 D:\project\login_ajax_lte\vendor\codeigniter4\framework\system\CodeIgniter.php(399): CodeIgniter\CodeIgniter->runController(Object(App\Controllers\Admin\Manlevel))
#9 D:\project\login_ajax_lte\vendor\codeigniter4\framework\system\CodeIgniter.php(317): CodeIgniter\CodeIgniter->handleRequest(NULL, Object(Config\Cache), false)
#10 D:\project\login_ajax_lte\public\index.php(37): CodeIgniter\CodeIgniter->run()
#11 D:\project\login_ajax_lte\vendor\codeigniter4\framework\system\Commands\Server\rewrite.php(43): require_once('D:\\project\\logi...')
#12 {main}
CRITICAL - 2022-01-03 03:18:42 --> Invalid file: shared_page/lib_datatabel.php
#0 D:\project\login_ajax_lte\vendor\codeigniter4\framework\system\View\View.php(198): CodeIgniter\Exceptions\FrameworkException::forInvalidFile('shared_page/lib...')
#1 D:\project\login_ajax_lte\vendor\codeigniter4\framework\system\View\View.php(432): CodeIgniter\View\View->render('shared_page/lib...', NULL, true)
#2 D:\project\login_ajax_lte\app\Views\tabel\level.php(30): CodeIgniter\View\View->include('shared_page/lib...')
#3 D:\project\login_ajax_lte\vendor\codeigniter4\framework\system\View\View.php(214): include('D:\\project\\logi...')
#4 D:\project\login_ajax_lte\vendor\codeigniter4\framework\system\View\View.php(217): CodeIgniter\View\View->CodeIgniter\View\{closure}()
#5 D:\project\login_ajax_lte\vendor\codeigniter4\framework\system\Common.php(1092): CodeIgniter\View\View->render('tabel/level', Array, true)
#6 D:\project\login_ajax_lte\app\Controllers\Admin\Manlevel.php(31): view('tabel/level', Array)
#7 D:\project\login_ajax_lte\vendor\codeigniter4\framework\system\CodeIgniter.php(802): App\Controllers\Admin\Manlevel->dtlevel()
#8 D:\project\login_ajax_lte\vendor\codeigniter4\framework\system\CodeIgniter.php(399): CodeIgniter\CodeIgniter->runController(Object(App\Controllers\Admin\Manlevel))
#9 D:\project\login_ajax_lte\vendor\codeigniter4\framework\system\CodeIgniter.php(317): CodeIgniter\CodeIgniter->handleRequest(NULL, Object(Config\Cache), false)
#10 D:\project\login_ajax_lte\public\index.php(37): CodeIgniter\CodeIgniter->run()
#11 D:\project\login_ajax_lte\vendor\codeigniter4\framework\system\Commands\Server\rewrite.php(43): require_once('D:\\project\\logi...')
#12 {main}
CRITICAL - 2022-01-03 03:18:47 --> Invalid file: shared_page/lib_datatabel.php
#0 D:\project\login_ajax_lte\vendor\codeigniter4\framework\system\View\View.php(198): CodeIgniter\Exceptions\FrameworkException::forInvalidFile('shared_page/lib...')
#1 D:\project\login_ajax_lte\vendor\codeigniter4\framework\system\View\View.php(432): CodeIgniter\View\View->render('shared_page/lib...', NULL, true)
#2 D:\project\login_ajax_lte\app\Views\tabel\level.php(30): CodeIgniter\View\View->include('shared_page/lib...')
#3 D:\project\login_ajax_lte\vendor\codeigniter4\framework\system\View\View.php(214): include('D:\\project\\logi...')
#4 D:\project\login_ajax_lte\vendor\codeigniter4\framework\system\View\View.php(217): CodeIgniter\View\View->CodeIgniter\View\{closure}()
#5 D:\project\login_ajax_lte\vendor\codeigniter4\framework\system\Common.php(1092): CodeIgniter\View\View->render('tabel/level', Array, true)
#6 D:\project\login_ajax_lte\app\Controllers\Admin\Manlevel.php(31): view('tabel/level', Array)
#7 D:\project\login_ajax_lte\vendor\codeigniter4\framework\system\CodeIgniter.php(802): App\Controllers\Admin\Manlevel->dtlevel()
#8 D:\project\login_ajax_lte\vendor\codeigniter4\framework\system\CodeIgniter.php(399): CodeIgniter\CodeIgniter->runController(Object(App\Controllers\Admin\Manlevel))
#9 D:\project\login_ajax_lte\vendor\codeigniter4\framework\system\CodeIgniter.php(317): CodeIgniter\CodeIgniter->handleRequest(NULL, Object(Config\Cache), false)
#10 D:\project\login_ajax_lte\public\index.php(37): CodeIgniter\CodeIgniter->run()
#11 D:\project\login_ajax_lte\vendor\codeigniter4\framework\system\Commands\Server\rewrite.php(43): require_once('D:\\project\\logi...')
#12 {main}
CRITICAL - 2022-01-03 03:18:49 --> Invalid file: shared_page/lib_datatabel.php
#0 D:\project\login_ajax_lte\vendor\codeigniter4\framework\system\View\View.php(198): CodeIgniter\Exceptions\FrameworkException::forInvalidFile('shared_page/lib...')
#1 D:\project\login_ajax_lte\vendor\codeigniter4\framework\system\View\View.php(432): CodeIgniter\View\View->render('shared_page/lib...', NULL, true)
#2 D:\project\login_ajax_lte\app\Views\tabel\user.php(59): CodeIgniter\View\View->include('shared_page/lib...')
#3 D:\project\login_ajax_lte\vendor\codeigniter4\framework\system\View\View.php(214): include('D:\\project\\logi...')
#4 D:\project\login_ajax_lte\vendor\codeigniter4\framework\system\View\View.php(217): CodeIgniter\View\View->CodeIgniter\View\{closure}()
#5 D:\project\login_ajax_lte\vendor\codeigniter4\framework\system\Common.php(1092): CodeIgniter\View\View->render('tabel/user', Array, true)
#6 D:\project\login_ajax_lte\app\Controllers\Admin\Manuser.php(33): view('tabel/user', Array)
#7 D:\project\login_ajax_lte\vendor\codeigniter4\framework\system\CodeIgniter.php(802): App\Controllers\Admin\Manuser->dtuser()
#8 D:\project\login_ajax_lte\vendor\codeigniter4\framework\system\CodeIgniter.php(399): CodeIgniter\CodeIgniter->runController(Object(App\Controllers\Admin\Manuser))
#9 D:\project\login_ajax_lte\vendor\codeigniter4\framework\system\CodeIgniter.php(317): CodeIgniter\CodeIgniter->handleRequest(NULL, Object(Config\Cache), false)
#10 D:\project\login_ajax_lte\public\index.php(37): CodeIgniter\CodeIgniter->run()
#11 D:\project\login_ajax_lte\vendor\codeigniter4\framework\system\Commands\Server\rewrite.php(43): require_once('D:\\project\\logi...')
#12 {main}
CRITICAL - 2022-01-03 03:18:51 --> Invalid file: shared_page/lib_datatabel.php
#0 D:\project\login_ajax_lte\vendor\codeigniter4\framework\system\View\View.php(198): CodeIgniter\Exceptions\FrameworkException::forInvalidFile('shared_page/lib...')
#1 D:\project\login_ajax_lte\vendor\codeigniter4\framework\system\View\View.php(432): CodeIgniter\View\View->render('shared_page/lib...', NULL, true)
#2 D:\project\login_ajax_lte\app\Views\tabel\user.php(59): CodeIgniter\View\View->include('shared_page/lib...')
#3 D:\project\login_ajax_lte\vendor\codeigniter4\framework\system\View\View.php(214): include('D:\\project\\logi...')
#4 D:\project\login_ajax_lte\vendor\codeigniter4\framework\system\View\View.php(217): CodeIgniter\View\View->CodeIgniter\View\{closure}()
#5 D:\project\login_ajax_lte\vendor\codeigniter4\framework\system\Common.php(1092): CodeIgniter\View\View->render('tabel/user', Array, true)
#6 D:\project\login_ajax_lte\app\Controllers\Admin\Manuser.php(33): view('tabel/user', Array)
#7 D:\project\login_ajax_lte\vendor\codeigniter4\framework\system\CodeIgniter.php(802): App\Controllers\Admin\Manuser->dtuser()
#8 D:\project\login_ajax_lte\vendor\codeigniter4\framework\system\CodeIgniter.php(399): CodeIgniter\CodeIgniter->runController(Object(App\Controllers\Admin\Manuser))
#9 D:\project\login_ajax_lte\vendor\codeigniter4\framework\system\CodeIgniter.php(317): CodeIgniter\CodeIgniter->handleRequest(NULL, Object(Config\Cache), false)
#10 D:\project\login_ajax_lte\public\index.php(37): CodeIgniter\CodeIgniter->run()
#11 D:\project\login_ajax_lte\vendor\codeigniter4\framework\system\Commands\Server\rewrite.php(43): require_once('D:\\project\\logi...')
#12 {main}
CRITICAL - 2022-01-03 03:22:34 --> Invalid file: shared_page/lib_datatabel.php
#0 D:\project\login_ajax_lte\vendor\codeigniter4\framework\system\View\View.php(198): CodeIgniter\Exceptions\FrameworkException::forInvalidFile('shared_page/lib...')
#1 D:\project\login_ajax_lte\vendor\codeigniter4\framework\system\View\View.php(432): CodeIgniter\View\View->render('shared_page/lib...', NULL, true)
#2 D:\project\login_ajax_lte\app\Views\tabel\user.php(59): CodeIgniter\View\View->include('shared_page/lib...')
#3 D:\project\login_ajax_lte\vendor\codeigniter4\framework\system\View\View.php(214): include('D:\\project\\logi...')
#4 D:\project\login_ajax_lte\vendor\codeigniter4\framework\system\View\View.php(217): CodeIgniter\View\View->CodeIgniter\View\{closure}()
#5 D:\project\login_ajax_lte\vendor\codeigniter4\framework\system\Common.php(1092): CodeIgniter\View\View->render('tabel/user', Array, true)
#6 D:\project\login_ajax_lte\app\Controllers\Admin\Manuser.php(33): view('tabel/user', Array)
#7 D:\project\login_ajax_lte\vendor\codeigniter4\framework\system\CodeIgniter.php(802): App\Controllers\Admin\Manuser->dtuser()
#8 D:\project\login_ajax_lte\vendor\codeigniter4\framework\system\CodeIgniter.php(399): CodeIgniter\CodeIgniter->runController(Object(App\Controllers\Admin\Manuser))
#9 D:\project\login_ajax_lte\vendor\codeigniter4\framework\system\CodeIgniter.php(317): CodeIgniter\CodeIgniter->handleRequest(NULL, Object(Config\Cache), false)
#10 D:\project\login_ajax_lte\public\index.php(37): CodeIgniter\CodeIgniter->run()
#11 D:\project\login_ajax_lte\vendor\codeigniter4\framework\system\Commands\Server\rewrite.php(43): require_once('D:\\project\\logi...')
#12 {main}
CRITICAL - 2022-01-03 03:22:34 --> Invalid file: shared_page/lib_datatabel.php
#0 D:\project\login_ajax_lte\vendor\codeigniter4\framework\system\View\View.php(198): CodeIgniter\Exceptions\FrameworkException::forInvalidFile('shared_page/lib...')
#1 D:\project\login_ajax_lte\vendor\codeigniter4\framework\system\View\View.php(432): CodeIgniter\View\View->render('shared_page/lib...', NULL, true)
#2 D:\project\login_ajax_lte\app\Views\tabel\user.php(59): CodeIgniter\View\View->include('shared_page/lib...')
#3 D:\project\login_ajax_lte\vendor\codeigniter4\framework\system\View\View.php(214): include('D:\\project\\logi...')
#4 D:\project\login_ajax_lte\vendor\codeigniter4\framework\system\View\View.php(217): CodeIgniter\View\View->CodeIgniter\View\{closure}()
#5 D:\project\login_ajax_lte\vendor\codeigniter4\framework\system\Common.php(1092): CodeIgniter\View\View->render('tabel/user', Array, true)
#6 D:\project\login_ajax_lte\app\Controllers\Admin\Manuser.php(33): view('tabel/user', Array)
#7 D:\project\login_ajax_lte\vendor\codeigniter4\framework\system\CodeIgniter.php(802): App\Controllers\Admin\Manuser->dtuser()
#8 D:\project\login_ajax_lte\vendor\codeigniter4\framework\system\CodeIgniter.php(399): CodeIgniter\CodeIgniter->runController(Object(App\Controllers\Admin\Manuser))
#9 D:\project\login_ajax_lte\vendor\codeigniter4\framework\system\CodeIgniter.php(317): CodeIgniter\CodeIgniter->handleRequest(NULL, Object(Config\Cache), false)
#10 D:\project\login_ajax_lte\public\index.php(37): CodeIgniter\CodeIgniter->run()
#11 D:\project\login_ajax_lte\vendor\codeigniter4\framework\system\Commands\Server\rewrite.php(43): require_once('D:\\project\\logi...')
#12 {main}
